2023-07-16 19:47:03.350 [info] Validating found git in: git
2023-07-16 19:47:03.350 [info] Using git 2.41.0 from git
2023-07-16 19:47:03.350 [info] > git rev-parse --show-toplevel [1ms]
2023-07-16 19:47:03.350 [info] > git rev-parse --git-dir --git-common-dir [1ms]
2023-07-16 19:47:03.350 [info] Log level: Info
2023-07-16 19:47:03.350 [info] Open repository: /home/n30/.dotfiles
2023-07-16 19:47:03.350 [info] > git status -z -uall [11ms]
2023-07-16 19:47:03.350 [info] > git remote --verbose [13ms]
2023-07-16 19:47:03.350 [info] > git for-each-ref --sort -committerdate --format %(refname) %(objectname) %(*objectname) [16ms]
2023-07-16 19:47:03.350 [info] > git config --get commit.template [11ms]
2023-07-16 19:47:03.350 [info] > git rev-parse --show-toplevel [13ms]
2023-07-16 19:47:03.350 [info] > git rev-parse --show-toplevel [20ms]
2023-07-16 19:47:03.350 [info] > git rev-parse --show-toplevel [70ms]
2023-07-16 19:47:03.350 [info] > git for-each-ref --format=%(refname)%00%(upstream:short)%00%(objectname)%00%(upstream:track)%00%(upstream:remotename)%00%(upstream:remoteref) refs/heads/master refs/remotes/master [87ms]
2023-07-16 19:47:03.350 [info] > git status -z -uall [24ms]
2023-07-16 19:47:03.350 [info] > git remote --verbose [26ms]
2023-07-16 19:47:03.350 [info] > git for-each-ref --sort -committerdate --format %(refname) %(objectname) %(*objectname) [28ms]
2023-07-16 19:47:03.350 [info] > git rev-parse --show-toplevel [32ms]
2023-07-16 19:47:03.350 [info] > git config --get commit.template [24ms]
2023-07-16 19:47:03.350 [info] > git rev-parse --show-toplevel [7ms]
2023-07-16 19:47:03.362 [info] > git for-each-ref --format=%(refname)%00%(upstream:short)%00%(objectname)%00%(upstream:track)%00%(upstream:remotename)%00%(upstream:remoteref) refs/heads/master refs/remotes/master [13ms]
2023-07-16 19:47:03.363 [info] > git rev-parse --show-toplevel [17ms]
2023-07-16 19:47:03.414 [info] > git rev-parse --show-toplevel [48ms]
2023-07-16 19:47:03.418 [info] > git rev-parse --show-toplevel [1ms]
2023-07-16 19:47:03.421 [info] > git rev-parse --show-toplevel [1ms]
2023-07-16 19:47:03.451 [info] > git rev-parse --show-toplevel [27ms]
2023-07-16 19:47:03.454 [info] > git rev-parse --show-toplevel [0ms]
2023-07-16 19:47:03.460 [info] > git rev-parse --show-toplevel [3ms]
2023-07-16 19:47:03.465 [info] > git rev-parse --show-toplevel [3ms]
2023-07-16 19:47:03.474 [info] > git rev-parse --show-toplevel [6ms]
2023-07-16 19:47:03.477 [info] > git rev-parse --show-toplevel [1ms]
2023-07-16 19:47:03.486 [info] > git rev-parse --show-toplevel [6ms]
2023-07-16 19:47:03.490 [info] > git rev-parse --show-toplevel [1ms]
2023-07-16 19:47:03.493 [info] > git rev-parse --show-toplevel [0ms]
2023-07-16 19:47:03.682 [info] > git show --textconv :wiki-wayland-0.9beta.md [3ms]
2023-07-16 19:47:03.682 [info] > git ls-files --stage -- /home/n30/.dotfiles/wiki-wayland-0.9beta.md [1ms]
2023-07-16 19:47:03.685 [info] > git cat-file -s fb22febe0606b38b3d16e077835f2a77ecb61da0 [1ms]
2023-07-16 19:47:03.717 [info] > git check-ignore -v -z --stdin [1ms]
2023-07-16 19:47:28.557 [info] > git status -z -uall [4ms]
2023-07-16 19:47:28.557 [info] > git remote --verbose [9ms]
2023-07-16 19:47:28.557 [info] > git for-each-ref --sort -committerdate --format %(refname) %(objectname) %(*objectname) [12ms]
2023-07-16 19:47:28.558 [info] > git config --get commit.template [2ms]
2023-07-16 19:47:28.562 [info] > git for-each-ref --format=%(refname)%00%(upstream:short)%00%(objectname)%00%(upstream:track)%00%(upstream:remotename)%00%(upstream:remoteref) refs/heads/master refs/remotes/master [0ms]
2023-07-16 14:01:21.794 [info] > git remote --verbose [6ms]
2023-07-16 14:01:21.794 [info] > git for-each-ref --sort -committerdate --format %(refname) %(objectname) %(*objectname) [10ms]
2023-07-16 14:01:21.794 [info] > git config --get commit.template [1ms]
2023-07-16 14:01:21.798 [info] > git for-each-ref --format=%(refname)%00%(upstream:short)%00%(objectname)%00%(upstream:track)%00%(upstream:remotename)%00%(upstream:remoteref) refs/heads/master refs/remotes/master [1ms]
2023-07-16 14:01:21.801 [info] > git status -z -uall [11ms]
2023-07-16 14:23:52.575 [info] > git status -z -uall [5ms]
2023-07-16 14:23:52.575 [info] > git remote --verbose [7ms]
2023-07-16 14:23:52.575 [info] > git for-each-ref --sort -committerdate --format %(refname) %(objectname) %(*objectname) [10ms]
2023-07-16 14:23:52.576 [info] > git config --get commit.template [2ms]
2023-07-16 14:23:52.579 [info] > git for-each-ref --format=%(refname)%00%(upstream:short)%00%(objectname)%00%(upstream:track)%00%(upstream:remotename)%00%(upstream:remoteref) refs/heads/master refs/remotes/master [0ms]
