2023-07-15 22:58:31.089 [info] Validating found git in: git
2023-07-15 22:58:31.089 [info] Using git 2.41.0 from git
2023-07-15 22:58:31.089 [info] > git rev-parse --show-toplevel [10ms]
2023-07-15 22:58:31.089 [info] > git rev-parse --git-dir --git-common-dir [1ms]
2023-07-15 22:58:31.089 [info] Log level: Info
2023-07-15 22:58:31.089 [info] Open repository: /home/n30/.dotfiles
2023-07-15 22:58:31.089 [info] > git status -z -uall [28ms]
2023-07-15 22:58:31.089 [info] > git remote --verbose [30ms]
2023-07-15 22:58:31.089 [info] > git for-each-ref --sort -committerdate --format %(refname) %(objectname) %(*objectname) [33ms]
2023-07-15 22:58:31.089 [info] > git config --get commit.template [29ms]
2023-07-15 22:58:31.089 [info] > git rev-parse --show-toplevel [33ms]
2023-07-15 22:58:31.089 [info] > git rev-parse --show-toplevel [2ms]
2023-07-15 22:58:31.089 [info] > git rev-parse --show-toplevel [79ms]
2023-07-15 22:58:31.089 [info] > git rev-parse --show-toplevel [12ms]
2023-07-15 22:58:31.089 [info] > git for-each-ref --format=%(refname)%00%(upstream:short)%00%(objectname)%00%(upstream:track)%00%(upstream:remotename)%00%(upstream:remoteref) refs/heads/master refs/remotes/master [95ms]
2023-07-15 22:58:31.095 [info] > git status -z -uall [7ms]
2023-07-15 22:58:31.108 [info] > git remote --verbose [22ms]
2023-07-15 22:58:31.108 [info] > git for-each-ref --sort -committerdate --format %(refname) %(objectname) %(*objectname) [24ms]
2023-07-15 22:58:31.109 [info] > git rev-parse --show-toplevel [32ms]
2023-07-15 22:58:31.117 [info] > git config --get commit.template [23ms]
2023-07-15 22:58:31.162 [info] > git rev-parse --show-toplevel [50ms]
2023-07-15 22:58:31.168 [info] > git rev-parse --show-toplevel [3ms]
2023-07-15 22:58:31.191 [info] > git for-each-ref --format=%(refname)%00%(upstream:short)%00%(objectname)%00%(upstream:track)%00%(upstream:remotename)%00%(upstream:remoteref) refs/heads/master refs/remotes/master [23ms]
2023-07-15 22:58:31.197 [info] > git rev-parse --show-toplevel [26ms]
2023-07-15 22:58:31.201 [info] > git rev-parse --show-toplevel [1ms]
2023-07-15 22:58:31.212 [info] > git rev-parse --show-toplevel [8ms]
2023-07-15 22:58:31.215 [info] > git rev-parse --show-toplevel [0ms]
2023-07-15 22:58:31.222 [info] > git rev-parse --show-toplevel [4ms]
2023-07-15 22:58:31.226 [info] > git rev-parse --show-toplevel [1ms]
2023-07-15 22:58:31.241 [info] > git rev-parse --show-toplevel [12ms]
2023-07-15 22:58:31.244 [info] > git rev-parse --show-toplevel [0ms]
2023-07-15 22:58:31.247 [info] > git rev-parse --show-toplevel [0ms]
2023-07-15 22:58:31.250 [info] > git rev-parse --show-toplevel [1ms]
2023-07-15 22:58:31.253 [info] > git rev-parse --show-toplevel [1ms]
2023-07-15 22:58:31.306 [info] > git show --textconv :wiki-wayland-0.9beta.md [4ms]
2023-07-15 22:58:31.307 [info] > git ls-files --stage -- /home/n30/.dotfiles/wiki-wayland-0.9beta.md [2ms]
2023-07-15 22:58:31.310 [info] > git cat-file -s fb22febe0606b38b3d16e077835f2a77ecb61da0 [0ms]
2023-07-15 22:58:31.458 [info] > git check-ignore -v -z --stdin [1ms]
2023-07-15 22:58:36.198 [info] > git status -z -uall [2ms]
2023-07-15 22:58:36.198 [info] > git remote --verbose [5ms]
2023-07-15 22:58:36.199 [info] > git for-each-ref --sort -committerdate --format %(refname) %(objectname) %(*objectname) [8ms]
2023-07-15 22:58:36.199 [info] > git config --get commit.template [1ms]
2023-07-15 22:58:36.202 [info] > git for-each-ref --format=%(refname)%00%(upstream:short)%00%(objectname)%00%(upstream:track)%00%(upstream:remotename)%00%(upstream:remoteref) refs/heads/master refs/remotes/master [1ms]
2023-07-15 16:59:47.696 [info] > git status -z -uall [2ms]
2023-07-15 16:59:47.697 [info] > git remote --verbose [6ms]
2023-07-15 16:59:47.697 [info] > git for-each-ref --sort -committerdate --format %(refname) %(objectname) %(*objectname) [8ms]
2023-07-15 16:59:47.697 [info] > git config --get commit.template [1ms]
2023-07-15 16:59:47.700 [info] > git for-each-ref --format=%(refname)%00%(upstream:short)%00%(objectname)%00%(upstream:track)%00%(upstream:remotename)%00%(upstream:remoteref) refs/heads/master refs/remotes/master [0ms]
2023-07-15 17:01:28.451 [info] > git status -z -uall [3ms]
2023-07-15 17:01:28.451 [info] > git remote --verbose [5ms]
2023-07-15 17:01:28.452 [info] > git for-each-ref --sort -committerdate --format %(refname) %(objectname) %(*objectname) [8ms]
2023-07-15 17:01:28.452 [info] > git config --get commit.template [1ms]
2023-07-15 17:01:28.455 [info] > git for-each-ref --format=%(refname)%00%(upstream:short)%00%(objectname)%00%(upstream:track)%00%(upstream:remotename)%00%(upstream:remoteref) refs/heads/master refs/remotes/master [0ms]
2023-07-15 17:01:40.309 [info] > git status -z -uall [3ms]
2023-07-15 17:01:40.309 [info] > git remote --verbose [6ms]
2023-07-15 17:01:40.309 [info] > git for-each-ref --sort -committerdate --format %(refname) %(objectname) %(*objectname) [8ms]
2023-07-15 17:01:40.310 [info] > git config --get commit.template [1ms]
2023-07-15 17:01:40.314 [info] > git for-each-ref --format=%(refname)%00%(upstream:short)%00%(objectname)%00%(upstream:track)%00%(upstream:remotename)%00%(upstream:remoteref) refs/heads/master refs/remotes/master [0ms]
2023-07-15 17:07:21.342 [info] > git status -z -uall [4ms]
2023-07-15 17:07:21.342 [info] > git remote --verbose [7ms]
2023-07-15 17:07:21.342 [info] > git for-each-ref --sort -committerdate --format %(refname) %(objectname) %(*objectname) [9ms]
2023-07-15 17:07:21.343 [info] > git config --get commit.template [1ms]
2023-07-15 17:07:21.347 [info] > git for-each-ref --format=%(refname)%00%(upstream:short)%00%(objectname)%00%(upstream:track)%00%(upstream:remotename)%00%(upstream:remoteref) refs/heads/master refs/remotes/master [1ms]
2023-07-15 17:15:34.265 [info] > git status -z -uall [3ms]
2023-07-15 17:15:34.265 [info] > git remote --verbose [6ms]
2023-07-15 17:15:34.265 [info] > git for-each-ref --sort -committerdate --format %(refname) %(objectname) %(*objectname) [8ms]
2023-07-15 17:15:34.265 [info] > git config --get commit.template [1ms]
2023-07-15 17:15:34.269 [info] > git for-each-ref --format=%(refname)%00%(upstream:short)%00%(objectname)%00%(upstream:track)%00%(upstream:remotename)%00%(upstream:remoteref) refs/heads/master refs/remotes/master [1ms]
2023-07-15 17:16:26.143 [info] > git status -z -uall [5ms]
2023-07-15 17:16:26.143 [info] > git remote --verbose [9ms]
2023-07-15 17:16:26.144 [info] > git for-each-ref --sort -committerdate --format %(refname) %(objectname) %(*objectname) [14ms]
2023-07-15 17:16:26.144 [info] > git config --get commit.template [2ms]
2023-07-15 17:16:26.150 [info] > git for-each-ref --format=%(refname)%00%(upstream:short)%00%(objectname)%00%(upstream:track)%00%(upstream:remotename)%00%(upstream:remoteref) refs/heads/master refs/remotes/master [1ms]
2023-07-15 17:25:37.926 [info] > git remote --verbose [6ms]
2023-07-15 17:25:37.926 [info] > git for-each-ref --sort -committerdate --format %(refname) %(objectname) %(*objectname) [11ms]
2023-07-15 17:25:37.926 [info] > git config --get commit.template [1ms]
2023-07-15 17:25:37.930 [info] > git for-each-ref --format=%(refname)%00%(upstream:short)%00%(objectname)%00%(upstream:track)%00%(upstream:remotename)%00%(upstream:remoteref) refs/heads/master refs/remotes/master [0ms]
2023-07-15 17:25:37.931 [info] > git status -z -uall [9ms]
2023-07-15 17:32:13.783 [info] > git status -z -uall [4ms]
2023-07-15 17:32:13.783 [info] > git remote --verbose [6ms]
2023-07-15 17:32:13.783 [info] > git for-each-ref --sort -committerdate --format %(refname) %(objectname) %(*objectname) [9ms]
2023-07-15 17:32:13.783 [info] > git config --get commit.template [1ms]
2023-07-15 17:32:13.787 [info] > git for-each-ref --format=%(refname)%00%(upstream:short)%00%(objectname)%00%(upstream:track)%00%(upstream:remotename)%00%(upstream:remoteref) refs/heads/master refs/remotes/master [1ms]
2023-07-15 17:44:59.134 [info] > git remote --verbose [6ms]
2023-07-15 17:44:59.134 [info] > git for-each-ref --sort -committerdate --format %(refname) %(objectname) %(*objectname) [9ms]
2023-07-15 17:44:59.134 [info] > git config --get commit.template [0ms]
2023-07-15 17:44:59.137 [info] > git status -z -uall [6ms]
2023-07-15 17:44:59.138 [info] > git for-each-ref --format=%(refname)%00%(upstream:short)%00%(objectname)%00%(upstream:track)%00%(upstream:remotename)%00%(upstream:remoteref) refs/heads/master refs/remotes/master [0ms]
2023-07-15 17:52:37.216 [info] > git status -z -uall [4ms]
2023-07-15 17:52:37.216 [info] > git remote --verbose [7ms]
2023-07-15 17:52:37.217 [info] > git for-each-ref --sort -committerdate --format %(refname) %(objectname) %(*objectname) [11ms]
2023-07-15 17:52:37.217 [info] > git config --get commit.template [1ms]
2023-07-15 17:52:37.222 [info] > git for-each-ref --format=%(refname)%00%(upstream:short)%00%(objectname)%00%(upstream:track)%00%(upstream:remotename)%00%(upstream:remoteref) refs/heads/master refs/remotes/master [0ms]
2023-07-15 17:52:51.312 [info] > git remote --verbose [7ms]
2023-07-15 17:52:51.312 [info] > git for-each-ref --sort -committerdate --format %(refname) %(objectname) %(*objectname) [11ms]
2023-07-15 17:52:51.312 [info] > git status -z -uall [5ms]
2023-07-15 17:52:51.312 [info] > git config --get commit.template [1ms]
2023-07-15 17:52:51.316 [info] > git for-each-ref --format=%(refname)%00%(upstream:short)%00%(objectname)%00%(upstream:track)%00%(upstream:remotename)%00%(upstream:remoteref) refs/heads/master refs/remotes/master [1ms]
2023-07-15 18:08:34.715 [info] > git remote --verbose [5ms]
2023-07-15 18:08:34.715 [info] > git for-each-ref --sort -committerdate --format %(refname) %(objectname) %(*objectname) [8ms]
2023-07-15 18:08:34.715 [info] > git config --get commit.template [1ms]
2023-07-15 18:08:34.717 [info] > git for-each-ref --format=%(refname)%00%(upstream:short)%00%(objectname)%00%(upstream:track)%00%(upstream:remotename)%00%(upstream:remoteref) refs/heads/master refs/remotes/master [0ms]
2023-07-15 18:08:34.728 [info] > git status -z -uall [16ms]
2023-07-15 18:13:45.601 [info] > git status -z -uall [3ms]
2023-07-15 18:13:45.601 [info] > git remote --verbose [6ms]
2023-07-15 18:13:45.601 [info] > git for-each-ref --sort -committerdate --format %(refname) %(objectname) %(*objectname) [8ms]
2023-07-15 18:13:45.602 [info] > git config --get commit.template [0ms]
2023-07-15 18:13:45.605 [info] > git for-each-ref --format=%(refname)%00%(upstream:short)%00%(objectname)%00%(upstream:track)%00%(upstream:remotename)%00%(upstream:remoteref) refs/heads/master refs/remotes/master [1ms]
2023-07-15 18:13:57.537 [info] > git status -z -uall [3ms]
2023-07-15 18:13:57.537 [info] > git remote --verbose [6ms]
2023-07-15 18:13:57.537 [info] > git for-each-ref --sort -committerdate --format %(refname) %(objectname) %(*objectname) [8ms]
2023-07-15 18:13:57.538 [info] > git config --get commit.template [1ms]
2023-07-15 18:13:57.541 [info] > git for-each-ref --format=%(refname)%00%(upstream:short)%00%(objectname)%00%(upstream:track)%00%(upstream:remotename)%00%(upstream:remoteref) refs/heads/master refs/remotes/master [1ms]
2023-07-15 18:18:27.163 [info] > git status -z -uall [4ms]
2023-07-15 18:18:27.163 [info] > git remote --verbose [7ms]
2023-07-15 18:18:27.163 [info] > git for-each-ref --sort -committerdate --format %(refname) %(objectname) %(*objectname) [10ms]
2023-07-15 18:18:27.163 [info] > git config --get commit.template [1ms]
2023-07-15 18:18:27.167 [info] > git for-each-ref --format=%(refname)%00%(upstream:short)%00%(objectname)%00%(upstream:track)%00%(upstream:remotename)%00%(upstream:remoteref) refs/heads/master refs/remotes/master [0ms]
2023-07-15 18:18:40.925 [info] > git status -z -uall [3ms]
2023-07-15 18:18:40.925 [info] > git remote --verbose [6ms]
2023-07-15 18:18:40.925 [info] > git for-each-ref --sort -committerdate --format %(refname) %(objectname) %(*objectname) [8ms]
2023-07-15 18:18:40.925 [info] > git config --get commit.template [0ms]
2023-07-15 18:18:40.928 [info] > git for-each-ref --format=%(refname)%00%(upstream:short)%00%(objectname)%00%(upstream:track)%00%(upstream:remotename)%00%(upstream:remoteref) refs/heads/master refs/remotes/master [1ms]
2023-07-15 18:26:52.956 [info] > git remote --verbose [4ms]
2023-07-15 18:26:52.956 [info] > git for-each-ref --sort -committerdate --format %(refname) %(objectname) %(*objectname) [6ms]
2023-07-15 18:26:52.956 [info] > git config --get commit.template [0ms]
2023-07-15 18:26:52.958 [info] > git status -z -uall [4ms]
2023-07-15 18:26:52.959 [info] > git for-each-ref --format=%(refname)%00%(upstream:short)%00%(objectname)%00%(upstream:track)%00%(upstream:remotename)%00%(upstream:remoteref) refs/heads/master refs/remotes/master [1ms]
2023-07-15 18:27:18.391 [info] > git remote --verbose [4ms]
2023-07-15 18:27:18.391 [info] > git for-each-ref --sort -committerdate --format %(refname) %(objectname) %(*objectname) [7ms]
2023-07-15 18:27:18.391 [info] > git status -z -uall [3ms]
2023-07-15 18:27:18.391 [info] > git config --get commit.template [1ms]
2023-07-15 18:27:18.393 [info] > git for-each-ref --format=%(refname)%00%(upstream:short)%00%(objectname)%00%(upstream:track)%00%(upstream:remotename)%00%(upstream:remoteref) refs/heads/master refs/remotes/master [0ms]
2023-07-15 18:27:47.733 [info] > git status -z -uall [3ms]
2023-07-15 18:27:47.733 [info] > git remote --verbose [6ms]
2023-07-15 18:27:47.733 [info] > git for-each-ref --sort -committerdate --format %(refname) %(objectname) %(*objectname) [8ms]
2023-07-15 18:27:47.733 [info] > git config --get commit.template [0ms]
2023-07-15 18:27:47.736 [info] > git for-each-ref --format=%(refname)%00%(upstream:short)%00%(objectname)%00%(upstream:track)%00%(upstream:remotename)%00%(upstream:remoteref) refs/heads/master refs/remotes/master [1ms]
2023-07-15 18:33:11.033 [info] > git remote --verbose [5ms]
2023-07-15 18:33:11.033 [info] > git for-each-ref --sort -committerdate --format %(refname) %(objectname) %(*objectname) [7ms]
2023-07-15 18:33:11.033 [info] > git config --get commit.template [1ms]
2023-07-15 18:33:11.035 [info] > git status -z -uall [5ms]
2023-07-15 18:33:11.035 [info] > git for-each-ref --format=%(refname)%00%(upstream:short)%00%(objectname)%00%(upstream:track)%00%(upstream:remotename)%00%(upstream:remoteref) refs/heads/master refs/remotes/master [0ms]
2023-07-15 18:48:46.182 [info] > git remote --verbose [4ms]
2023-07-15 18:48:46.182 [info] > git for-each-ref --sort -committerdate --format %(refname) %(objectname) %(*objectname) [6ms]
2023-07-15 18:48:46.182 [info] > git config --get commit.template [0ms]
2023-07-15 18:48:46.185 [info] > git for-each-ref --format=%(refname)%00%(upstream:short)%00%(objectname)%00%(upstream:track)%00%(upstream:remotename)%00%(upstream:remoteref) refs/heads/master refs/remotes/master [1ms]
2023-07-15 18:48:46.195 [info] > git status -z -uall [15ms]
2023-07-15 18:48:52.534 [info] > git remote --verbose [5ms]
2023-07-15 18:48:52.534 [info] > git for-each-ref --sort -committerdate --format %(refname) %(objectname) %(*objectname) [7ms]
2023-07-15 18:48:52.534 [info] > git status -z -uall [2ms]
2023-07-15 18:48:52.534 [info] > git config --get commit.template [0ms]
2023-07-15 18:48:52.537 [info] > git for-each-ref --format=%(refname)%00%(upstream:short)%00%(objectname)%00%(upstream:track)%00%(upstream:remotename)%00%(upstream:remoteref) refs/heads/master refs/remotes/master [1ms]
2023-07-15 18:49:56.853 [info] > git remote --verbose [5ms]
2023-07-15 18:49:56.853 [info] > git for-each-ref --sort -committerdate --format %(refname) %(objectname) %(*objectname) [7ms]
2023-07-15 18:49:56.853 [info] > git status -z -uall [3ms]
2023-07-15 18:49:56.853 [info] > git config --get commit.template [0ms]
2023-07-15 18:49:56.856 [info] > git for-each-ref --format=%(refname)%00%(upstream:short)%00%(objectname)%00%(upstream:track)%00%(upstream:remotename)%00%(upstream:remoteref) refs/heads/master refs/remotes/master [1ms]
2023-07-15 18:55:10.792 [info] > git remote --verbose [6ms]
2023-07-15 18:55:10.792 [info] > git for-each-ref --sort -committerdate --format %(refname) %(objectname) %(*objectname) [8ms]
2023-07-15 18:55:10.793 [info] > git config --get commit.template [0ms]
2023-07-15 18:55:10.796 [info] > git status -z -uall [7ms]
2023-07-15 18:55:10.796 [info] > git for-each-ref --format=%(refname)%00%(upstream:short)%00%(objectname)%00%(upstream:track)%00%(upstream:remotename)%00%(upstream:remoteref) refs/heads/master refs/remotes/master [1ms]
2023-07-15 19:00:03.631 [info] > git remote --verbose [5ms]
2023-07-15 19:00:03.632 [info] > git for-each-ref --sort -committerdate --format %(refname) %(objectname) %(*objectname) [7ms]
2023-07-15 19:00:03.632 [info] > git config --get commit.template [1ms]
2023-07-15 19:00:03.635 [info] > git status -z -uall [7ms]
2023-07-15 19:00:03.635 [info] > git for-each-ref --format=%(refname)%00%(upstream:short)%00%(objectname)%00%(upstream:track)%00%(upstream:remotename)%00%(upstream:remoteref) refs/heads/master refs/remotes/master [1ms]
2023-07-15 19:17:58.013 [info] > git remote --verbose [5ms]
2023-07-15 19:17:58.014 [info] > git for-each-ref --sort -committerdate --format %(refname) %(objectname) %(*objectname) [9ms]
2023-07-15 19:17:58.014 [info] > git config --get commit.template [1ms]
2023-07-15 19:17:58.017 [info] > git for-each-ref --format=%(refname)%00%(upstream:short)%00%(objectname)%00%(upstream:track)%00%(upstream:remotename)%00%(upstream:remoteref) refs/heads/master refs/remotes/master [0ms]
2023-07-15 19:17:58.038 [info] > git status -z -uall [27ms]
2023-07-15 19:21:52.603 [info] > git status -z -uall [2ms]
2023-07-15 19:21:52.603 [info] > git remote --verbose [4ms]
2023-07-15 19:21:52.603 [info] > git for-each-ref --sort -committerdate --format %(refname) %(objectname) %(*objectname) [7ms]
2023-07-15 19:21:52.603 [info] > git config --get commit.template [0ms]
2023-07-15 19:21:52.606 [info] > git for-each-ref --format=%(refname)%00%(upstream:short)%00%(objectname)%00%(upstream:track)%00%(upstream:remotename)%00%(upstream:remoteref) refs/heads/master refs/remotes/master [0ms]
2023-07-15 20:40:54.861 [info] > git remote --verbose [5ms]
2023-07-15 20:40:54.861 [info] > git for-each-ref --sort -committerdate --format %(refname) %(objectname) %(*objectname) [8ms]
2023-07-15 20:40:54.862 [info] > git config --get commit.template [2ms]
2023-07-15 20:40:54.864 [info] > git for-each-ref --format=%(refname)%00%(upstream:short)%00%(objectname)%00%(upstream:track)%00%(upstream:remotename)%00%(upstream:remoteref) refs/heads/master refs/remotes/master [0ms]
2023-07-15 20:40:54.882 [info] > git status -z -uall [25ms]
2023-07-15 20:44:55.453 [info] > git remote --verbose [4ms]
2023-07-15 20:44:55.453 [info] > git for-each-ref --sort -committerdate --format %(refname) %(objectname) %(*objectname) [6ms]
2023-07-15 20:44:55.453 [info] > git status -z -uall [2ms]
2023-07-15 20:44:55.453 [info] > git config --get commit.template [0ms]
2023-07-15 20:44:55.456 [info] > git for-each-ref --format=%(refname)%00%(upstream:short)%00%(objectname)%00%(upstream:track)%00%(upstream:remotename)%00%(upstream:remoteref) refs/heads/master refs/remotes/master [0ms]
2023-07-15 20:52:38.035 [info] > git status -z -uall [3ms]
2023-07-15 20:52:38.035 [info] > git remote --verbose [5ms]
2023-07-15 20:52:38.035 [info] > git for-each-ref --sort -committerdate --format %(refname) %(objectname) %(*objectname) [7ms]
2023-07-15 20:52:38.036 [info] > git config --get commit.template [1ms]
2023-07-15 20:52:38.039 [info] > git for-each-ref --format=%(refname)%00%(upstream:short)%00%(objectname)%00%(upstream:track)%00%(upstream:remotename)%00%(upstream:remoteref) refs/heads/master refs/remotes/master [1ms]
2023-07-15 20:56:42.665 [info] > git status -z -uall [3ms]
2023-07-15 20:56:42.665 [info] > git remote --verbose [6ms]
2023-07-15 20:56:42.666 [info] > git for-each-ref --sort -committerdate --format %(refname) %(objectname) %(*objectname) [8ms]
2023-07-15 20:56:42.666 [info] > git config --get commit.template [1ms]
2023-07-15 20:56:42.669 [info] > git for-each-ref --format=%(refname)%00%(upstream:short)%00%(objectname)%00%(upstream:track)%00%(upstream:remotename)%00%(upstream:remoteref) refs/heads/master refs/remotes/master [1ms]
2023-07-15 20:59:55.222 [info] > git remote --verbose [4ms]
2023-07-15 20:59:55.222 [info] > git for-each-ref --sort -committerdate --format %(refname) %(objectname) %(*objectname) [8ms]
2023-07-15 20:59:55.222 [info] > git status -z -uall [3ms]
2023-07-15 20:59:55.222 [info] > git config --get commit.template [1ms]
2023-07-15 20:59:55.224 [info] > git for-each-ref --format=%(refname)%00%(upstream:short)%00%(objectname)%00%(upstream:track)%00%(upstream:remotename)%00%(upstream:remoteref) refs/heads/master refs/remotes/master [0ms]
2023-07-15 21:13:07.534 [info] > git remote --verbose [6ms]
2023-07-15 21:13:07.534 [info] > git for-each-ref --sort -committerdate --format %(refname) %(objectname) %(*objectname) [8ms]
2023-07-15 21:13:07.534 [info] > git status -z -uall [3ms]
2023-07-15 21:13:07.534 [info] > git config --get commit.template [0ms]
2023-07-15 21:13:07.537 [info] > git for-each-ref --format=%(refname)%00%(upstream:short)%00%(objectname)%00%(upstream:track)%00%(upstream:remotename)%00%(upstream:remoteref) refs/heads/master refs/remotes/master [0ms]
2023-07-15 21:13:35.494 [info] > git remote --verbose [5ms]
2023-07-15 21:13:35.494 [info] > git for-each-ref --sort -committerdate --format %(refname) %(objectname) %(*objectname) [7ms]
2023-07-15 21:13:35.495 [info] > git config --get commit.template [1ms]
2023-07-15 21:13:35.497 [info] > git status -z -uall [6ms]
2023-07-15 21:13:35.498 [info] > git for-each-ref --format=%(refname)%00%(upstream:short)%00%(objectname)%00%(upstream:track)%00%(upstream:remotename)%00%(upstream:remoteref) refs/heads/master refs/remotes/master [1ms]
2023-07-15 21:26:58.278 [info] > git remote --verbose [5ms]
2023-07-15 21:26:58.279 [info] > git for-each-ref --sort -committerdate --format %(refname) %(objectname) %(*objectname) [9ms]
2023-07-15 21:26:58.279 [info] > git config --get commit.template [1ms]
2023-07-15 21:26:58.281 [info] > git for-each-ref --format=%(refname)%00%(upstream:short)%00%(objectname)%00%(upstream:track)%00%(upstream:remotename)%00%(upstream:remoteref) refs/heads/master refs/remotes/master [0ms]
2023-07-15 21:26:58.304 [info] > git status -z -uall [28ms]
