[Trace 07:29:46.543] VsCodeClientWorkspace: TextDocument.onDidOpen: file:///home/n30/.dotfiles/wiki-wayland-0.9beta.md
[Trace 07:29:46.544] VsCodeClientWorkspace: TextDocument.onDidChanceContent: file:///home/n30/.dotfiles/wiki-wayland-0.9beta.md
[Trace 07:29:46.544] VsCodeClientWorkspace: TextDocument.onDidOpen: untitled:Untitled-1
[Trace 07:29:46.545] VsCodeClientWorkspace: TextDocument.onDidChanceContent: untitled:Untitled-1
[Trace 07:29:46.547] Server: connection.languages.diagnostics.on: file:///home/n30/.dotfiles/wiki-wayland-0.9beta.md
[Trace 07:29:46.547] Server: connection.languages.diagnostics.on: untitled:Untitled-1
[Trace 07:29:46.579] Server: connection.languages.diagnostics.on: file:///home/n30/.dotfiles/wiki-wayland-0.9beta.md
[Debug 07:29:46.590] LinkProvider: compute - file:///home/n30/.dotfiles/wiki-wayland-0.9beta.md
[Trace 07:29:46.597] Server: connection.languages.diagnostics.on: untitled:Untitled-1
[Trace 07:29:46.841] Server: connection.languages.diagnostics.on: untitled:Untitled-1
[Debug 07:29:48.042] MdFoldingProvider: provideFoldingRanges — file:///home/n30/.dotfiles/wiki-wayland-0.9beta.md 1
[Debug 07:29:48.042] TableOfContentsProvider: create - file:///home/n30/.dotfiles/wiki-wayland-0.9beta.md
[Trace 07:29:48.556] DocumentSymbolProvider: provideDocumentSymbols — file:///home/n30/.dotfiles/wiki-wayland-0.9beta.md 1
[Trace 02:04:04.786] VsCodeClientWorkspace: TextDocument.onDidChanceContent: file:///home/n30/.dotfiles/wiki-wayland-0.9beta.md
[Trace 02:04:04.786] Server: connection.languages.diagnostics.on: file:///home/n30/.dotfiles/wiki-wayland-0.9beta.md
[Trace 02:04:04.935] VsCodeClientWorkspace: TextDocument.onDidChanceContent: file:///home/n30/.dotfiles/wiki-wayland-0.9beta.md
[Trace 02:04:04.935] Server: connection.languages.diagnostics.on: file:///home/n30/.dotfiles/wiki-wayland-0.9beta.md
[Trace 02:04:04.987] Server: connection.languages.diagnostics.on: untitled:Untitled-1
[Debug 02:04:05.103] MdFoldingProvider: provideFoldingRanges — file:///home/n30/.dotfiles/wiki-wayland-0.9beta.md 3
[Debug 02:04:05.103] TableOfContentsProvider: create - file:///home/n30/.dotfiles/wiki-wayland-0.9beta.md
[Trace 02:04:05.322] DocumentSymbolProvider: provideDocumentSymbols — file:///home/n30/.dotfiles/wiki-wayland-0.9beta.md 3
[Debug 02:04:05.322] LinkProvider: compute - file:///home/n30/.dotfiles/wiki-wayland-0.9beta.md
[Trace 02:04:09.180] VsCodeClientWorkspace: TextDocument.onDidChanceContent: file:///home/n30/.dotfiles/wiki-wayland-0.9beta.md
[Trace 02:04:09.180] Server: connection.languages.diagnostics.on: file:///home/n30/.dotfiles/wiki-wayland-0.9beta.md
[Debug 02:04:09.357] MdFoldingProvider: provideFoldingRanges — file:///home/n30/.dotfiles/wiki-wayland-0.9beta.md 4
[Debug 02:04:09.357] TableOfContentsProvider: create - file:///home/n30/.dotfiles/wiki-wayland-0.9beta.md
[Trace 02:04:09.536] Server: connection.languages.diagnostics.on: untitled:Untitled-1
[Trace 02:04:09.560] DocumentSymbolProvider: provideDocumentSymbols — file:///home/n30/.dotfiles/wiki-wayland-0.9beta.md 4
[Debug 02:04:09.560] LinkProvider: compute - file:///home/n30/.dotfiles/wiki-wayland-0.9beta.md
[Trace 02:04:16.804] VsCodeClientWorkspace: TextDocument.onDidChanceContent: file:///home/n30/.dotfiles/wiki-wayland-0.9beta.md
[Trace 02:04:16.804] Server: connection.languages.diagnostics.on: file:///home/n30/.dotfiles/wiki-wayland-0.9beta.md
[Debug 02:04:16.984] MdFoldingProvider: provideFoldingRanges — file:///home/n30/.dotfiles/wiki-wayland-0.9beta.md 5
[Debug 02:04:16.985] TableOfContentsProvider: create - file:///home/n30/.dotfiles/wiki-wayland-0.9beta.md
[Trace 02:04:17.172] Server: connection.languages.diagnostics.on: untitled:Untitled-1
[Debug 02:04:17.186] LinkProvider: compute - file:///home/n30/.dotfiles/wiki-wayland-0.9beta.md
[Trace 02:04:17.186] DocumentSymbolProvider: provideDocumentSymbols — file:///home/n30/.dotfiles/wiki-wayland-0.9beta.md 5
[Trace 02:04:19.779] VsCodeClientWorkspace: TextDocument.onDidChanceContent: file:///home/n30/.dotfiles/wiki-wayland-0.9beta.md
[Trace 02:04:19.779] Server: connection.languages.diagnostics.on: file:///home/n30/.dotfiles/wiki-wayland-0.9beta.md
[Debug 02:04:19.960] MdFoldingProvider: provideFoldingRanges — file:///home/n30/.dotfiles/wiki-wayland-0.9beta.md 6
[Debug 02:04:19.961] TableOfContentsProvider: create - file:///home/n30/.dotfiles/wiki-wayland-0.9beta.md
[Trace 02:04:20.013] Server: connection.languages.diagnostics.on: untitled:Untitled-1
[Trace 02:04:20.116] DocumentSymbolProvider: provideDocumentSymbols — file:///home/n30/.dotfiles/wiki-wayland-0.9beta.md 6
[Debug 02:04:20.116] LinkProvider: compute - file:///home/n30/.dotfiles/wiki-wayland-0.9beta.md
[Trace 02:04:20.234] VsCodeClientWorkspace: TextDocument.onDidChanceContent: file:///home/n30/.dotfiles/wiki-wayland-0.9beta.md
[Trace 02:04:20.235] Server: connection.languages.diagnostics.on: file:///home/n30/.dotfiles/wiki-wayland-0.9beta.md
[Debug 02:04:20.418] MdFoldingProvider: provideFoldingRanges — file:///home/n30/.dotfiles/wiki-wayland-0.9beta.md 7
[Debug 02:04:20.418] TableOfContentsProvider: create - file:///home/n30/.dotfiles/wiki-wayland-0.9beta.md
[Trace 02:04:20.473] Server: connection.languages.diagnostics.on: untitled:Untitled-1
[Debug 02:04:20.576] LinkProvider: compute - file:///home/n30/.dotfiles/wiki-wayland-0.9beta.md
[Trace 02:04:20.576] DocumentSymbolProvider: provideDocumentSymbols — file:///home/n30/.dotfiles/wiki-wayland-0.9beta.md 7
[Trace 02:04:30.274] VsCodeClientWorkspace: TextDocument.onDidChanceContent: file:///home/n30/.dotfiles/wiki-wayland-0.9beta.md
[Trace 02:04:30.274] Server: connection.languages.diagnostics.on: file:///home/n30/.dotfiles/wiki-wayland-0.9beta.md
[Debug 02:04:30.456] MdFoldingProvider: provideFoldingRanges — file:///home/n30/.dotfiles/wiki-wayland-0.9beta.md 8
[Debug 02:04:30.456] TableOfContentsProvider: create - file:///home/n30/.dotfiles/wiki-wayland-0.9beta.md
[Trace 02:04:30.511] Server: connection.languages.diagnostics.on: untitled:Untitled-1
[Debug 02:04:30.613] LinkProvider: compute - file:///home/n30/.dotfiles/wiki-wayland-0.9beta.md
[Trace 02:04:30.613] DocumentSymbolProvider: provideDocumentSymbols — file:///home/n30/.dotfiles/wiki-wayland-0.9beta.md 8
[Trace 02:04:33.749] VsCodeClientWorkspace: TextDocument.onDidChanceContent: file:///home/n30/.dotfiles/wiki-wayland-0.9beta.md
[Trace 02:04:33.749] Server: connection.languages.diagnostics.on: file:///home/n30/.dotfiles/wiki-wayland-0.9beta.md
[Debug 02:04:33.936] MdFoldingProvider: provideFoldingRanges — file:///home/n30/.dotfiles/wiki-wayland-0.9beta.md 9
[Debug 02:04:33.936] TableOfContentsProvider: create - file:///home/n30/.dotfiles/wiki-wayland-0.9beta.md
[Trace 02:04:33.987] Server: connection.languages.diagnostics.on: untitled:Untitled-1
[Debug 02:04:34.090] LinkProvider: compute - file:///home/n30/.dotfiles/wiki-wayland-0.9beta.md
[Trace 02:04:34.090] DocumentSymbolProvider: provideDocumentSymbols — file:///home/n30/.dotfiles/wiki-wayland-0.9beta.md 9
[Trace 02:04:34.692] VsCodeClientWorkspace: TextDocument.onDidChanceContent: file:///home/n30/.dotfiles/wiki-wayland-0.9beta.md
[Trace 02:04:34.692] Server: connection.languages.diagnostics.on: file:///home/n30/.dotfiles/wiki-wayland-0.9beta.md
[Debug 02:04:34.886] MdFoldingProvider: provideFoldingRanges — file:///home/n30/.dotfiles/wiki-wayland-0.9beta.md 10
[Debug 02:04:34.886] TableOfContentsProvider: create - file:///home/n30/.dotfiles/wiki-wayland-0.9beta.md
[Trace 02:04:34.937] Server: connection.languages.diagnostics.on: untitled:Untitled-1
[Trace 02:04:35.049] DocumentSymbolProvider: provideDocumentSymbols — file:///home/n30/.dotfiles/wiki-wayland-0.9beta.md 10
[Debug 02:04:35.049] LinkProvider: compute - file:///home/n30/.dotfiles/wiki-wayland-0.9beta.md
[Trace 02:15:05.826] VsCodeClientWorkspace: TextDocument.onDidChanceContent: file:///home/n30/.dotfiles/wiki-wayland-0.9beta.md
[Trace 02:15:05.826] Server: connection.languages.diagnostics.on: file:///home/n30/.dotfiles/wiki-wayland-0.9beta.md
[Debug 02:15:05.983] MdFoldingProvider: provideFoldingRanges — file:///home/n30/.dotfiles/wiki-wayland-0.9beta.md 11
[Debug 02:15:05.983] TableOfContentsProvider: create - file:///home/n30/.dotfiles/wiki-wayland-0.9beta.md
[Trace 02:15:06.191] Server: connection.languages.diagnostics.on: untitled:Untitled-1
[Trace 02:15:06.192] DocumentSymbolProvider: provideDocumentSymbols — file:///home/n30/.dotfiles/wiki-wayland-0.9beta.md 11
[Debug 02:15:06.192] LinkProvider: compute - file:///home/n30/.dotfiles/wiki-wayland-0.9beta.md
[Trace 02:15:07.897] VsCodeClientWorkspace: TextDocument.onDidChanceContent: file:///home/n30/.dotfiles/wiki-wayland-0.9beta.md
[Trace 02:15:07.898] Server: connection.languages.diagnostics.on: file:///home/n30/.dotfiles/wiki-wayland-0.9beta.md
[Debug 02:15:08.079] MdFoldingProvider: provideFoldingRanges — file:///home/n30/.dotfiles/wiki-wayland-0.9beta.md 12
[Debug 02:15:08.080] TableOfContentsProvider: create - file:///home/n30/.dotfiles/wiki-wayland-0.9beta.md
[Trace 02:15:08.237] Server: connection.languages.diagnostics.on: untitled:Untitled-1
[Debug 02:15:08.255] LinkProvider: compute - file:///home/n30/.dotfiles/wiki-wayland-0.9beta.md
[Trace 02:15:08.255] DocumentSymbolProvider: provideDocumentSymbols — file:///home/n30/.dotfiles/wiki-wayland-0.9beta.md 12
[Trace 02:15:13.986] VsCodeClientWorkspace: TextDocument.onDidChanceContent: file:///home/n30/.dotfiles/wiki-wayland-0.9beta.md
[Trace 02:15:13.986] Server: connection.languages.diagnostics.on: file:///home/n30/.dotfiles/wiki-wayland-0.9beta.md
[Debug 02:15:14.169] MdFoldingProvider: provideFoldingRanges — file:///home/n30/.dotfiles/wiki-wayland-0.9beta.md 13
[Debug 02:15:14.169] TableOfContentsProvider: create - file:///home/n30/.dotfiles/wiki-wayland-0.9beta.md
[Trace 02:15:14.343] Server: connection.languages.diagnostics.on: untitled:Untitled-1
[Debug 02:15:14.362] LinkProvider: compute - file:///home/n30/.dotfiles/wiki-wayland-0.9beta.md
[Trace 02:15:14.363] DocumentSymbolProvider: provideDocumentSymbols — file:///home/n30/.dotfiles/wiki-wayland-0.9beta.md 13
[Trace 02:15:17.150] VsCodeClientWorkspace: TextDocument.onDidChanceContent: file:///home/n30/.dotfiles/wiki-wayland-0.9beta.md
[Trace 02:15:17.150] Server: connection.languages.diagnostics.on: file:///home/n30/.dotfiles/wiki-wayland-0.9beta.md
[Debug 02:15:17.334] MdFoldingProvider: provideFoldingRanges — file:///home/n30/.dotfiles/wiki-wayland-0.9beta.md 14
[Debug 02:15:17.334] TableOfContentsProvider: create - file:///home/n30/.dotfiles/wiki-wayland-0.9beta.md
[Trace 02:15:17.390] Server: connection.languages.diagnostics.on: untitled:Untitled-1
[Debug 02:15:17.498] LinkProvider: compute - file:///home/n30/.dotfiles/wiki-wayland-0.9beta.md
[Trace 02:15:17.498] DocumentSymbolProvider: provideDocumentSymbols — file:///home/n30/.dotfiles/wiki-wayland-0.9beta.md 14
[Trace 02:15:19.794] VsCodeClientWorkspace: TextDocument.onDidChanceContent: file:///home/n30/.dotfiles/wiki-wayland-0.9beta.md
[Trace 02:15:19.795] Server: connection.languages.diagnostics.on: file:///home/n30/.dotfiles/wiki-wayland-0.9beta.md
[Debug 02:15:19.979] MdFoldingProvider: provideFoldingRanges — file:///home/n30/.dotfiles/wiki-wayland-0.9beta.md 15
[Debug 02:15:19.979] TableOfContentsProvider: create - file:///home/n30/.dotfiles/wiki-wayland-0.9beta.md
[Trace 02:15:20.029] Server: connection.languages.diagnostics.on: untitled:Untitled-1
[Debug 02:15:20.135] LinkProvider: compute - file:///home/n30/.dotfiles/wiki-wayland-0.9beta.md
[Trace 02:15:20.135] DocumentSymbolProvider: provideDocumentSymbols — file:///home/n30/.dotfiles/wiki-wayland-0.9beta.md 15
[Trace 02:15:25.482] VsCodeClientWorkspace: TextDocument.onDidChanceContent: file:///home/n30/.dotfiles/wiki-wayland-0.9beta.md
[Trace 02:15:25.482] Server: connection.languages.diagnostics.on: file:///home/n30/.dotfiles/wiki-wayland-0.9beta.md
[Debug 02:15:25.662] MdFoldingProvider: provideFoldingRanges — file:///home/n30/.dotfiles/wiki-wayland-0.9beta.md 16
[Debug 02:15:25.662] TableOfContentsProvider: create - file:///home/n30/.dotfiles/wiki-wayland-0.9beta.md
[Trace 02:15:25.716] Server: connection.languages.diagnostics.on: untitled:Untitled-1
[Debug 02:15:25.823] LinkProvider: compute - file:///home/n30/.dotfiles/wiki-wayland-0.9beta.md
[Trace 02:15:25.823] DocumentSymbolProvider: provideDocumentSymbols — file:///home/n30/.dotfiles/wiki-wayland-0.9beta.md 16
[Trace 02:15:27.457] VsCodeClientWorkspace: TextDocument.onDidChanceContent: file:///home/n30/.dotfiles/wiki-wayland-0.9beta.md
[Trace 02:15:27.457] Server: connection.languages.diagnostics.on: file:///home/n30/.dotfiles/wiki-wayland-0.9beta.md
[Trace 02:15:27.620] VsCodeClientWorkspace: TextDocument.onDidChanceContent: file:///home/n30/.dotfiles/wiki-wayland-0.9beta.md
[Trace 02:15:27.620] Server: connection.languages.diagnostics.on: file:///home/n30/.dotfiles/wiki-wayland-0.9beta.md
[Trace 02:15:27.657] Server: connection.languages.diagnostics.on: untitled:Untitled-1
[Trace 02:15:27.772] VsCodeClientWorkspace: TextDocument.onDidChanceContent: file:///home/n30/.dotfiles/wiki-wayland-0.9beta.md
[Trace 02:15:27.772] Server: connection.languages.diagnostics.on: file:///home/n30/.dotfiles/wiki-wayland-0.9beta.md
[Trace 02:15:27.924] VsCodeClientWorkspace: TextDocument.onDidChanceContent: file:///home/n30/.dotfiles/wiki-wayland-0.9beta.md
[Trace 02:15:27.924] Server: connection.languages.diagnostics.on: file:///home/n30/.dotfiles/wiki-wayland-0.9beta.md
[Trace 02:15:27.973] Server: connection.languages.diagnostics.on: untitled:Untitled-1
[Trace 02:15:28.101] VsCodeClientWorkspace: TextDocument.onDidChanceContent: file:///home/n30/.dotfiles/wiki-wayland-0.9beta.md
[Trace 02:15:28.101] Server: connection.languages.diagnostics.on: file:///home/n30/.dotfiles/wiki-wayland-0.9beta.md
[Trace 02:15:28.270] VsCodeClientWorkspace: TextDocument.onDidChanceContent: file:///home/n30/.dotfiles/wiki-wayland-0.9beta.md
[Trace 02:15:28.270] Server: connection.languages.diagnostics.on: file:///home/n30/.dotfiles/wiki-wayland-0.9beta.md
[Trace 02:15:28.301] Server: connection.languages.diagnostics.on: untitled:Untitled-1
[Trace 02:15:28.453] VsCodeClientWorkspace: TextDocument.onDidChanceContent: file:///home/n30/.dotfiles/wiki-wayland-0.9beta.md
[Trace 02:15:28.453] Server: connection.languages.diagnostics.on: file:///home/n30/.dotfiles/wiki-wayland-0.9beta.md
[Debug 02:15:28.638] MdFoldingProvider: provideFoldingRanges — file:///home/n30/.dotfiles/wiki-wayland-0.9beta.md 23
[Debug 02:15:28.638] TableOfContentsProvider: create - file:///home/n30/.dotfiles/wiki-wayland-0.9beta.md
[Trace 02:15:28.689] Server: connection.languages.diagnostics.on: untitled:Untitled-1
[Trace 02:15:28.718] VsCodeClientWorkspace: TextDocument.onDidChanceContent: file:///home/n30/.dotfiles/wiki-wayland-0.9beta.md
[Trace 02:15:28.718] Server: connection.languages.diagnostics.on: file:///home/n30/.dotfiles/wiki-wayland-0.9beta.md
[Debug 02:15:28.880] MdFoldingProvider: provideFoldingRanges — file:///home/n30/.dotfiles/wiki-wayland-0.9beta.md 24
[Debug 02:15:28.880] TableOfContentsProvider: create - file:///home/n30/.dotfiles/wiki-wayland-0.9beta.md
[Trace 02:15:29.035] Server: connection.languages.diagnostics.on: untitled:Untitled-1
[Debug 02:15:29.035] LinkProvider: compute - file:///home/n30/.dotfiles/wiki-wayland-0.9beta.md
[Trace 02:15:29.036] DocumentSymbolProvider: provideDocumentSymbols — file:///home/n30/.dotfiles/wiki-wayland-0.9beta.md 24
[Trace 02:15:54.472] VsCodeClientWorkspace: TextDocument.onDidChanceContent: file:///home/n30/.dotfiles/wiki-wayland-0.9beta.md
[Trace 02:15:54.472] Server: connection.languages.diagnostics.on: file:///home/n30/.dotfiles/wiki-wayland-0.9beta.md
[Debug 02:15:54.641] MdFoldingProvider: provideFoldingRanges — file:///home/n30/.dotfiles/wiki-wayland-0.9beta.md 25
[Debug 02:15:54.641] TableOfContentsProvider: create - file:///home/n30/.dotfiles/wiki-wayland-0.9beta.md
[Trace 02:15:54.857] Server: connection.languages.diagnostics.on: untitled:Untitled-1
[Debug 02:15:54.863] LinkProvider: compute - file:///home/n30/.dotfiles/wiki-wayland-0.9beta.md
[Trace 02:15:54.863] DocumentSymbolProvider: provideDocumentSymbols — file:///home/n30/.dotfiles/wiki-wayland-0.9beta.md 25
[Trace 02:15:55.648] VsCodeClientWorkspace: TextDocument.onDidChanceContent: file:///home/n30/.dotfiles/wiki-wayland-0.9beta.md
[Trace 02:15:55.648] Server: connection.languages.diagnostics.on: file:///home/n30/.dotfiles/wiki-wayland-0.9beta.md
[Debug 02:15:55.827] MdFoldingProvider: provideFoldingRanges — file:///home/n30/.dotfiles/wiki-wayland-0.9beta.md 26
[Debug 02:15:55.828] TableOfContentsProvider: create - file:///home/n30/.dotfiles/wiki-wayland-0.9beta.md
[Trace 02:15:55.983] Server: connection.languages.diagnostics.on: untitled:Untitled-1
[Debug 02:15:55.995] LinkProvider: compute - file:///home/n30/.dotfiles/wiki-wayland-0.9beta.md
[Trace 02:15:56.013] DocumentSymbolProvider: provideDocumentSymbols — file:///home/n30/.dotfiles/wiki-wayland-0.9beta.md 26
[Trace 02:16:04.247] VsCodeClientWorkspace: TextDocument.onDidChanceContent: file:///home/n30/.dotfiles/wiki-wayland-0.9beta.md
[Trace 02:16:04.248] Server: connection.languages.diagnostics.on: file:///home/n30/.dotfiles/wiki-wayland-0.9beta.md
[Debug 02:16:04.442] MdFoldingProvider: provideFoldingRanges — file:///home/n30/.dotfiles/wiki-wayland-0.9beta.md 27
[Debug 02:16:04.442] TableOfContentsProvider: create - file:///home/n30/.dotfiles/wiki-wayland-0.9beta.md
[Trace 02:16:04.607] Server: connection.languages.diagnostics.on: untitled:Untitled-1
[Trace 02:16:04.638] DocumentSymbolProvider: provideDocumentSymbols — file:///home/n30/.dotfiles/wiki-wayland-0.9beta.md 27
[Debug 02:16:04.638] LinkProvider: compute - file:///home/n30/.dotfiles/wiki-wayland-0.9beta.md
[Trace 02:16:04.638] VsCodeClientWorkspace: TextDocument.onDidChanceContent: file:///home/n30/.dotfiles/wiki-wayland-0.9beta.md
[Trace 02:16:04.638] Server: connection.languages.diagnostics.on: file:///home/n30/.dotfiles/wiki-wayland-0.9beta.md
[Debug 02:16:04.683] TableOfContentsProvider: create - file:///home/n30/.dotfiles/wiki-wayland-0.9beta.md
[Debug 02:16:04.811] MdFoldingProvider: provideFoldingRanges — file:///home/n30/.dotfiles/wiki-wayland-0.9beta.md 28
[Debug 02:16:04.940] LinkProvider: compute - file:///home/n30/.dotfiles/wiki-wayland-0.9beta.md
[Trace 02:16:04.940] Server: connection.languages.diagnostics.on: untitled:Untitled-1
[Trace 02:16:04.963] DocumentSymbolProvider: provideDocumentSymbols — file:///home/n30/.dotfiles/wiki-wayland-0.9beta.md 28
[Trace 02:50:15.001] VsCodeClientWorkspace: TextDocument.onDidChanceContent: file:///home/n30/.dotfiles/wiki-wayland-0.9beta.md
[Trace 02:50:15.002] Server: connection.languages.diagnostics.on: file:///home/n30/.dotfiles/wiki-wayland-0.9beta.md
[Debug 02:50:15.170] MdFoldingProvider: provideFoldingRanges — file:///home/n30/.dotfiles/wiki-wayland-0.9beta.md 29
[Debug 02:50:15.170] TableOfContentsProvider: create - file:///home/n30/.dotfiles/wiki-wayland-0.9beta.md
[Trace 02:50:15.364] Server: connection.languages.diagnostics.on: untitled:Untitled-1
[Debug 02:50:15.380] LinkProvider: compute - file:///home/n30/.dotfiles/wiki-wayland-0.9beta.md
[Trace 02:50:15.398] DocumentSymbolProvider: provideDocumentSymbols — file:///home/n30/.dotfiles/wiki-wayland-0.9beta.md 29
[Trace 02:50:19.978] VsCodeClientWorkspace: TextDocument.onDidChanceContent: file:///home/n30/.dotfiles/wiki-wayland-0.9beta.md
[Trace 02:50:19.978] Server: connection.languages.diagnostics.on: file:///home/n30/.dotfiles/wiki-wayland-0.9beta.md
[Debug 02:50:20.157] MdFoldingProvider: provideFoldingRanges — file:///home/n30/.dotfiles/wiki-wayland-0.9beta.md 30
[Debug 02:50:20.158] TableOfContentsProvider: create - file:///home/n30/.dotfiles/wiki-wayland-0.9beta.md
[Trace 02:50:20.319] Server: connection.languages.diagnostics.on: untitled:Untitled-1
[Debug 02:50:20.332] LinkProvider: compute - file:///home/n30/.dotfiles/wiki-wayland-0.9beta.md
[Trace 02:50:20.332] DocumentSymbolProvider: provideDocumentSymbols — file:///home/n30/.dotfiles/wiki-wayland-0.9beta.md 30
[Trace 02:50:22.659] VsCodeClientWorkspace: TextDocument.onDidChanceContent: file:///home/n30/.dotfiles/wiki-wayland-0.9beta.md
[Trace 02:50:22.659] Server: connection.languages.diagnostics.on: file:///home/n30/.dotfiles/wiki-wayland-0.9beta.md
[Debug 02:50:22.837] MdFoldingProvider: provideFoldingRanges — file:///home/n30/.dotfiles/wiki-wayland-0.9beta.md 31
[Debug 02:50:22.837] TableOfContentsProvider: create - file:///home/n30/.dotfiles/wiki-wayland-0.9beta.md
[Trace 02:50:22.895] Server: connection.languages.diagnostics.on: untitled:Untitled-1
[Trace 02:50:22.993] DocumentSymbolProvider: provideDocumentSymbols — file:///home/n30/.dotfiles/wiki-wayland-0.9beta.md 31
[Debug 02:50:22.993] LinkProvider: compute - file:///home/n30/.dotfiles/wiki-wayland-0.9beta.md
[Trace 03:28:55.128] Server: connection.languages.diagnostics.on: untitled:Untitled-1
[Trace 03:28:55.329] Server: connection.languages.diagnostics.on: file:///home/n30/.dotfiles/wiki-wayland-0.9beta.md
[Trace 03:32:13.189] Server: connection.languages.diagnostics.on: file:///home/n30/.dotfiles/wiki-wayland-0.9beta.md
[Debug 03:32:13.344] MdFoldingProvider: provideFoldingRanges — file:///home/n30/.dotfiles/wiki-wayland-0.9beta.md 31
