2023-07-17 01:29:46.733 [info] Validating found git in: git
2023-07-17 01:29:46.733 [info] Using git 2.41.0 from git
2023-07-17 01:29:46.733 [info] > git rev-parse --show-toplevel [1ms]
2023-07-17 01:29:46.733 [info] > git rev-parse --git-dir --git-common-dir [1ms]
2023-07-17 01:29:46.733 [info] Log level: Info
2023-07-17 01:29:46.733 [info] Open repository: /home/n30/.dotfiles
2023-07-17 01:29:46.733 [info] > git remote --verbose [12ms]
2023-07-17 01:29:46.733 [info] > git for-each-ref --sort -committerdate --format %(refname) %(objectname) %(*objectname) [14ms]
2023-07-17 01:29:46.733 [info] > git config --get commit.template [5ms]
2023-07-17 01:29:46.733 [info] > git rev-parse --show-toplevel [8ms]
2023-07-17 01:29:46.733 [info] > git status -z -uall [13ms]
2023-07-17 01:29:46.733 [info] > git rev-parse --show-toplevel [3ms]
2023-07-17 01:29:46.733 [info] > git for-each-ref --format=%(refname)%00%(upstream:short)%00%(objectname)%00%(upstream:track)%00%(upstream:remotename)%00%(upstream:remoteref) refs/heads/master refs/remotes/master [2ms]
2023-07-17 01:29:46.733 [info] > git status -z -uall [7ms]
2023-07-17 01:29:46.733 [info] > git remote --verbose [9ms]
2023-07-17 01:29:46.733 [info] > git for-each-ref --sort -committerdate --format %(refname) %(objectname) %(*objectname) [11ms]
2023-07-17 01:29:46.733 [info] > git rev-parse --show-toplevel [15ms]
2023-07-17 01:29:46.733 [info] > git config --get commit.template [5ms]
2023-07-17 01:29:46.733 [info] > git rev-parse --show-toplevel [1ms]
2023-07-17 01:29:46.733 [info] > git rev-parse --show-toplevel [2ms]
2023-07-17 01:29:46.733 [info] > git for-each-ref --format=%(refname)%00%(upstream:short)%00%(objectname)%00%(upstream:track)%00%(upstream:remotename)%00%(upstream:remoteref) refs/heads/master refs/remotes/master [70ms]
2023-07-17 01:29:46.733 [info] > git rev-parse --show-toplevel [95ms]
2023-07-17 01:29:46.733 [info] > git rev-parse --show-toplevel [2ms]
2023-07-17 01:29:46.733 [info] > git rev-parse --show-toplevel [1ms]
2023-07-17 01:29:46.733 [info] > git rev-parse --show-toplevel [1ms]
2023-07-17 01:29:46.733 [info] > git rev-parse --show-toplevel [0ms]
2023-07-17 01:29:46.733 [info] > git rev-parse --show-toplevel [0ms]
2023-07-17 01:29:46.733 [info] > git rev-parse --show-toplevel [1ms]
2023-07-17 01:29:46.733 [info] > git rev-parse --show-toplevel [0ms]
2023-07-17 01:29:46.733 [info] > git rev-parse --show-toplevel [0ms]
2023-07-17 01:29:46.733 [info] > git rev-parse --show-toplevel [0ms]
2023-07-17 01:29:46.733 [info] > git rev-parse --show-toplevel [1ms]
2023-07-17 01:29:46.733 [info] > git rev-parse --show-toplevel [0ms]
2023-07-17 01:29:46.741 [info] > git rev-parse --show-toplevel [9ms]
2023-07-17 01:29:46.926 [info] > git show --textconv :wiki-wayland-0.9beta.md [4ms]
2023-07-17 01:29:46.927 [info] > git ls-files --stage -- /home/n30/.dotfiles/wiki-wayland-0.9beta.md [1ms]
2023-07-17 01:29:46.930 [info] > git cat-file -s fb22febe0606b38b3d16e077835f2a77ecb61da0 [1ms]
2023-07-17 01:29:47.182 [info] > git check-ignore -v -z --stdin [1ms]
2023-07-17 01:29:51.961 [info] > git status -z -uall [2ms]
2023-07-17 01:29:51.961 [info] > git remote --verbose [5ms]
2023-07-17 01:29:51.962 [info] > git for-each-ref --sort -committerdate --format %(refname) %(objectname) %(*objectname) [8ms]
2023-07-17 01:29:51.962 [info] > git config --get commit.template [1ms]
2023-07-17 01:29:51.965 [info] > git for-each-ref --format=%(refname)%00%(upstream:short)%00%(objectname)%00%(upstream:track)%00%(upstream:remotename)%00%(upstream:remoteref) refs/heads/master refs/remotes/master [1ms]
2023-07-16 19:32:32.082 [info] > git status -z -uall [2ms]
2023-07-16 19:32:32.082 [info] > git remote --verbose [4ms]
2023-07-16 19:32:32.083 [info] > git for-each-ref --sort -committerdate --format %(refname) %(objectname) %(*objectname) [7ms]
2023-07-16 19:32:32.083 [info] > git config --get commit.template [1ms]
2023-07-16 19:32:32.086 [info] > git for-each-ref --format=%(refname)%00%(upstream:short)%00%(objectname)%00%(upstream:track)%00%(upstream:remotename)%00%(upstream:remoteref) refs/heads/master refs/remotes/master [1ms]
2023-07-16 19:40:19.419 [info] > git status -z -uall [3ms]
2023-07-16 19:40:19.419 [info] > git remote --verbose [5ms]
2023-07-16 19:40:19.420 [info] > git for-each-ref --sort -committerdate --format %(refname) %(objectname) %(*objectname) [8ms]
2023-07-16 19:40:19.420 [info] > git config --get commit.template [1ms]
2023-07-16 19:40:19.423 [info] > git for-each-ref --format=%(refname)%00%(upstream:short)%00%(objectname)%00%(upstream:track)%00%(upstream:remotename)%00%(upstream:remoteref) refs/heads/master refs/remotes/master [1ms]
2023-07-16 19:40:19.515 [info] > git ls-files --stage -- /home/n30/.dotfiles/wiki-wayland-0.9beta.md [0ms]
2023-07-16 19:40:19.518 [info] > git cat-file -s eeeb69545c4ec69a0690e43180cae38780481181 [0ms]
2023-07-16 19:40:19.524 [info] > git show --textconv :wiki-wayland-0.9beta.md [1ms]
2023-07-16 19:40:25.374 [info] > git remote --verbose [4ms]
2023-07-16 19:40:25.375 [info] > git for-each-ref --sort -committerdate --format %(refname) %(objectname) %(*objectname) [8ms]
2023-07-16 19:40:25.375 [info] > git status -z -uall [3ms]
2023-07-16 19:40:25.375 [info] > git config --get commit.template [1ms]
2023-07-16 19:40:25.378 [info] > git for-each-ref --format=%(refname)%00%(upstream:short)%00%(objectname)%00%(upstream:track)%00%(upstream:remotename)%00%(upstream:remoteref) refs/heads/master refs/remotes/master [1ms]
2023-07-16 19:40:25.470 [info] > git ls-files --stage -- /home/n30/.dotfiles/wiki-wayland-0.9beta.md [0ms]
2023-07-16 19:40:25.472 [info] > git cat-file -s eeeb69545c4ec69a0690e43180cae38780481181 [0ms]
2023-07-16 19:40:25.479 [info] > git show --textconv :wiki-wayland-0.9beta.md [1ms]
2023-07-16 19:47:54.226 [info] > git status -z -uall [2ms]
2023-07-16 19:47:54.226 [info] > git remote --verbose [5ms]
2023-07-16 19:47:54.226 [info] > git for-each-ref --sort -committerdate --format %(refname) %(objectname) %(*objectname) [8ms]
2023-07-16 19:47:54.226 [info] > git config --get commit.template [1ms]
2023-07-16 19:47:54.229 [info] > git for-each-ref --format=%(refname)%00%(upstream:short)%00%(objectname)%00%(upstream:track)%00%(upstream:remotename)%00%(upstream:remoteref) refs/heads/master refs/remotes/master [0ms]
2023-07-16 20:03:26.722 [info] > git remote --verbose [5ms]
2023-07-16 20:03:26.722 [info] > git for-each-ref --sort -committerdate --format %(refname) %(objectname) %(*objectname) [8ms]
2023-07-16 20:03:26.722 [info] > git status -z -uall [3ms]
2023-07-16 20:03:26.722 [info] > git config --get commit.template [1ms]
2023-07-16 20:03:26.725 [info] > git for-each-ref --format=%(refname)%00%(upstream:short)%00%(objectname)%00%(upstream:track)%00%(upstream:remotename)%00%(upstream:remoteref) refs/heads/master refs/remotes/master [1ms]
2023-07-16 20:03:31.738 [info] > git status -z -uall [3ms]
2023-07-16 20:03:31.738 [info] > git remote --verbose [6ms]
2023-07-16 20:03:31.738 [info] > git for-each-ref --sort -committerdate --format %(refname) %(objectname) %(*objectname) [8ms]
2023-07-16 20:03:31.738 [info] > git config --get commit.template [1ms]
2023-07-16 20:03:31.742 [info] > git for-each-ref --format=%(refname)%00%(upstream:short)%00%(objectname)%00%(upstream:track)%00%(upstream:remotename)%00%(upstream:remoteref) refs/heads/master refs/remotes/master [1ms]
2023-07-16 20:04:07.048 [info] > git status -z -uall [3ms]
2023-07-16 20:04:07.048 [info] > git remote --verbose [5ms]
2023-07-16 20:04:07.048 [info] > git for-each-ref --sort -committerdate --format %(refname) %(objectname) %(*objectname) [8ms]
2023-07-16 20:04:07.049 [info] > git config --get commit.template [1ms]
2023-07-16 20:04:07.052 [info] > git for-each-ref --format=%(refname)%00%(upstream:short)%00%(objectname)%00%(upstream:track)%00%(upstream:remotename)%00%(upstream:remoteref) refs/heads/master refs/remotes/master [0ms]
2023-07-16 20:04:13.058 [info] > git status -z -uall [5ms]
2023-07-16 20:04:13.058 [info] > git remote --verbose [8ms]
2023-07-16 20:04:13.058 [info] > git for-each-ref --sort -committerdate --format %(refname) %(objectname) %(*objectname) [11ms]
2023-07-16 20:04:13.059 [info] > git config --get commit.template [1ms]
2023-07-16 20:04:13.064 [info] > git for-each-ref --format=%(refname)%00%(upstream:short)%00%(objectname)%00%(upstream:track)%00%(upstream:remotename)%00%(upstream:remoteref) refs/heads/master refs/remotes/master [1ms]
2023-07-16 20:04:18.922 [info] > git status -z -uall [2ms]
2023-07-16 20:04:18.922 [info] > git remote --verbose [6ms]
2023-07-16 20:04:18.922 [info] > git for-each-ref --sort -committerdate --format %(refname) %(objectname) %(*objectname) [9ms]
2023-07-16 20:04:18.922 [info] > git config --get commit.template [1ms]
2023-07-16 20:04:18.926 [info] > git for-each-ref --format=%(refname)%00%(upstream:short)%00%(objectname)%00%(upstream:track)%00%(upstream:remotename)%00%(upstream:remoteref) refs/heads/master refs/remotes/master [0ms]
2023-07-16 20:04:28.580 [info] > git status -z -uall [4ms]
2023-07-16 20:04:28.580 [info] > git remote --verbose [7ms]
2023-07-16 20:04:28.580 [info] > git for-each-ref --sort -committerdate --format %(refname) %(objectname) %(*objectname) [10ms]
2023-07-16 20:04:28.580 [info] > git config --get commit.template [1ms]
2023-07-16 20:04:28.584 [info] > git for-each-ref --format=%(refname)%00%(upstream:short)%00%(objectname)%00%(upstream:track)%00%(upstream:remotename)%00%(upstream:remoteref) refs/heads/master refs/remotes/master [0ms]
2023-07-16 20:04:33.598 [info] > git status -z -uall [3ms]
2023-07-16 20:04:33.599 [info] > git remote --verbose [6ms]
2023-07-16 20:04:33.599 [info] > git for-each-ref --sort -committerdate --format %(refname) %(objectname) %(*objectname) [10ms]
2023-07-16 20:04:33.599 [info] > git config --get commit.template [1ms]
2023-07-16 20:04:33.602 [info] > git for-each-ref --format=%(refname)%00%(upstream:short)%00%(objectname)%00%(upstream:track)%00%(upstream:remotename)%00%(upstream:remoteref) refs/heads/master refs/remotes/master [0ms]
2023-07-16 20:04:47.409 [info] > git status -z -uall [3ms]
2023-07-16 20:04:47.409 [info] > git remote --verbose [6ms]
2023-07-16 20:04:47.409 [info] > git for-each-ref --sort -committerdate --format %(refname) %(objectname) %(*objectname) [10ms]
2023-07-16 20:04:47.409 [info] > git config --get commit.template [1ms]
2023-07-16 20:04:47.413 [info] > git for-each-ref --format=%(refname)%00%(upstream:short)%00%(objectname)%00%(upstream:track)%00%(upstream:remotename)%00%(upstream:remoteref) refs/heads/master refs/remotes/master [1ms]
2023-07-16 20:04:53.600 [info] > git status -z -uall [3ms]
2023-07-16 20:04:53.600 [info] > git remote --verbose [6ms]
2023-07-16 20:04:53.600 [info] > git for-each-ref --sort -committerdate --format %(refname) %(objectname) %(*objectname) [9ms]
2023-07-16 20:04:53.601 [info] > git config --get commit.template [0ms]
2023-07-16 20:04:53.605 [info] > git for-each-ref --format=%(refname)%00%(upstream:short)%00%(objectname)%00%(upstream:track)%00%(upstream:remotename)%00%(upstream:remoteref) refs/heads/master refs/remotes/master [0ms]
2023-07-16 20:06:06.758 [info] > git remote --verbose [5ms]
2023-07-16 20:06:06.758 [info] > git for-each-ref --sort -committerdate --format %(refname) %(objectname) %(*objectname) [7ms]
2023-07-16 20:06:06.758 [info] > git status -z -uall [3ms]
2023-07-16 20:06:06.759 [info] > git config --get commit.template [0ms]
2023-07-16 20:06:06.762 [info] > git for-each-ref --format=%(refname)%00%(upstream:short)%00%(objectname)%00%(upstream:track)%00%(upstream:remotename)%00%(upstream:remoteref) refs/heads/master refs/remotes/master [0ms]
2023-07-16 20:14:32.379 [info] > git status -z -uall [3ms]
2023-07-16 20:14:32.379 [info] > git remote --verbose [6ms]
2023-07-16 20:14:32.379 [info] > git for-each-ref --sort -committerdate --format %(refname) %(objectname) %(*objectname) [8ms]
2023-07-16 20:14:32.380 [info] > git config --get commit.template [1ms]
2023-07-16 20:14:32.383 [info] > git for-each-ref --format=%(refname)%00%(upstream:short)%00%(objectname)%00%(upstream:track)%00%(upstream:remotename)%00%(upstream:remoteref) refs/heads/master refs/remotes/master [0ms]
2023-07-16 20:14:48.872 [info] > git status -z -uall [3ms]
2023-07-16 20:14:48.872 [info] > git remote --verbose [9ms]
2023-07-16 20:14:48.872 [info] > git for-each-ref --sort -committerdate --format %(refname) %(objectname) %(*objectname) [13ms]
2023-07-16 20:14:48.872 [info] > git config --get commit.template [1ms]
2023-07-16 20:14:48.876 [info] > git for-each-ref --format=%(refname)%00%(upstream:short)%00%(objectname)%00%(upstream:track)%00%(upstream:remotename)%00%(upstream:remoteref) refs/heads/master refs/remotes/master [1ms]
2023-07-16 20:15:07.934 [info] > git status -z -uall [3ms]
2023-07-16 20:15:07.934 [info] > git remote --verbose [6ms]
2023-07-16 20:15:07.934 [info] > git for-each-ref --sort -committerdate --format %(refname) %(objectname) %(*objectname) [8ms]
2023-07-16 20:15:07.935 [info] > git config --get commit.template [1ms]
2023-07-16 20:15:07.938 [info] > git for-each-ref --format=%(refname)%00%(upstream:short)%00%(objectname)%00%(upstream:track)%00%(upstream:remotename)%00%(upstream:remoteref) refs/heads/master refs/remotes/master [0ms]
2023-07-16 20:15:12.954 [info] > git status -z -uall [3ms]
2023-07-16 20:15:12.955 [info] > git remote --verbose [7ms]
2023-07-16 20:15:12.955 [info] > git for-each-ref --sort -committerdate --format %(refname) %(objectname) %(*objectname) [11ms]
2023-07-16 20:15:12.955 [info] > git config --get commit.template [1ms]
2023-07-16 20:15:12.959 [info] > git for-each-ref --format=%(refname)%00%(upstream:short)%00%(objectname)%00%(upstream:track)%00%(upstream:remotename)%00%(upstream:remoteref) refs/heads/master refs/remotes/master [1ms]
2023-07-16 20:15:17.972 [info] > git status -z -uall [3ms]
2023-07-16 20:15:17.972 [info] > git remote --verbose [6ms]
2023-07-16 20:15:17.972 [info] > git for-each-ref --sort -committerdate --format %(refname) %(objectname) %(*objectname) [8ms]
2023-07-16 20:15:17.973 [info] > git config --get commit.template [0ms]
2023-07-16 20:15:17.976 [info] > git for-each-ref --format=%(refname)%00%(upstream:short)%00%(objectname)%00%(upstream:track)%00%(upstream:remotename)%00%(upstream:remoteref) refs/heads/master refs/remotes/master [1ms]
2023-07-16 20:15:22.991 [info] > git status -z -uall [4ms]
2023-07-16 20:15:22.991 [info] > git remote --verbose [7ms]
2023-07-16 20:15:22.991 [info] > git for-each-ref --sort -committerdate --format %(refname) %(objectname) %(*objectname) [10ms]
2023-07-16 20:15:22.992 [info] > git config --get commit.template [1ms]
2023-07-16 20:15:22.996 [info] > git for-each-ref --format=%(refname)%00%(upstream:short)%00%(objectname)%00%(upstream:track)%00%(upstream:remotename)%00%(upstream:remoteref) refs/heads/master refs/remotes/master [1ms]
2023-07-16 20:15:28.010 [info] > git status -z -uall [3ms]
2023-07-16 20:15:28.011 [info] > git remote --verbose [7ms]
2023-07-16 20:15:28.011 [info] > git for-each-ref --sort -committerdate --format %(refname) %(objectname) %(*objectname) [10ms]
2023-07-16 20:15:28.011 [info] > git config --get commit.template [1ms]
2023-07-16 20:15:28.015 [info] > git for-each-ref --format=%(refname)%00%(upstream:short)%00%(objectname)%00%(upstream:track)%00%(upstream:remotename)%00%(upstream:remoteref) refs/heads/master refs/remotes/master [1ms]
2023-07-16 20:15:40.446 [info] > git remote --verbose [5ms]
2023-07-16 20:15:40.446 [info] > git for-each-ref --sort -committerdate --format %(refname) %(objectname) %(*objectname) [7ms]
2023-07-16 20:15:40.446 [info] > git status -z -uall [3ms]
2023-07-16 20:15:40.447 [info] > git config --get commit.template [0ms]
2023-07-16 20:15:40.449 [info] > git for-each-ref --format=%(refname)%00%(upstream:short)%00%(objectname)%00%(upstream:track)%00%(upstream:remotename)%00%(upstream:remoteref) refs/heads/master refs/remotes/master [0ms]
2023-07-16 20:15:48.417 [info] > git status -z -uall [3ms]
2023-07-16 20:15:48.417 [info] > git remote --verbose [6ms]
2023-07-16 20:15:48.417 [info] > git for-each-ref --sort -committerdate --format %(refname) %(objectname) %(*objectname) [9ms]
2023-07-16 20:15:48.418 [info] > git config --get commit.template [1ms]
2023-07-16 20:15:48.421 [info] > git for-each-ref --format=%(refname)%00%(upstream:short)%00%(objectname)%00%(upstream:track)%00%(upstream:remotename)%00%(upstream:remoteref) refs/heads/master refs/remotes/master [0ms]
2023-07-16 20:15:56.582 [info] > git status -z -uall [4ms]
2023-07-16 20:15:56.582 [info] > git remote --verbose [7ms]
2023-07-16 20:15:56.582 [info] > git for-each-ref --sort -committerdate --format %(refname) %(objectname) %(*objectname) [10ms]
2023-07-16 20:15:56.583 [info] > git config --get commit.template [1ms]
2023-07-16 20:15:56.587 [info] > git for-each-ref --format=%(refname)%00%(upstream:short)%00%(objectname)%00%(upstream:track)%00%(upstream:remotename)%00%(upstream:remoteref) refs/heads/master refs/remotes/master [1ms]
2023-07-16 20:16:01.605 [info] > git status -z -uall [4ms]
2023-07-16 20:16:01.605 [info] > git remote --verbose [8ms]
2023-07-16 20:16:01.605 [info] > git for-each-ref --sort -committerdate --format %(refname) %(objectname) %(*objectname) [12ms]
2023-07-16 20:16:01.605 [info] > git config --get commit.template [0ms]
2023-07-16 20:16:01.610 [info] > git for-each-ref --format=%(refname)%00%(upstream:short)%00%(objectname)%00%(upstream:track)%00%(upstream:remotename)%00%(upstream:remoteref) refs/heads/master refs/remotes/master [1ms]
2023-07-16 20:16:06.753 [info] > git status -z -uall [4ms]
2023-07-16 20:16:06.753 [info] > git remote --verbose [8ms]
2023-07-16 20:16:06.753 [info] > git for-each-ref --sort -committerdate --format %(refname) %(objectname) %(*objectname) [11ms]
2023-07-16 20:16:06.753 [info] > git config --get commit.template [1ms]
2023-07-16 20:16:06.758 [info] > git for-each-ref --format=%(refname)%00%(upstream:short)%00%(objectname)%00%(upstream:track)%00%(upstream:remotename)%00%(upstream:remoteref) refs/heads/master refs/remotes/master [0ms]
2023-07-16 20:28:40.300 [info] > git status -z -uall [3ms]
2023-07-16 20:28:40.300 [info] > git remote --verbose [5ms]
2023-07-16 20:28:40.300 [info] > git for-each-ref --sort -committerdate --format %(refname) %(objectname) %(*objectname) [8ms]
2023-07-16 20:28:40.301 [info] > git config --get commit.template [1ms]
2023-07-16 20:28:40.304 [info] > git for-each-ref --format=%(refname)%00%(upstream:short)%00%(objectname)%00%(upstream:track)%00%(upstream:remotename)%00%(upstream:remoteref) refs/heads/master refs/remotes/master [0ms]
2023-07-16 20:28:45.318 [info] > git status -z -uall [3ms]
2023-07-16 20:28:45.318 [info] > git remote --verbose [6ms]
2023-07-16 20:28:45.318 [info] > git for-each-ref --sort -committerdate --format %(refname) %(objectname) %(*objectname) [9ms]
2023-07-16 20:28:45.318 [info] > git config --get commit.template [1ms]
2023-07-16 20:28:45.322 [info] > git for-each-ref --format=%(refname)%00%(upstream:short)%00%(objectname)%00%(upstream:track)%00%(upstream:remotename)%00%(upstream:remoteref) refs/heads/master refs/remotes/master [0ms]
2023-07-16 20:41:21.553 [info] > git status -z -uall [3ms]
2023-07-16 20:41:21.553 [info] > git remote --verbose [6ms]
2023-07-16 20:41:21.553 [info] > git for-each-ref --sort -committerdate --format %(refname) %(objectname) %(*objectname) [8ms]
2023-07-16 20:41:21.554 [info] > git config --get commit.template [1ms]
2023-07-16 20:41:21.557 [info] > git for-each-ref --format=%(refname)%00%(upstream:short)%00%(objectname)%00%(upstream:track)%00%(upstream:remotename)%00%(upstream:remoteref) refs/heads/master refs/remotes/master [0ms]
2023-07-16 20:45:05.127 [info] > git remote --verbose [5ms]
2023-07-16 20:45:05.128 [info] > git for-each-ref --sort -committerdate --format %(refname) %(objectname) %(*objectname) [9ms]
2023-07-16 20:45:05.128 [info] > git config --get commit.template [1ms]
2023-07-16 20:45:05.131 [info] > git for-each-ref --format=%(refname)%00%(upstream:short)%00%(objectname)%00%(upstream:track)%00%(upstream:remotename)%00%(upstream:remoteref) refs/heads/master refs/remotes/master [1ms]
2023-07-16 20:45:05.138 [info] > git status -z -uall [14ms]
2023-07-16 20:47:03.912 [info] > git status -z -uall [3ms]
2023-07-16 20:47:03.912 [info] > git remote --verbose [5ms]
2023-07-16 20:47:03.912 [info] > git for-each-ref --sort -committerdate --format %(refname) %(objectname) %(*objectname) [8ms]
2023-07-16 20:47:03.913 [info] > git config --get commit.template [1ms]
2023-07-16 20:47:03.916 [info] > git for-each-ref --format=%(refname)%00%(upstream:short)%00%(objectname)%00%(upstream:track)%00%(upstream:remotename)%00%(upstream:remoteref) refs/heads/master refs/remotes/master [1ms]
2023-07-16 20:48:02.131 [info] > git status -z -uall [2ms]
2023-07-16 20:48:02.131 [info] > git remote --verbose [5ms]
2023-07-16 20:48:02.131 [info] > git for-each-ref --sort -committerdate --format %(refname) %(objectname) %(*objectname) [7ms]
2023-07-16 20:48:02.132 [info] > git config --get commit.template [1ms]
2023-07-16 20:48:02.135 [info] > git for-each-ref --format=%(refname)%00%(upstream:short)%00%(objectname)%00%(upstream:track)%00%(upstream:remotename)%00%(upstream:remoteref) refs/heads/master refs/remotes/master [0ms]
2023-07-16 20:49:49.864 [info] > git remote --verbose [5ms]
2023-07-16 20:49:49.864 [info] > git for-each-ref --sort -committerdate --format %(refname) %(objectname) %(*objectname) [7ms]
2023-07-16 20:49:49.864 [info] > git config --get commit.template [0ms]
2023-07-16 20:49:49.866 [info] > git status -z -uall [5ms]
2023-07-16 20:49:49.867 [info] > git for-each-ref --format=%(refname)%00%(upstream:short)%00%(objectname)%00%(upstream:track)%00%(upstream:remotename)%00%(upstream:remoteref) refs/heads/master refs/remotes/master [1ms]
2023-07-16 20:50:17.738 [info] > git status -z -uall [3ms]
2023-07-16 20:50:17.739 [info] > git remote --verbose [7ms]
2023-07-16 20:50:17.739 [info] > git for-each-ref --sort -committerdate --format %(refname) %(objectname) %(*objectname) [11ms]
2023-07-16 20:50:17.739 [info] > git config --get commit.template [1ms]
2023-07-16 20:50:17.743 [info] > git for-each-ref --format=%(refname)%00%(upstream:short)%00%(objectname)%00%(upstream:track)%00%(upstream:remotename)%00%(upstream:remoteref) refs/heads/master refs/remotes/master [1ms]
2023-07-16 20:50:22.757 [info] > git status -z -uall [3ms]
2023-07-16 20:50:22.758 [info] > git remote --verbose [6ms]
2023-07-16 20:50:22.758 [info] > git for-each-ref --sort -committerdate --format %(refname) %(objectname) %(*objectname) [10ms]
2023-07-16 20:50:22.758 [info] > git config --get commit.template [1ms]
2023-07-16 20:50:22.761 [info] > git for-each-ref --format=%(refname)%00%(upstream:short)%00%(objectname)%00%(upstream:track)%00%(upstream:remotename)%00%(upstream:remoteref) refs/heads/master refs/remotes/master [0ms]
2023-07-16 21:22:30.370 [info] > git remote --verbose [6ms]
2023-07-16 21:22:30.370 [info] > git for-each-ref --sort -committerdate --format %(refname) %(objectname) %(*objectname) [9ms]
2023-07-16 21:22:30.370 [info] > git config --get commit.template [0ms]
2023-07-16 21:22:30.373 [info] > git status -z -uall [7ms]
2023-07-16 21:22:30.374 [info] > git for-each-ref --format=%(refname)%00%(upstream:short)%00%(objectname)%00%(upstream:track)%00%(upstream:remotename)%00%(upstream:remoteref) refs/heads/master refs/remotes/master [1ms]
2023-07-16 21:22:46.914 [info] > git status -z -uall [4ms]
2023-07-16 21:22:46.914 [info] > git remote --verbose [7ms]
2023-07-16 21:22:46.915 [info] > git for-each-ref --sort -committerdate --format %(refname) %(objectname) %(*objectname) [11ms]
2023-07-16 21:22:46.915 [info] > git config --get commit.template [1ms]
2023-07-16 21:22:46.918 [info] > git for-each-ref --format=%(refname)%00%(upstream:short)%00%(objectname)%00%(upstream:track)%00%(upstream:remotename)%00%(upstream:remoteref) refs/heads/master refs/remotes/master [0ms]
2023-07-16 21:28:52.870 [info] > git status -z -uall [3ms]
2023-07-16 21:28:52.870 [info] > git remote --verbose [6ms]
2023-07-16 21:28:52.871 [info] > git for-each-ref --sort -committerdate --format %(refname) %(objectname) %(*objectname) [11ms]
2023-07-16 21:28:52.871 [info] > git config --get commit.template [1ms]
2023-07-16 21:28:52.875 [info] > git for-each-ref --format=%(refname)%00%(upstream:short)%00%(objectname)%00%(upstream:track)%00%(upstream:remotename)%00%(upstream:remoteref) refs/heads/master refs/remotes/master [1ms]
2023-07-16 21:29:38.134 [info] > git show --textconv :bin/test/iommu-groups.sh [3ms]
2023-07-16 21:29:38.134 [info] > git ls-files --stage -- /home/n30/.dotfiles/bin/test/iommu-groups.sh [1ms]
2023-07-16 21:29:38.459 [info] > git check-ignore -v -z --stdin [1ms]
2023-07-16 21:29:41.231 [info] > git status -z -uall [3ms]
2023-07-16 21:29:41.231 [info] > git remote --verbose [6ms]
2023-07-16 21:29:41.231 [info] > git for-each-ref --sort -committerdate --format %(refname) %(objectname) %(*objectname) [8ms]
2023-07-16 21:29:41.232 [info] > git config --get commit.template [1ms]
2023-07-16 21:29:41.235 [info] > git for-each-ref --format=%(refname)%00%(upstream:short)%00%(objectname)%00%(upstream:track)%00%(upstream:remotename)%00%(upstream:remoteref) refs/heads/master refs/remotes/master [0ms]
2023-07-16 21:32:13.386 [info] > git show --textconv :wiki-wayland-0.9beta.md [7ms]
2023-07-16 21:32:13.387 [info] > git ls-files --stage -- /home/n30/.dotfiles/wiki-wayland-0.9beta.md [5ms]
2023-07-16 21:32:13.392 [info] > git cat-file -s eeeb69545c4ec69a0690e43180cae38780481181 [1ms]
2023-07-16 21:33:52.027 [info] > git status -z -uall [3ms]
2023-07-16 21:33:52.027 [info] > git remote --verbose [6ms]
2023-07-16 21:33:52.028 [info] > git for-each-ref --sort -committerdate --format %(refname) %(objectname) %(*objectname) [9ms]
2023-07-16 21:33:52.028 [info] > git config --get commit.template [1ms]
2023-07-16 21:33:52.031 [info] > git for-each-ref --format=%(refname)%00%(upstream:short)%00%(objectname)%00%(upstream:track)%00%(upstream:remotename)%00%(upstream:remoteref) refs/heads/master refs/remotes/master [0ms]
2023-07-16 21:42:07.178 [info] > git remote --verbose [7ms]
2023-07-16 21:42:07.178 [info] > git for-each-ref --sort -committerdate --format %(refname) %(objectname) %(*objectname) [11ms]
2023-07-16 21:42:07.178 [info] > git status -z -uall [5ms]
2023-07-16 21:42:07.178 [info] > git config --get commit.template [1ms]
2023-07-16 21:42:07.182 [info] > git for-each-ref --format=%(refname)%00%(upstream:short)%00%(objectname)%00%(upstream:track)%00%(upstream:remotename)%00%(upstream:remoteref) refs/heads/master refs/remotes/master [1ms]
