2023-07-17 01:29:46.219 [info] Extension host with pid 7593 started
2023-07-17 01:29:46.219 [info] Skipping acquiring lock for /home/n30/.config/Code - OSS/User/workspaceStorage/1feba4cd03760bc246259d32580ab904.
2023-07-17 01:29:46.259 [info] ExtensionService#_doActivateExtension vscode.extension-editing, startup: false, activationEvent: 'onLanguage:markdown'
2023-07-17 01:29:46.259 [info] ExtensionService#_doActivateExtension vscode.markdown-language-features, startup: false, activationEvent: 'onLanguage:markdown'
2023-07-17 01:29:46.260 [info] ExtensionService#_doActivateExtension Sycl.markdown-command-runner, startup: false, activationEvent: 'onLanguage:markdown'
2023-07-17 01:29:46.260 [info] ExtensionService#_doActivateExtension yzhang.markdown-all-in-one, startup: false, activationEvent: 'onLanguage:markdown'
2023-07-17 01:29:46.260 [info] ExtensionService#_doActivateExtension zaaack.markdown-editor, startup: false, activationEvent: 'onLanguage:markdown'
2023-07-17 01:29:46.260 [info] ExtensionService#_doActivateExtension vscode.git-base, startup: true, activationEvent: '*', root cause: vscode.git
2023-07-17 01:29:46.260 [info] ExtensionService#_doActivateExtension naumovs.color-highlight, startup: true, activationEvent: '*'
2023-07-17 01:29:46.260 [info] ExtensionService#_doActivateExtension wayou.vscode-todo-highlight, startup: true, activationEvent: '*'
2023-07-17 01:29:46.398 [info] ExtensionService#_doActivateExtension vscode.markdown-math, startup: false, activationEvent: 'api', root cause: yzhang.markdown-all-in-one
2023-07-17 01:29:46.473 [info] ExtensionService#_doActivateExtension vscode.git, startup: true, activationEvent: '*'
2023-07-17 01:29:46.473 [info] ExtensionService#_doActivateExtension vscode.github, startup: true, activationEvent: '*'
2023-07-17 01:29:46.497 [info] ExtensionService#_doActivateExtension ms-python.python, startup: true, activationEvent: 'workspaceContains:*.py', root cause: ms-python.isort
2023-07-17 01:29:46.733 [info] ExtensionService#_doActivateExtension ms-python.isort, startup: true, activationEvent: 'workspaceContains:*.py'
2023-07-17 01:29:46.765 [info] Eager extensions activated
2023-07-17 01:29:46.794 [info] ExtensionService#_doActivateExtension vscode.debug-auto-launch, startup: false, activationEvent: 'onStartupFinished'
2023-07-17 01:29:46.795 [info] ExtensionService#_doActivateExtension vscode.emmet, startup: false, activationEvent: 'onStartupFinished'
2023-07-17 01:29:46.795 [info] ExtensionService#_doActivateExtension vscode.merge-conflict, startup: false, activationEvent: 'onStartupFinished'
2023-07-17 01:29:46.795 [info] ExtensionService#_doActivateExtension esbenp.prettier-vscode, startup: false, activationEvent: 'onStartupFinished'
2023-07-17 01:29:46.795 [info] ExtensionService#_doActivateExtension Gruntfuggly.todo-tree, startup: false, activationEvent: 'onStartupFinished'
2023-07-17 01:29:46.795 [info] ExtensionService#_doActivateExtension ritwickdey.LiveServer, startup: false, activationEvent: 'onStartupFinished'
2023-07-17 01:29:47.375 [error] TypeError: Class constructor Yt cannot be invoked without 'new'
	at p (/home/n30/.vscode-oss/extensions/gruntfuggly.todo-tree-0.0.215-universal/dist/extension.js:99:15012)
	at /home/n30/.vscode-oss/extensions/gruntfuggly.todo-tree-0.0.215-universal/dist/extension.js:99:18316
	at Array.forEach (<anonymous>)
	at Timeout.k [as _onTimeout] (/home/n30/.vscode-oss/extensions/gruntfuggly.todo-tree-0.0.215-universal/dist/extension.js:99:18289)
	at listOnTimeout (node:internal/timers:561:11)
	at process.processTimers (node:internal/timers:502:7)
2023-07-17 01:29:47.757 [error] Error: Extension 'ms-python.python' CANNOT use API proposal: testObserver.
Its package.json#enabledApiProposals-property declares:  but NOT testObserver.
 The missing proposal MUST be added and you must start in extension development mode or use the following command line switch: --enable-proposed-api ms-python.python
	at m (/usr/lib/code/out/vs/workbench/api/node/extensionHostProcess.js:88:44793)
	at get testResults [as testResults] (/usr/lib/code/out/vs/workbench/api/node/extensionHostProcess.js:113:36138)
	at P.activate (/home/n30/.vscode-oss/extensions/ms-python.python-2022.18.2-universal/out/client/extension.js:2:764843)
	at /home/n30/.vscode-oss/extensions/ms-python.python-2022.18.2-universal/out/client/extension.js:2:2251
	at Array.map (<anonymous>)
	at f.activateWorkspace (/home/n30/.vscode-oss/extensions/ms-python.python-2022.18.2-universal/out/client/extension.js:2:2241)
	at process.processTicksAndRejections (node:internal/process/task_queues:96:5)
2023-07-16 20:04:05.414 [error] TypeError: Class constructor Yt cannot be invoked without 'new'
	at p (/home/n30/.vscode-oss/extensions/gruntfuggly.todo-tree-0.0.215-universal/dist/extension.js:99:15012)
	at /home/n30/.vscode-oss/extensions/gruntfuggly.todo-tree-0.0.215-universal/dist/extension.js:99:18316
	at Array.forEach (<anonymous>)
	at Timeout.k [as _onTimeout] (/home/n30/.vscode-oss/extensions/gruntfuggly.todo-tree-0.0.215-universal/dist/extension.js:99:18289)
	at listOnTimeout (node:internal/timers:561:11)
	at process.processTimers (node:internal/timers:502:7)
2023-07-16 20:04:06.499 [error] TypeError: Class constructor Yt cannot be invoked without 'new'
	at p (/home/n30/.vscode-oss/extensions/gruntfuggly.todo-tree-0.0.215-universal/dist/extension.js:99:15012)
	at /home/n30/.vscode-oss/extensions/gruntfuggly.todo-tree-0.0.215-universal/dist/extension.js:99:18316
	at Array.forEach (<anonymous>)
	at Timeout.k [as _onTimeout] (/home/n30/.vscode-oss/extensions/gruntfuggly.todo-tree-0.0.215-universal/dist/extension.js:99:18289)
	at listOnTimeout (node:internal/timers:561:11)
	at process.processTimers (node:internal/timers:502:7)
2023-07-16 20:04:09.671 [error] TypeError: Class constructor Yt cannot be invoked without 'new'
	at p (/home/n30/.vscode-oss/extensions/gruntfuggly.todo-tree-0.0.215-universal/dist/extension.js:99:15012)
	at /home/n30/.vscode-oss/extensions/gruntfuggly.todo-tree-0.0.215-universal/dist/extension.js:99:18316
	at Array.forEach (<anonymous>)
	at Timeout.k [as _onTimeout] (/home/n30/.vscode-oss/extensions/gruntfuggly.todo-tree-0.0.215-universal/dist/extension.js:99:18289)
	at listOnTimeout (node:internal/timers:561:11)
	at process.processTimers (node:internal/timers:502:7)
2023-07-16 20:04:10.743 [error] TypeError: Class constructor Yt cannot be invoked without 'new'
	at p (/home/n30/.vscode-oss/extensions/gruntfuggly.todo-tree-0.0.215-universal/dist/extension.js:99:15012)
	at /home/n30/.vscode-oss/extensions/gruntfuggly.todo-tree-0.0.215-universal/dist/extension.js:99:18316
	at Array.forEach (<anonymous>)
	at Timeout.k [as _onTimeout] (/home/n30/.vscode-oss/extensions/gruntfuggly.todo-tree-0.0.215-universal/dist/extension.js:99:18289)
	at listOnTimeout (node:internal/timers:561:11)
	at process.processTimers (node:internal/timers:502:7)
2023-07-16 20:04:17.296 [error] TypeError: Class constructor Yt cannot be invoked without 'new'
	at p (/home/n30/.vscode-oss/extensions/gruntfuggly.todo-tree-0.0.215-universal/dist/extension.js:99:15012)
	at /home/n30/.vscode-oss/extensions/gruntfuggly.todo-tree-0.0.215-universal/dist/extension.js:99:18316
	at Array.forEach (<anonymous>)
	at Timeout.k [as _onTimeout] (/home/n30/.vscode-oss/extensions/gruntfuggly.todo-tree-0.0.215-universal/dist/extension.js:99:18289)
	at listOnTimeout (node:internal/timers:561:11)
	at process.processTimers (node:internal/timers:502:7)
2023-07-16 20:04:18.366 [error] TypeError: Class constructor Yt cannot be invoked without 'new'
	at p (/home/n30/.vscode-oss/extensions/gruntfuggly.todo-tree-0.0.215-universal/dist/extension.js:99:15012)
	at /home/n30/.vscode-oss/extensions/gruntfuggly.todo-tree-0.0.215-universal/dist/extension.js:99:18316
	at Array.forEach (<anonymous>)
	at Timeout.k [as _onTimeout] (/home/n30/.vscode-oss/extensions/gruntfuggly.todo-tree-0.0.215-universal/dist/extension.js:99:18289)
	at listOnTimeout (node:internal/timers:561:11)
	at process.processTimers (node:internal/timers:502:7)
2023-07-16 20:04:20.728 [error] TypeError: Class constructor Yt cannot be invoked without 'new'
	at p (/home/n30/.vscode-oss/extensions/gruntfuggly.todo-tree-0.0.215-universal/dist/extension.js:99:15012)
	at /home/n30/.vscode-oss/extensions/gruntfuggly.todo-tree-0.0.215-universal/dist/extension.js:99:18316
	at Array.forEach (<anonymous>)
	at Timeout.k [as _onTimeout] (/home/n30/.vscode-oss/extensions/gruntfuggly.todo-tree-0.0.215-universal/dist/extension.js:99:18289)
	at listOnTimeout (node:internal/timers:561:11)
	at process.processTimers (node:internal/timers:502:7)
2023-07-16 20:04:21.799 [error] TypeError: Class constructor Yt cannot be invoked without 'new'
	at p (/home/n30/.vscode-oss/extensions/gruntfuggly.todo-tree-0.0.215-universal/dist/extension.js:99:15012)
	at /home/n30/.vscode-oss/extensions/gruntfuggly.todo-tree-0.0.215-universal/dist/extension.js:99:18316
	at Array.forEach (<anonymous>)
	at Timeout.k [as _onTimeout] (/home/n30/.vscode-oss/extensions/gruntfuggly.todo-tree-0.0.215-universal/dist/extension.js:99:18289)
	at listOnTimeout (node:internal/timers:561:11)
	at process.processTimers (node:internal/timers:502:7)
2023-07-16 20:04:30.767 [error] TypeError: Class constructor Yt cannot be invoked without 'new'
	at p (/home/n30/.vscode-oss/extensions/gruntfuggly.todo-tree-0.0.215-universal/dist/extension.js:99:15012)
	at /home/n30/.vscode-oss/extensions/gruntfuggly.todo-tree-0.0.215-universal/dist/extension.js:99:18316
	at Array.forEach (<anonymous>)
	at Timeout.k [as _onTimeout] (/home/n30/.vscode-oss/extensions/gruntfuggly.todo-tree-0.0.215-universal/dist/extension.js:99:18289)
	at listOnTimeout (node:internal/timers:561:11)
	at process.processTimers (node:internal/timers:502:7)
2023-07-16 20:04:31.836 [error] TypeError: Class constructor Yt cannot be invoked without 'new'
	at p (/home/n30/.vscode-oss/extensions/gruntfuggly.todo-tree-0.0.215-universal/dist/extension.js:99:15012)
	at /home/n30/.vscode-oss/extensions/gruntfuggly.todo-tree-0.0.215-universal/dist/extension.js:99:18316
	at Array.forEach (<anonymous>)
	at Timeout.k [as _onTimeout] (/home/n30/.vscode-oss/extensions/gruntfuggly.todo-tree-0.0.215-universal/dist/extension.js:99:18289)
	at listOnTimeout (node:internal/timers:561:11)
	at process.processTimers (node:internal/timers:502:7)
2023-07-16 20:04:34.241 [error] TypeError: Class constructor Yt cannot be invoked without 'new'
	at p (/home/n30/.vscode-oss/extensions/gruntfuggly.todo-tree-0.0.215-universal/dist/extension.js:99:15012)
	at /home/n30/.vscode-oss/extensions/gruntfuggly.todo-tree-0.0.215-universal/dist/extension.js:99:18316
	at Array.forEach (<anonymous>)
	at Timeout.k [as _onTimeout] (/home/n30/.vscode-oss/extensions/gruntfuggly.todo-tree-0.0.215-universal/dist/extension.js:99:18289)
	at listOnTimeout (node:internal/timers:561:11)
	at process.processTimers (node:internal/timers:502:7)
2023-07-16 20:04:35.193 [error] TypeError: Class constructor Yt cannot be invoked without 'new'
	at p (/home/n30/.vscode-oss/extensions/gruntfuggly.todo-tree-0.0.215-universal/dist/extension.js:99:15012)
	at /home/n30/.vscode-oss/extensions/gruntfuggly.todo-tree-0.0.215-universal/dist/extension.js:99:18316
	at Array.forEach (<anonymous>)
	at Timeout.k [as _onTimeout] (/home/n30/.vscode-oss/extensions/gruntfuggly.todo-tree-0.0.215-universal/dist/extension.js:99:18289)
	at listOnTimeout (node:internal/timers:561:11)
	at process.processTimers (node:internal/timers:502:7)
2023-07-16 20:04:36.267 [error] TypeError: Class constructor Yt cannot be invoked without 'new'
	at p (/home/n30/.vscode-oss/extensions/gruntfuggly.todo-tree-0.0.215-universal/dist/extension.js:99:15012)
	at /home/n30/.vscode-oss/extensions/gruntfuggly.todo-tree-0.0.215-universal/dist/extension.js:99:18316
	at Array.forEach (<anonymous>)
	at Timeout.k [as _onTimeout] (/home/n30/.vscode-oss/extensions/gruntfuggly.todo-tree-0.0.215-universal/dist/extension.js:99:18289)
	at listOnTimeout (node:internal/timers:561:11)
	at process.processTimers (node:internal/timers:502:7)
2023-07-16 20:15:06.299 [error] TypeError: Class constructor Yt cannot be invoked without 'new'
	at p (/home/n30/.vscode-oss/extensions/gruntfuggly.todo-tree-0.0.215-universal/dist/extension.js:99:15012)
	at /home/n30/.vscode-oss/extensions/gruntfuggly.todo-tree-0.0.215-universal/dist/extension.js:99:18316
	at Array.forEach (<anonymous>)
	at Timeout.k [as _onTimeout] (/home/n30/.vscode-oss/extensions/gruntfuggly.todo-tree-0.0.215-universal/dist/extension.js:99:18289)
	at listOnTimeout (node:internal/timers:561:11)
	at process.processTimers (node:internal/timers:502:7)
2023-07-16 20:15:07.382 [error] TypeError: Class constructor Yt cannot be invoked without 'new'
	at p (/home/n30/.vscode-oss/extensions/gruntfuggly.todo-tree-0.0.215-universal/dist/extension.js:99:15012)
	at /home/n30/.vscode-oss/extensions/gruntfuggly.todo-tree-0.0.215-universal/dist/extension.js:99:18316
	at Array.forEach (<anonymous>)
	at Timeout.k [as _onTimeout] (/home/n30/.vscode-oss/extensions/gruntfuggly.todo-tree-0.0.215-universal/dist/extension.js:99:18289)
	at listOnTimeout (node:internal/timers:561:11)
	at process.processTimers (node:internal/timers:502:7)
2023-07-16 20:15:08.389 [error] TypeError: Class constructor Yt cannot be invoked without 'new'
	at p (/home/n30/.vscode-oss/extensions/gruntfuggly.todo-tree-0.0.215-universal/dist/extension.js:99:15012)
	at /home/n30/.vscode-oss/extensions/gruntfuggly.todo-tree-0.0.215-universal/dist/extension.js:99:18316
	at Array.forEach (<anonymous>)
	at Timeout.k [as _onTimeout] (/home/n30/.vscode-oss/extensions/gruntfuggly.todo-tree-0.0.215-universal/dist/extension.js:99:18289)
	at listOnTimeout (node:internal/timers:561:11)
	at process.processTimers (node:internal/timers:502:7)
2023-07-16 20:15:09.461 [error] TypeError: Class constructor Yt cannot be invoked without 'new'
	at p (/home/n30/.vscode-oss/extensions/gruntfuggly.todo-tree-0.0.215-universal/dist/extension.js:99:15012)
	at /home/n30/.vscode-oss/extensions/gruntfuggly.todo-tree-0.0.215-universal/dist/extension.js:99:18316
	at Array.forEach (<anonymous>)
	at Timeout.k [as _onTimeout] (/home/n30/.vscode-oss/extensions/gruntfuggly.todo-tree-0.0.215-universal/dist/extension.js:99:18289)
	at listOnTimeout (node:internal/timers:561:11)
	at process.processTimers (node:internal/timers:502:7)
2023-07-16 20:15:14.477 [error] TypeError: Class constructor Yt cannot be invoked without 'new'
	at p (/home/n30/.vscode-oss/extensions/gruntfuggly.todo-tree-0.0.215-universal/dist/extension.js:99:15012)
	at /home/n30/.vscode-oss/extensions/gruntfuggly.todo-tree-0.0.215-universal/dist/extension.js:99:18316
	at Array.forEach (<anonymous>)
	at Timeout.k [as _onTimeout] (/home/n30/.vscode-oss/extensions/gruntfuggly.todo-tree-0.0.215-universal/dist/extension.js:99:18289)
	at listOnTimeout (node:internal/timers:561:11)
	at process.processTimers (node:internal/timers:502:7)
2023-07-16 20:15:15.549 [error] TypeError: Class constructor Yt cannot be invoked without 'new'
	at p (/home/n30/.vscode-oss/extensions/gruntfuggly.todo-tree-0.0.215-universal/dist/extension.js:99:15012)
	at /home/n30/.vscode-oss/extensions/gruntfuggly.todo-tree-0.0.215-universal/dist/extension.js:99:18316
	at Array.forEach (<anonymous>)
	at Timeout.k [as _onTimeout] (/home/n30/.vscode-oss/extensions/gruntfuggly.todo-tree-0.0.215-universal/dist/extension.js:99:18289)
	at listOnTimeout (node:internal/timers:561:11)
	at process.processTimers (node:internal/timers:502:7)
2023-07-16 20:15:17.642 [error] TypeError: Class constructor Yt cannot be invoked without 'new'
	at p (/home/n30/.vscode-oss/extensions/gruntfuggly.todo-tree-0.0.215-universal/dist/extension.js:99:15012)
	at /home/n30/.vscode-oss/extensions/gruntfuggly.todo-tree-0.0.215-universal/dist/extension.js:99:18316
	at Array.forEach (<anonymous>)
	at Timeout.k [as _onTimeout] (/home/n30/.vscode-oss/extensions/gruntfuggly.todo-tree-0.0.215-universal/dist/extension.js:99:18289)
	at listOnTimeout (node:internal/timers:561:11)
	at process.processTimers (node:internal/timers:502:7)
2023-07-16 20:15:18.717 [error] TypeError: Class constructor Yt cannot be invoked without 'new'
	at p (/home/n30/.vscode-oss/extensions/gruntfuggly.todo-tree-0.0.215-universal/dist/extension.js:99:15012)
	at /home/n30/.vscode-oss/extensions/gruntfuggly.todo-tree-0.0.215-universal/dist/extension.js:99:18316
	at Array.forEach (<anonymous>)
	at Timeout.k [as _onTimeout] (/home/n30/.vscode-oss/extensions/gruntfuggly.todo-tree-0.0.215-universal/dist/extension.js:99:18289)
	at listOnTimeout (node:internal/timers:561:11)
	at process.processTimers (node:internal/timers:502:7)
2023-07-16 20:15:20.286 [error] TypeError: Class constructor Yt cannot be invoked without 'new'
	at p (/home/n30/.vscode-oss/extensions/gruntfuggly.todo-tree-0.0.215-universal/dist/extension.js:99:15012)
	at /home/n30/.vscode-oss/extensions/gruntfuggly.todo-tree-0.0.215-universal/dist/extension.js:99:18316
	at Array.forEach (<anonymous>)
	at Timeout.k [as _onTimeout] (/home/n30/.vscode-oss/extensions/gruntfuggly.todo-tree-0.0.215-universal/dist/extension.js:99:18289)
	at listOnTimeout (node:internal/timers:561:11)
	at process.processTimers (node:internal/timers:502:7)
2023-07-16 20:15:21.379 [error] TypeError: Class constructor Yt cannot be invoked without 'new'
	at p (/home/n30/.vscode-oss/extensions/gruntfuggly.todo-tree-0.0.215-universal/dist/extension.js:99:15012)
	at /home/n30/.vscode-oss/extensions/gruntfuggly.todo-tree-0.0.215-universal/dist/extension.js:99:18316
	at Array.forEach (<anonymous>)
	at Timeout.k [as _onTimeout] (/home/n30/.vscode-oss/extensions/gruntfuggly.todo-tree-0.0.215-universal/dist/extension.js:99:18289)
	at listOnTimeout (node:internal/timers:561:11)
	at process.processTimers (node:internal/timers:502:7)
2023-07-16 20:15:25.971 [error] TypeError: Class constructor Yt cannot be invoked without 'new'
	at p (/home/n30/.vscode-oss/extensions/gruntfuggly.todo-tree-0.0.215-universal/dist/extension.js:99:15012)
	at /home/n30/.vscode-oss/extensions/gruntfuggly.todo-tree-0.0.215-universal/dist/extension.js:99:18316
	at Array.forEach (<anonymous>)
	at Timeout.k [as _onTimeout] (/home/n30/.vscode-oss/extensions/gruntfuggly.todo-tree-0.0.215-universal/dist/extension.js:99:18289)
	at listOnTimeout (node:internal/timers:561:11)
	at process.processTimers (node:internal/timers:502:7)
2023-07-16 20:15:27.041 [error] TypeError: Class constructor Yt cannot be invoked without 'new'
	at p (/home/n30/.vscode-oss/extensions/gruntfuggly.todo-tree-0.0.215-universal/dist/extension.js:99:15012)
	at /home/n30/.vscode-oss/extensions/gruntfuggly.todo-tree-0.0.215-universal/dist/extension.js:99:18316
	at Array.forEach (<anonymous>)
	at Timeout.k [as _onTimeout] (/home/n30/.vscode-oss/extensions/gruntfuggly.todo-tree-0.0.215-universal/dist/extension.js:99:18289)
	at listOnTimeout (node:internal/timers:561:11)
	at process.processTimers (node:internal/timers:502:7)
2023-07-16 20:15:29.186 [error] TypeError: Class constructor Yt cannot be invoked without 'new'
	at p (/home/n30/.vscode-oss/extensions/gruntfuggly.todo-tree-0.0.215-universal/dist/extension.js:99:15012)
	at /home/n30/.vscode-oss/extensions/gruntfuggly.todo-tree-0.0.215-universal/dist/extension.js:99:18316
	at Array.forEach (<anonymous>)
	at Timeout.k [as _onTimeout] (/home/n30/.vscode-oss/extensions/gruntfuggly.todo-tree-0.0.215-universal/dist/extension.js:99:18289)
	at listOnTimeout (node:internal/timers:561:11)
	at process.processTimers (node:internal/timers:502:7)
2023-07-16 20:15:30.261 [error] TypeError: Class constructor Yt cannot be invoked without 'new'
	at p (/home/n30/.vscode-oss/extensions/gruntfuggly.todo-tree-0.0.215-universal/dist/extension.js:99:15012)
	at /home/n30/.vscode-oss/extensions/gruntfuggly.todo-tree-0.0.215-universal/dist/extension.js:99:18316
	at Array.forEach (<anonymous>)
	at Timeout.k [as _onTimeout] (/home/n30/.vscode-oss/extensions/gruntfuggly.todo-tree-0.0.215-universal/dist/extension.js:99:18289)
	at listOnTimeout (node:internal/timers:561:11)
	at process.processTimers (node:internal/timers:502:7)
2023-07-16 20:15:54.953 [error] TypeError: Class constructor Yt cannot be invoked without 'new'
	at p (/home/n30/.vscode-oss/extensions/gruntfuggly.todo-tree-0.0.215-universal/dist/extension.js:99:15012)
	at /home/n30/.vscode-oss/extensions/gruntfuggly.todo-tree-0.0.215-universal/dist/extension.js:99:18316
	at Array.forEach (<anonymous>)
	at Timeout.k [as _onTimeout] (/home/n30/.vscode-oss/extensions/gruntfuggly.todo-tree-0.0.215-universal/dist/extension.js:99:18289)
	at listOnTimeout (node:internal/timers:561:11)
	at process.processTimers (node:internal/timers:502:7)
2023-07-16 20:15:56.139 [error] TypeError: Class constructor Yt cannot be invoked without 'new'
	at p (/home/n30/.vscode-oss/extensions/gruntfuggly.todo-tree-0.0.215-universal/dist/extension.js:99:15012)
	at /home/n30/.vscode-oss/extensions/gruntfuggly.todo-tree-0.0.215-universal/dist/extension.js:99:18316
	at Array.forEach (<anonymous>)
	at Timeout.k [as _onTimeout] (/home/n30/.vscode-oss/extensions/gruntfuggly.todo-tree-0.0.215-universal/dist/extension.js:99:18289)
	at listOnTimeout (node:internal/timers:561:11)
	at process.processTimers (node:internal/timers:502:7)
2023-07-16 20:15:57.212 [error] TypeError: Class constructor Yt cannot be invoked without 'new'
	at p (/home/n30/.vscode-oss/extensions/gruntfuggly.todo-tree-0.0.215-universal/dist/extension.js:99:15012)
	at /home/n30/.vscode-oss/extensions/gruntfuggly.todo-tree-0.0.215-universal/dist/extension.js:99:18316
	at Array.forEach (<anonymous>)
	at Timeout.k [as _onTimeout] (/home/n30/.vscode-oss/extensions/gruntfuggly.todo-tree-0.0.215-universal/dist/extension.js:99:18289)
	at listOnTimeout (node:internal/timers:561:11)
	at process.processTimers (node:internal/timers:502:7)
2023-07-16 20:16:05.121 [error] TypeError: Class constructor Yt cannot be invoked without 'new'
	at p (/home/n30/.vscode-oss/extensions/gruntfuggly.todo-tree-0.0.215-universal/dist/extension.js:99:15012)
	at /home/n30/.vscode-oss/extensions/gruntfuggly.todo-tree-0.0.215-universal/dist/extension.js:99:18316
	at Array.forEach (<anonymous>)
	at Timeout.k [as _onTimeout] (/home/n30/.vscode-oss/extensions/gruntfuggly.todo-tree-0.0.215-universal/dist/extension.js:99:18289)
	at listOnTimeout (node:internal/timers:561:11)
	at process.processTimers (node:internal/timers:502:7)
2023-07-16 20:16:06.193 [error] TypeError: Class constructor Yt cannot be invoked without 'new'
	at p (/home/n30/.vscode-oss/extensions/gruntfuggly.todo-tree-0.0.215-universal/dist/extension.js:99:15012)
	at /home/n30/.vscode-oss/extensions/gruntfuggly.todo-tree-0.0.215-universal/dist/extension.js:99:18316
	at Array.forEach (<anonymous>)
	at Timeout.k [as _onTimeout] (/home/n30/.vscode-oss/extensions/gruntfuggly.todo-tree-0.0.215-universal/dist/extension.js:99:18289)
	at listOnTimeout (node:internal/timers:561:11)
	at process.processTimers (node:internal/timers:502:7)
2023-07-16 20:50:15.478 [error] TypeError: Class constructor Yt cannot be invoked without 'new'
	at p (/home/n30/.vscode-oss/extensions/gruntfuggly.todo-tree-0.0.215-universal/dist/extension.js:99:15012)
	at /home/n30/.vscode-oss/extensions/gruntfuggly.todo-tree-0.0.215-universal/dist/extension.js:99:18316
	at Array.forEach (<anonymous>)
	at Timeout.k [as _onTimeout] (/home/n30/.vscode-oss/extensions/gruntfuggly.todo-tree-0.0.215-universal/dist/extension.js:99:18289)
	at listOnTimeout (node:internal/timers:561:11)
	at process.processTimers (node:internal/timers:502:7)
2023-07-16 20:50:16.553 [error] TypeError: Class constructor Yt cannot be invoked without 'new'
	at p (/home/n30/.vscode-oss/extensions/gruntfuggly.todo-tree-0.0.215-universal/dist/extension.js:99:15012)
	at /home/n30/.vscode-oss/extensions/gruntfuggly.todo-tree-0.0.215-universal/dist/extension.js:99:18316
	at Array.forEach (<anonymous>)
	at Timeout.k [as _onTimeout] (/home/n30/.vscode-oss/extensions/gruntfuggly.todo-tree-0.0.215-universal/dist/extension.js:99:18289)
	at listOnTimeout (node:internal/timers:561:11)
	at process.processTimers (node:internal/timers:502:7)
2023-07-16 20:50:20.469 [error] TypeError: Class constructor Yt cannot be invoked without 'new'
	at p (/home/n30/.vscode-oss/extensions/gruntfuggly.todo-tree-0.0.215-universal/dist/extension.js:99:15012)
	at /home/n30/.vscode-oss/extensions/gruntfuggly.todo-tree-0.0.215-universal/dist/extension.js:99:18316
	at Array.forEach (<anonymous>)
	at Timeout.k [as _onTimeout] (/home/n30/.vscode-oss/extensions/gruntfuggly.todo-tree-0.0.215-universal/dist/extension.js:99:18289)
	at listOnTimeout (node:internal/timers:561:11)
	at process.processTimers (node:internal/timers:502:7)
2023-07-16 20:50:21.540 [error] TypeError: Class constructor Yt cannot be invoked without 'new'
	at p (/home/n30/.vscode-oss/extensions/gruntfuggly.todo-tree-0.0.215-universal/dist/extension.js:99:15012)
	at /home/n30/.vscode-oss/extensions/gruntfuggly.todo-tree-0.0.215-universal/dist/extension.js:99:18316
	at Array.forEach (<anonymous>)
	at Timeout.k [as _onTimeout] (/home/n30/.vscode-oss/extensions/gruntfuggly.todo-tree-0.0.215-universal/dist/extension.js:99:18289)
	at listOnTimeout (node:internal/timers:561:11)
	at process.processTimers (node:internal/timers:502:7)
2023-07-16 20:50:23.151 [error] TypeError: Class constructor Yt cannot be invoked without 'new'
	at p (/home/n30/.vscode-oss/extensions/gruntfuggly.todo-tree-0.0.215-universal/dist/extension.js:99:15012)
	at /home/n30/.vscode-oss/extensions/gruntfuggly.todo-tree-0.0.215-universal/dist/extension.js:99:18316
	at Array.forEach (<anonymous>)
	at Timeout.k [as _onTimeout] (/home/n30/.vscode-oss/extensions/gruntfuggly.todo-tree-0.0.215-universal/dist/extension.js:99:18289)
	at listOnTimeout (node:internal/timers:561:11)
	at process.processTimers (node:internal/timers:502:7)
2023-07-16 20:50:24.218 [error] TypeError: Class constructor Yt cannot be invoked without 'new'
	at p (/home/n30/.vscode-oss/extensions/gruntfuggly.todo-tree-0.0.215-universal/dist/extension.js:99:15012)
	at /home/n30/.vscode-oss/extensions/gruntfuggly.todo-tree-0.0.215-universal/dist/extension.js:99:18316
	at Array.forEach (<anonymous>)
	at Timeout.k [as _onTimeout] (/home/n30/.vscode-oss/extensions/gruntfuggly.todo-tree-0.0.215-universal/dist/extension.js:99:18289)
	at listOnTimeout (node:internal/timers:561:11)
	at process.processTimers (node:internal/timers:502:7)
2023-07-16 21:28:56.328 [info] ExtensionService#_doActivateExtension foxundermoon.shell-format, startup: false, activationEvent: 'onLanguage:shellscript'
2023-07-16 21:28:56.328 [info] ExtensionService#_doActivateExtension mads-hartmann.bash-ide-vscode, startup: false, activationEvent: 'onLanguage:shellscript'
2023-07-16 21:28:56.328 [info] ExtensionService#_doActivateExtension timonwong.shellcheck, startup: false, activationEvent: 'onLanguage:shellscript'
2023-07-16 21:32:13.687 [error] TypeError: Class constructor Yt cannot be invoked without 'new'
	at p (/home/n30/.vscode-oss/extensions/gruntfuggly.todo-tree-0.0.215-universal/dist/extension.js:99:15012)
	at /home/n30/.vscode-oss/extensions/gruntfuggly.todo-tree-0.0.215-universal/dist/extension.js:99:18316
	at Array.forEach (<anonymous>)
	at Timeout.k [as _onTimeout] (/home/n30/.vscode-oss/extensions/gruntfuggly.todo-tree-0.0.215-universal/dist/extension.js:99:18289)
	at listOnTimeout (node:internal/timers:561:11)
	at process.processTimers (node:internal/timers:502:7)
