2023-07-16 14:51:52.469 [info] Validating found git in: git
2023-07-16 14:51:52.469 [info] Using git 2.41.0 from git
2023-07-16 14:51:52.469 [info] > git rev-parse --show-toplevel [87ms]
2023-07-16 14:51:52.469 [info] > git rev-parse --git-dir --git-common-dir [4ms]
2023-07-16 14:51:52.469 [info] Log level: Info
2023-07-16 14:51:52.469 [info] Open repository: /home/n30/.dotfiles
2023-07-16 14:51:52.469 [info] > git status -z -uall [9ms]
2023-07-16 14:51:52.469 [info] > git rev-parse --show-toplevel [5ms]
2023-07-16 14:51:52.469 [info] > git remote --verbose [17ms]
2023-07-16 14:51:52.469 [info] > git for-each-ref --sort -committerdate --format %(refname) %(objectname) %(*objectname) [20ms]
2023-07-16 14:51:52.469 [info] > git rev-parse --show-toplevel [2ms]
2023-07-16 14:51:52.469 [info] > git config --get commit.template [9ms]
2023-07-16 14:51:52.469 [info] > git rev-parse --show-toplevel [1ms]
2023-07-16 14:51:52.469 [info] > git rev-parse --show-toplevel [5ms]
2023-07-16 14:51:52.470 [info] > git for-each-ref --format=%(refname)%00%(upstream:short)%00%(objectname)%00%(upstream:track)%00%(upstream:remotename)%00%(upstream:remoteref) refs/heads/master refs/remotes/master [17ms]
2023-07-16 14:51:52.489 [info] > git status -z -uall [6ms]
2023-07-16 14:51:52.489 [info] > git remote --verbose [10ms]
2023-07-16 14:51:52.490 [info] > git for-each-ref --sort -committerdate --format %(refname) %(objectname) %(*objectname) [14ms]
2023-07-16 14:51:52.490 [info] > git rev-parse --show-toplevel [32ms]
2023-07-16 14:51:52.502 [info] > git config --get commit.template [15ms]
2023-07-16 14:51:52.518 [info] > git rev-parse --show-toplevel [25ms]
2023-07-16 14:51:52.577 [info] > git rev-parse --show-toplevel [56ms]
2023-07-16 14:51:52.584 [info] > git rev-parse --show-toplevel [3ms]
2023-07-16 14:51:52.588 [info] > git for-each-ref --format=%(refname)%00%(upstream:short)%00%(objectname)%00%(upstream:track)%00%(upstream:remotename)%00%(upstream:remoteref) refs/heads/master refs/remotes/master [60ms]
2023-07-16 14:51:52.589 [info] > git rev-parse --show-toplevel [1ms]
2023-07-16 14:51:52.594 [info] > git rev-parse --show-toplevel [1ms]
2023-07-16 14:51:52.628 [info] > git rev-parse --show-toplevel [31ms]
2023-07-16 14:51:52.632 [info] > git rev-parse --show-toplevel [1ms]
2023-07-16 14:51:52.641 [info] > git rev-parse --show-toplevel [5ms]
2023-07-16 14:51:52.644 [info] > git rev-parse --show-toplevel [0ms]
2023-07-16 14:51:52.656 [info] > git rev-parse --show-toplevel [7ms]
2023-07-16 14:51:52.661 [info] > git rev-parse --show-toplevel [1ms]
2023-07-16 14:51:52.666 [info] > git rev-parse --show-toplevel [1ms]
2023-07-16 14:51:52.680 [info] > git rev-parse --show-toplevel [11ms]
2023-07-16 14:51:52.685 [info] > git rev-parse --show-toplevel [1ms]
2023-07-16 14:51:52.693 [info] > git rev-parse --show-toplevel [5ms]
2023-07-16 14:51:52.911 [info] > git show --textconv :wiki-wayland-0.9beta.md [3ms]
2023-07-16 14:51:52.912 [info] > git ls-files --stage -- /home/n30/.dotfiles/wiki-wayland-0.9beta.md [1ms]
2023-07-16 14:51:52.915 [info] > git cat-file -s fb22febe0606b38b3d16e077835f2a77ecb61da0 [1ms]
2023-07-16 14:51:53.003 [info] > git check-ignore -v -z --stdin [1ms]
2023-07-16 14:52:02.276 [info] > git status -z -uall [4ms]
2023-07-16 14:52:02.276 [info] > git remote --verbose [7ms]
2023-07-16 14:52:02.276 [info] > git for-each-ref --sort -committerdate --format %(refname) %(objectname) %(*objectname) [9ms]
2023-07-16 14:52:02.277 [info] > git config --get commit.template [1ms]
2023-07-16 14:52:02.280 [info] > git for-each-ref --format=%(refname)%00%(upstream:short)%00%(objectname)%00%(upstream:track)%00%(upstream:remotename)%00%(upstream:remoteref) refs/heads/master refs/remotes/master [0ms]
2023-07-16 14:53:54.400 [info] > git status -z -uall [4ms]
2023-07-16 14:53:54.400 [info] > git remote --verbose [7ms]
2023-07-16 14:53:54.400 [info] > git for-each-ref --sort -committerdate --format %(refname) %(objectname) %(*objectname) [11ms]
2023-07-16 14:53:54.401 [info] > git config --get commit.template [1ms]
2023-07-16 14:53:54.406 [info] > git for-each-ref --format=%(refname)%00%(upstream:short)%00%(objectname)%00%(upstream:track)%00%(upstream:remotename)%00%(upstream:remoteref) refs/heads/master refs/remotes/master [1ms]
2023-07-16 14:53:59.425 [info] > git status -z -uall [4ms]
2023-07-16 14:53:59.425 [info] > git remote --verbose [8ms]
2023-07-16 14:53:59.425 [info] > git for-each-ref --sort -committerdate --format %(refname) %(objectname) %(*objectname) [12ms]
2023-07-16 14:53:59.426 [info] > git config --get commit.template [0ms]
2023-07-16 14:53:59.430 [info] > git for-each-ref --format=%(refname)%00%(upstream:short)%00%(objectname)%00%(upstream:track)%00%(upstream:remotename)%00%(upstream:remoteref) refs/heads/master refs/remotes/master [0ms]
2023-07-16 14:55:22.030 [info] > git status -z -uall [4ms]
2023-07-16 14:55:22.030 [info] > git remote --verbose [7ms]
2023-07-16 14:55:22.030 [info] > git for-each-ref --sort -committerdate --format %(refname) %(objectname) %(*objectname) [10ms]
2023-07-16 14:55:22.030 [info] > git config --get commit.template [1ms]
2023-07-16 14:55:22.034 [info] > git for-each-ref --format=%(refname)%00%(upstream:short)%00%(objectname)%00%(upstream:track)%00%(upstream:remotename)%00%(upstream:remoteref) refs/heads/master refs/remotes/master [0ms]
2023-07-16 15:06:59.640 [info] > git status -z -uall [4ms]
2023-07-16 15:06:59.640 [info] > git remote --verbose [9ms]
2023-07-16 15:06:59.640 [info] > git for-each-ref --sort -committerdate --format %(refname) %(objectname) %(*objectname) [12ms]
2023-07-16 15:06:59.641 [info] > git config --get commit.template [2ms]
2023-07-16 15:06:59.650 [info] > git for-each-ref --format=%(refname)%00%(upstream:short)%00%(objectname)%00%(upstream:track)%00%(upstream:remotename)%00%(upstream:remoteref) refs/heads/master refs/remotes/master [1ms]
2023-07-16 15:07:16.339 [info] > git status -z -uall [4ms]
2023-07-16 15:07:16.339 [info] > git remote --verbose [8ms]
2023-07-16 15:07:16.339 [info] > git for-each-ref --sort -committerdate --format %(refname) %(objectname) %(*objectname) [12ms]
2023-07-16 15:07:16.340 [info] > git config --get commit.template [2ms]
2023-07-16 15:07:16.345 [info] > git for-each-ref --format=%(refname)%00%(upstream:short)%00%(objectname)%00%(upstream:track)%00%(upstream:remotename)%00%(upstream:remoteref) refs/heads/master refs/remotes/master [1ms]
2023-07-16 15:07:21.367 [info] > git status -z -uall [5ms]
2023-07-16 15:07:21.368 [info] > git remote --verbose [11ms]
2023-07-16 15:07:21.368 [info] > git for-each-ref --sort -committerdate --format %(refname) %(objectname) %(*objectname) [15ms]
2023-07-16 15:07:21.368 [info] > git config --get commit.template [1ms]
2023-07-16 15:07:21.375 [info] > git for-each-ref --format=%(refname)%00%(upstream:short)%00%(objectname)%00%(upstream:track)%00%(upstream:remotename)%00%(upstream:remoteref) refs/heads/master refs/remotes/master [1ms]
2023-07-16 15:07:27.351 [info] > git status -z -uall [4ms]
2023-07-16 15:07:27.351 [info] > git remote --verbose [10ms]
2023-07-16 15:07:27.352 [info] > git for-each-ref --sort -committerdate --format %(refname) %(objectname) %(*objectname) [15ms]
2023-07-16 15:07:27.352 [info] > git config --get commit.template [1ms]
2023-07-16 15:07:27.357 [info] > git for-each-ref --format=%(refname)%00%(upstream:short)%00%(objectname)%00%(upstream:track)%00%(upstream:remotename)%00%(upstream:remoteref) refs/heads/master refs/remotes/master [1ms]
2023-07-16 15:07:32.385 [info] > git status -z -uall [5ms]
2023-07-16 15:07:32.386 [info] > git remote --verbose [12ms]
2023-07-16 15:07:32.386 [info] > git for-each-ref --sort -committerdate --format %(refname) %(objectname) %(*objectname) [19ms]
2023-07-16 15:07:32.386 [info] > git config --get commit.template [1ms]
2023-07-16 15:07:32.394 [info] > git for-each-ref --format=%(refname)%00%(upstream:short)%00%(objectname)%00%(upstream:track)%00%(upstream:remotename)%00%(upstream:remoteref) refs/heads/master refs/remotes/master [1ms]
2023-07-16 15:07:37.423 [info] > git status -z -uall [8ms]
2023-07-16 15:07:37.423 [info] > git remote --verbose [14ms]
2023-07-16 15:07:37.423 [info] > git for-each-ref --sort -committerdate --format %(refname) %(objectname) %(*objectname) [20ms]
2023-07-16 15:07:37.424 [info] > git config --get commit.template [2ms]
2023-07-16 15:07:37.432 [info] > git for-each-ref --format=%(refname)%00%(upstream:short)%00%(objectname)%00%(upstream:track)%00%(upstream:remotename)%00%(upstream:remoteref) refs/heads/master refs/remotes/master [1ms]
2023-07-16 15:08:23.795 [info] > git status -z -uall [4ms]
2023-07-16 15:08:23.795 [info] > git remote --verbose [9ms]
2023-07-16 15:08:23.795 [info] > git for-each-ref --sort -committerdate --format %(refname) %(objectname) %(*objectname) [12ms]
2023-07-16 15:08:23.796 [info] > git config --get commit.template [1ms]
2023-07-16 15:08:23.800 [info] > git for-each-ref --format=%(refname)%00%(upstream:short)%00%(objectname)%00%(upstream:track)%00%(upstream:remotename)%00%(upstream:remoteref) refs/heads/master refs/remotes/master [0ms]
2023-07-16 15:08:29.134 [info] > git status -z -uall [5ms]
2023-07-16 15:08:29.135 [info] > git remote --verbose [10ms]
2023-07-16 15:08:29.135 [info] > git for-each-ref --sort -committerdate --format %(refname) %(objectname) %(*objectname) [16ms]
2023-07-16 15:08:29.135 [info] > git config --get commit.template [1ms]
2023-07-16 15:08:29.141 [info] > git for-each-ref --format=%(refname)%00%(upstream:short)%00%(objectname)%00%(upstream:track)%00%(upstream:remotename)%00%(upstream:remoteref) refs/heads/master refs/remotes/master [0ms]
2023-07-16 15:08:36.125 [info] > git status -z -uall [6ms]
2023-07-16 15:08:36.125 [info] > git remote --verbose [11ms]
2023-07-16 15:08:36.125 [info] > git for-each-ref --sort -committerdate --format %(refname) %(objectname) %(*objectname) [16ms]
2023-07-16 15:08:36.125 [info] > git config --get commit.template [1ms]
2023-07-16 15:08:36.132 [info] > git for-each-ref --format=%(refname)%00%(upstream:short)%00%(objectname)%00%(upstream:track)%00%(upstream:remotename)%00%(upstream:remoteref) refs/heads/master refs/remotes/master [1ms]
2023-07-16 15:09:00.258 [info] > git status -z -uall [5ms]
2023-07-16 15:09:00.258 [info] > git remote --verbose [9ms]
2023-07-16 15:09:00.258 [info] > git for-each-ref --sort -committerdate --format %(refname) %(objectname) %(*objectname) [13ms]
2023-07-16 15:09:00.259 [info] > git config --get commit.template [1ms]
2023-07-16 15:09:00.264 [info] > git for-each-ref --format=%(refname)%00%(upstream:short)%00%(objectname)%00%(upstream:track)%00%(upstream:remotename)%00%(upstream:remoteref) refs/heads/master refs/remotes/master [1ms]
2023-07-16 15:09:30.349 [info] > git status -z -uall [4ms]
2023-07-16 15:09:30.349 [info] > git remote --verbose [7ms]
2023-07-16 15:09:30.349 [info] > git for-each-ref --sort -committerdate --format %(refname) %(objectname) %(*objectname) [11ms]
2023-07-16 15:09:30.350 [info] > git config --get commit.template [1ms]
2023-07-16 15:09:30.355 [info] > git for-each-ref --format=%(refname)%00%(upstream:short)%00%(objectname)%00%(upstream:track)%00%(upstream:remotename)%00%(upstream:remoteref) refs/heads/master refs/remotes/master [0ms]
2023-07-16 15:09:43.331 [info] > git status -z -uall [6ms]
2023-07-16 15:09:43.331 [info] > git remote --verbose [11ms]
2023-07-16 15:09:43.332 [info] > git for-each-ref --sort -committerdate --format %(refname) %(objectname) %(*objectname) [18ms]
2023-07-16 15:09:43.332 [info] > git config --get commit.template [1ms]
2023-07-16 15:09:43.338 [info] > git for-each-ref --format=%(refname)%00%(upstream:short)%00%(objectname)%00%(upstream:track)%00%(upstream:remotename)%00%(upstream:remoteref) refs/heads/master refs/remotes/master [1ms]
2023-07-16 15:09:48.364 [info] > git status -z -uall [6ms]
2023-07-16 15:09:48.364 [info] > git remote --verbose [13ms]
2023-07-16 15:09:48.364 [info] > git for-each-ref --sort -committerdate --format %(refname) %(objectname) %(*objectname) [18ms]
2023-07-16 15:09:48.365 [info] > git config --get commit.template [0ms]
2023-07-16 15:09:48.371 [info] > git for-each-ref --format=%(refname)%00%(upstream:short)%00%(objectname)%00%(upstream:track)%00%(upstream:remotename)%00%(upstream:remoteref) refs/heads/master refs/remotes/master [1ms]
2023-07-16 15:09:56.252 [info] > git status -z -uall [8ms]
2023-07-16 15:09:56.252 [info] > git remote --verbose [14ms]
2023-07-16 15:09:56.252 [info] > git for-each-ref --sort -committerdate --format %(refname) %(objectname) %(*objectname) [20ms]
2023-07-16 15:09:56.253 [info] > git config --get commit.template [1ms]
2023-07-16 15:09:56.261 [info] > git for-each-ref --format=%(refname)%00%(upstream:short)%00%(objectname)%00%(upstream:track)%00%(upstream:remotename)%00%(upstream:remoteref) refs/heads/master refs/remotes/master [0ms]
2023-07-16 15:11:28.200 [info] > git status -z -uall [4ms]
2023-07-16 15:11:28.200 [info] > git remote --verbose [8ms]
2023-07-16 15:11:28.200 [info] > git for-each-ref --sort -committerdate --format %(refname) %(objectname) %(*objectname) [11ms]
2023-07-16 15:11:28.201 [info] > git config --get commit.template [1ms]
2023-07-16 15:11:28.206 [info] > git for-each-ref --format=%(refname)%00%(upstream:short)%00%(objectname)%00%(upstream:track)%00%(upstream:remotename)%00%(upstream:remoteref) refs/heads/master refs/remotes/master [0ms]
2023-07-16 15:11:33.225 [info] > git status -z -uall [4ms]
2023-07-16 15:11:33.225 [info] > git remote --verbose [8ms]
2023-07-16 15:11:33.225 [info] > git for-each-ref --sort -committerdate --format %(refname) %(objectname) %(*objectname) [11ms]
2023-07-16 15:11:33.226 [info] > git config --get commit.template [0ms]
2023-07-16 15:11:33.230 [info] > git for-each-ref --format=%(refname)%00%(upstream:short)%00%(objectname)%00%(upstream:track)%00%(upstream:remotename)%00%(upstream:remoteref) refs/heads/master refs/remotes/master [0ms]
2023-07-16 15:11:38.249 [info] > git status -z -uall [5ms]
2023-07-16 15:11:38.249 [info] > git remote --verbose [9ms]
2023-07-16 15:11:38.249 [info] > git for-each-ref --sort -committerdate --format %(refname) %(objectname) %(*objectname) [12ms]
2023-07-16 15:11:38.250 [info] > git config --get commit.template [2ms]
2023-07-16 15:11:38.255 [info] > git for-each-ref --format=%(refname)%00%(upstream:short)%00%(objectname)%00%(upstream:track)%00%(upstream:remotename)%00%(upstream:remoteref) refs/heads/master refs/remotes/master [1ms]
2023-07-16 15:11:43.275 [info] > git status -z -uall [5ms]
2023-07-16 15:11:43.275 [info] > git remote --verbose [9ms]
2023-07-16 15:11:43.276 [info] > git for-each-ref --sort -committerdate --format %(refname) %(objectname) %(*objectname) [13ms]
2023-07-16 15:11:43.276 [info] > git config --get commit.template [1ms]
2023-07-16 15:11:43.281 [info] > git for-each-ref --format=%(refname)%00%(upstream:short)%00%(objectname)%00%(upstream:track)%00%(upstream:remotename)%00%(upstream:remoteref) refs/heads/master refs/remotes/master [0ms]
2023-07-16 15:13:21.440 [info] > git status -z -uall [7ms]
2023-07-16 15:13:21.440 [info] > git remote --verbose [11ms]
2023-07-16 15:13:21.440 [info] > git for-each-ref --sort -committerdate --format %(refname) %(objectname) %(*objectname) [16ms]
2023-07-16 15:13:21.440 [info] > git config --get commit.template [0ms]
2023-07-16 15:13:21.446 [info] > git for-each-ref --format=%(refname)%00%(upstream:short)%00%(objectname)%00%(upstream:track)%00%(upstream:remotename)%00%(upstream:remoteref) refs/heads/master refs/remotes/master [1ms]
2023-07-16 15:13:34.213 [info] > git status -z -uall [6ms]
2023-07-16 15:13:34.213 [info] > git remote --verbose [10ms]
2023-07-16 15:13:34.213 [info] > git for-each-ref --sort -committerdate --format %(refname) %(objectname) %(*objectname) [14ms]
2023-07-16 15:13:34.214 [info] > git config --get commit.template [1ms]
2023-07-16 15:13:34.220 [info] > git for-each-ref --format=%(refname)%00%(upstream:short)%00%(objectname)%00%(upstream:track)%00%(upstream:remotename)%00%(upstream:remoteref) refs/heads/master refs/remotes/master [1ms]
2023-07-16 15:13:57.294 [info] > git status -z -uall [5ms]
2023-07-16 15:13:57.294 [info] > git remote --verbose [9ms]
2023-07-16 15:13:57.295 [info] > git for-each-ref --sort -committerdate --format %(refname) %(objectname) %(*objectname) [13ms]
2023-07-16 15:13:57.295 [info] > git config --get commit.template [1ms]
2023-07-16 15:13:57.300 [info] > git for-each-ref --format=%(refname)%00%(upstream:short)%00%(objectname)%00%(upstream:track)%00%(upstream:remotename)%00%(upstream:remoteref) refs/heads/master refs/remotes/master [1ms]
2023-07-16 15:14:02.317 [info] > git status -z -uall [4ms]
2023-07-16 15:14:02.317 [info] > git remote --verbose [8ms]
2023-07-16 15:14:02.317 [info] > git for-each-ref --sort -committerdate --format %(refname) %(objectname) %(*objectname) [11ms]
2023-07-16 15:14:02.318 [info] > git config --get commit.template [1ms]
2023-07-16 15:14:02.322 [info] > git for-each-ref --format=%(refname)%00%(upstream:short)%00%(objectname)%00%(upstream:track)%00%(upstream:remotename)%00%(upstream:remoteref) refs/heads/master refs/remotes/master [0ms]
2023-07-16 15:14:07.341 [info] > git status -z -uall [4ms]
2023-07-16 15:14:07.341 [info] > git remote --verbose [8ms]
2023-07-16 15:14:07.341 [info] > git for-each-ref --sort -committerdate --format %(refname) %(objectname) %(*objectname) [12ms]
2023-07-16 15:14:07.342 [info] > git config --get commit.template [1ms]
2023-07-16 15:14:07.347 [info] > git for-each-ref --format=%(refname)%00%(upstream:short)%00%(objectname)%00%(upstream:track)%00%(upstream:remotename)%00%(upstream:remoteref) refs/heads/master refs/remotes/master [1ms]
2023-07-16 15:14:12.381 [info] > git status -z -uall [8ms]
2023-07-16 15:14:12.381 [info] > git remote --verbose [15ms]
2023-07-16 15:14:12.382 [info] > git for-each-ref --sort -committerdate --format %(refname) %(objectname) %(*objectname) [24ms]
2023-07-16 15:14:12.382 [info] > git config --get commit.template [1ms]
2023-07-16 15:14:12.391 [info] > git for-each-ref --format=%(refname)%00%(upstream:short)%00%(objectname)%00%(upstream:track)%00%(upstream:remotename)%00%(upstream:remoteref) refs/heads/master refs/remotes/master [0ms]
2023-07-16 15:14:17.429 [info] > git status -z -uall [9ms]
2023-07-16 15:14:17.429 [info] > git remote --verbose [17ms]
2023-07-16 15:14:17.429 [info] > git for-each-ref --sort -committerdate --format %(refname) %(objectname) %(*objectname) [26ms]
2023-07-16 15:14:17.430 [info] > git config --get commit.template [0ms]
2023-07-16 15:14:17.439 [info] > git for-each-ref --format=%(refname)%00%(upstream:short)%00%(objectname)%00%(upstream:track)%00%(upstream:remotename)%00%(upstream:remoteref) refs/heads/master refs/remotes/master [1ms]
2023-07-16 15:14:22.465 [info] > git status -z -uall [7ms]
2023-07-16 15:14:22.465 [info] > git remote --verbose [12ms]
2023-07-16 15:14:22.465 [info] > git for-each-ref --sort -committerdate --format %(refname) %(objectname) %(*objectname) [18ms]
2023-07-16 15:14:22.466 [info] > git config --get commit.template [0ms]
2023-07-16 15:14:22.473 [info] > git for-each-ref --format=%(refname)%00%(upstream:short)%00%(objectname)%00%(upstream:track)%00%(upstream:remotename)%00%(upstream:remoteref) refs/heads/master refs/remotes/master [1ms]
2023-07-16 15:14:55.171 [info] > git status -z -uall [6ms]
2023-07-16 15:14:55.172 [info] > git remote --verbose [11ms]
2023-07-16 15:14:55.172 [info] > git for-each-ref --sort -committerdate --format %(refname) %(objectname) %(*objectname) [17ms]
2023-07-16 15:14:55.172 [info] > git config --get commit.template [1ms]
2023-07-16 15:14:55.178 [info] > git for-each-ref --format=%(refname)%00%(upstream:short)%00%(objectname)%00%(upstream:track)%00%(upstream:remotename)%00%(upstream:remoteref) refs/heads/master refs/remotes/master [0ms]
2023-07-16 15:15:07.330 [info] > git status -z -uall [5ms]
2023-07-16 15:15:07.331 [info] > git remote --verbose [10ms]
2023-07-16 15:15:07.331 [info] > git for-each-ref --sort -committerdate --format %(refname) %(objectname) %(*objectname) [15ms]
2023-07-16 15:15:07.331 [info] > git config --get commit.template [1ms]
2023-07-16 15:15:07.336 [info] > git for-each-ref --format=%(refname)%00%(upstream:short)%00%(objectname)%00%(upstream:track)%00%(upstream:remotename)%00%(upstream:remoteref) refs/heads/master refs/remotes/master [0ms]
2023-07-16 15:15:36.387 [info] > git status -z -uall [5ms]
2023-07-16 15:15:36.387 [info] > git remote --verbose [11ms]
2023-07-16 15:15:36.387 [info] > git for-each-ref --sort -committerdate --format %(refname) %(objectname) %(*objectname) [17ms]
2023-07-16 15:15:36.387 [info] > git config --get commit.template [1ms]
2023-07-16 15:15:36.394 [info] > git for-each-ref --format=%(refname)%00%(upstream:short)%00%(objectname)%00%(upstream:track)%00%(upstream:remotename)%00%(upstream:remoteref) refs/heads/master refs/remotes/master [1ms]
