[Trace 09:53:15.388] VsCodeClientWorkspace: TextDocument.onDidOpen: file:///home/n30/.dotfiles/wiki-wayland-0.9beta.md
[Trace 09:53:15.389] VsCodeClientWorkspace: TextDocument.onDidChanceContent: file:///home/n30/.dotfiles/wiki-wayland-0.9beta.md
[Trace 09:53:15.389] VsCodeClientWorkspace: TextDocument.onDidOpen: untitled:Untitled-1
[Trace 09:53:15.389] VsCodeClientWorkspace: TextDocument.onDidChanceContent: untitled:Untitled-1
[Trace 09:53:15.389] Server: connection.languages.diagnostics.on: file:///home/n30/.dotfiles/wiki-wayland-0.9beta.md
[Trace 09:53:15.389] Server: connection.languages.diagnostics.on: untitled:Untitled-1
[Debug 09:53:15.401] LinkProvider: compute - file:///home/n30/.dotfiles/wiki-wayland-0.9beta.md
[Trace 09:53:15.435] Server: connection.languages.diagnostics.on: file:///home/n30/.dotfiles/wiki-wayland-0.9beta.md
[Trace 09:53:15.440] Server: connection.languages.diagnostics.on: untitled:Untitled-1
[Trace 09:53:15.641] Server: connection.languages.diagnostics.on: untitled:Untitled-1
[Debug 09:53:16.891] MdFoldingProvider: provideFoldingRanges — file:///home/n30/.dotfiles/wiki-wayland-0.9beta.md 1
[Debug 09:53:16.891] TableOfContentsProvider: create - file:///home/n30/.dotfiles/wiki-wayland-0.9beta.md
[Trace 09:53:17.437] DocumentSymbolProvider: provideDocumentSymbols — file:///home/n30/.dotfiles/wiki-wayland-0.9beta.md 1
[Trace 04:01:49.502] VsCodeClientWorkspace: TextDocument.onDidChanceContent: file:///home/n30/.dotfiles/wiki-wayland-0.9beta.md
[Trace 04:01:49.502] Server: connection.languages.diagnostics.on: file:///home/n30/.dotfiles/wiki-wayland-0.9beta.md
[Debug 04:01:49.666] MdFoldingProvider: provideFoldingRanges — file:///home/n30/.dotfiles/wiki-wayland-0.9beta.md 2
[Debug 04:01:49.666] TableOfContentsProvider: create - file:///home/n30/.dotfiles/wiki-wayland-0.9beta.md
[Trace 04:01:49.879] Server: connection.languages.diagnostics.on: untitled:Untitled-1
[Debug 04:01:49.897] LinkProvider: compute - file:///home/n30/.dotfiles/wiki-wayland-0.9beta.md
[Trace 04:01:49.914] DocumentSymbolProvider: provideDocumentSymbols — file:///home/n30/.dotfiles/wiki-wayland-0.9beta.md 2
[Trace 04:01:50.345] VsCodeClientWorkspace: TextDocument.onDidChanceContent: file:///home/n30/.dotfiles/wiki-wayland-0.9beta.md
[Trace 04:01:50.345] Server: connection.languages.diagnostics.on: file:///home/n30/.dotfiles/wiki-wayland-0.9beta.md
[Debug 04:01:50.527] MdFoldingProvider: provideFoldingRanges — file:///home/n30/.dotfiles/wiki-wayland-0.9beta.md 3
[Debug 04:01:50.527] TableOfContentsProvider: create - file:///home/n30/.dotfiles/wiki-wayland-0.9beta.md
[Trace 04:01:50.679] Server: connection.languages.diagnostics.on: untitled:Untitled-1
[Trace 04:01:50.703] DocumentSymbolProvider: provideDocumentSymbols — file:///home/n30/.dotfiles/wiki-wayland-0.9beta.md 3
[Debug 04:01:50.703] LinkProvider: compute - file:///home/n30/.dotfiles/wiki-wayland-0.9beta.md
[Trace 04:02:13.045] VsCodeClientWorkspace: TextDocument.onDidChanceContent: file:///home/n30/.dotfiles/wiki-wayland-0.9beta.md
[Trace 04:02:13.045] Server: connection.languages.diagnostics.on: file:///home/n30/.dotfiles/wiki-wayland-0.9beta.md
[Trace 04:02:13.177] VsCodeClientWorkspace: TextDocument.onDidChanceContent: file:///home/n30/.dotfiles/wiki-wayland-0.9beta.md
[Trace 04:02:13.177] Server: connection.languages.diagnostics.on: file:///home/n30/.dotfiles/wiki-wayland-0.9beta.md
[Trace 04:02:13.247] Server: connection.languages.diagnostics.on: untitled:Untitled-1
[Trace 04:02:13.344] VsCodeClientWorkspace: TextDocument.onDidChanceContent: file:///home/n30/.dotfiles/wiki-wayland-0.9beta.md
[Trace 04:02:13.345] Server: connection.languages.diagnostics.on: file:///home/n30/.dotfiles/wiki-wayland-0.9beta.md
[Trace 04:02:13.505] VsCodeClientWorkspace: TextDocument.onDidChanceContent: file:///home/n30/.dotfiles/wiki-wayland-0.9beta.md
[Trace 04:02:13.505] Server: connection.languages.diagnostics.on: file:///home/n30/.dotfiles/wiki-wayland-0.9beta.md
[Trace 04:02:13.545] Server: connection.languages.diagnostics.on: untitled:Untitled-1
[Trace 04:02:13.668] VsCodeClientWorkspace: TextDocument.onDidChanceContent: file:///home/n30/.dotfiles/wiki-wayland-0.9beta.md
[Trace 04:02:13.668] Server: connection.languages.diagnostics.on: file:///home/n30/.dotfiles/wiki-wayland-0.9beta.md
[Debug 04:02:13.861] MdFoldingProvider: provideFoldingRanges — file:///home/n30/.dotfiles/wiki-wayland-0.9beta.md 8
[Debug 04:02:13.861] TableOfContentsProvider: create - file:///home/n30/.dotfiles/wiki-wayland-0.9beta.md
[Trace 04:02:14.098] Server: connection.languages.diagnostics.on: untitled:Untitled-1
[Trace 04:02:14.100] DocumentSymbolProvider: provideDocumentSymbols — file:///home/n30/.dotfiles/wiki-wayland-0.9beta.md 8
[Debug 04:02:14.100] LinkProvider: compute - file:///home/n30/.dotfiles/wiki-wayland-0.9beta.md
[Trace 04:02:16.752] VsCodeClientWorkspace: TextDocument.onDidChanceContent: file:///home/n30/.dotfiles/wiki-wayland-0.9beta.md
[Trace 04:02:16.752] Server: connection.languages.diagnostics.on: file:///home/n30/.dotfiles/wiki-wayland-0.9beta.md
[Debug 04:02:16.927] MdFoldingProvider: provideFoldingRanges — file:///home/n30/.dotfiles/wiki-wayland-0.9beta.md 9
[Debug 04:02:16.927] TableOfContentsProvider: create - file:///home/n30/.dotfiles/wiki-wayland-0.9beta.md
[Trace 04:02:17.074] Server: connection.languages.diagnostics.on: untitled:Untitled-1
[Trace 04:02:17.098] DocumentSymbolProvider: provideDocumentSymbols — file:///home/n30/.dotfiles/wiki-wayland-0.9beta.md 9
[Debug 04:02:17.098] LinkProvider: compute - file:///home/n30/.dotfiles/wiki-wayland-0.9beta.md
[Trace 04:02:18.667] VsCodeClientWorkspace: TextDocument.onDidChanceContent: file:///home/n30/.dotfiles/wiki-wayland-0.9beta.md
[Trace 04:02:18.667] Server: connection.languages.diagnostics.on: file:///home/n30/.dotfiles/wiki-wayland-0.9beta.md
[Debug 04:02:18.848] MdFoldingProvider: provideFoldingRanges — file:///home/n30/.dotfiles/wiki-wayland-0.9beta.md 10
[Debug 04:02:18.848] TableOfContentsProvider: create - file:///home/n30/.dotfiles/wiki-wayland-0.9beta.md
[Trace 04:02:18.996] Server: connection.languages.diagnostics.on: untitled:Untitled-1
[Trace 04:02:19.016] DocumentSymbolProvider: provideDocumentSymbols — file:///home/n30/.dotfiles/wiki-wayland-0.9beta.md 10
[Debug 04:02:19.016] LinkProvider: compute - file:///home/n30/.dotfiles/wiki-wayland-0.9beta.md
[Trace 04:02:27.904] VsCodeClientWorkspace: TextDocument.onDidChanceContent: file:///home/n30/.dotfiles/wiki-wayland-0.9beta.md
[Trace 04:02:27.904] Server: connection.languages.diagnostics.on: file:///home/n30/.dotfiles/wiki-wayland-0.9beta.md
[Debug 04:02:28.087] MdFoldingProvider: provideFoldingRanges — file:///home/n30/.dotfiles/wiki-wayland-0.9beta.md 11
[Debug 04:02:28.087] TableOfContentsProvider: create - file:///home/n30/.dotfiles/wiki-wayland-0.9beta.md
[Trace 04:02:28.140] Server: connection.languages.diagnostics.on: untitled:Untitled-1
[Debug 04:02:28.290] LinkProvider: compute - file:///home/n30/.dotfiles/wiki-wayland-0.9beta.md
[Trace 04:02:28.290] DocumentSymbolProvider: provideDocumentSymbols — file:///home/n30/.dotfiles/wiki-wayland-0.9beta.md 11
[Trace 04:02:30.258] VsCodeClientWorkspace: TextDocument.onDidChanceContent: file:///home/n30/.dotfiles/wiki-wayland-0.9beta.md
[Trace 04:02:30.258] Server: connection.languages.diagnostics.on: file:///home/n30/.dotfiles/wiki-wayland-0.9beta.md
[Debug 04:02:30.455] MdFoldingProvider: provideFoldingRanges — file:///home/n30/.dotfiles/wiki-wayland-0.9beta.md 12
[Debug 04:02:30.455] TableOfContentsProvider: create - file:///home/n30/.dotfiles/wiki-wayland-0.9beta.md
[Trace 04:02:30.588] Server: connection.languages.diagnostics.on: untitled:Untitled-1
[Debug 04:02:30.611] LinkProvider: compute - file:///home/n30/.dotfiles/wiki-wayland-0.9beta.md
[Trace 04:02:30.611] DocumentSymbolProvider: provideDocumentSymbols — file:///home/n30/.dotfiles/wiki-wayland-0.9beta.md 12
[Trace 04:02:31.875] VsCodeClientWorkspace: TextDocument.onDidChanceContent: file:///home/n30/.dotfiles/wiki-wayland-0.9beta.md
[Trace 04:02:31.875] Server: connection.languages.diagnostics.on: file:///home/n30/.dotfiles/wiki-wayland-0.9beta.md
[Debug 04:02:32.050] MdFoldingProvider: provideFoldingRanges — file:///home/n30/.dotfiles/wiki-wayland-0.9beta.md 13
[Debug 04:02:32.050] TableOfContentsProvider: create - file:///home/n30/.dotfiles/wiki-wayland-0.9beta.md
[Trace 04:02:32.207] Server: connection.languages.diagnostics.on: untitled:Untitled-1
[Debug 04:02:32.219] LinkProvider: compute - file:///home/n30/.dotfiles/wiki-wayland-0.9beta.md
[Trace 04:02:32.219] DocumentSymbolProvider: provideDocumentSymbols — file:///home/n30/.dotfiles/wiki-wayland-0.9beta.md 13
[Trace 04:02:32.936] VsCodeClientWorkspace: TextDocument.onDidChanceContent: file:///home/n30/.dotfiles/wiki-wayland-0.9beta.md
[Trace 04:02:32.937] Server: connection.languages.diagnostics.on: file:///home/n30/.dotfiles/wiki-wayland-0.9beta.md
[Debug 04:02:33.119] MdFoldingProvider: provideFoldingRanges — file:///home/n30/.dotfiles/wiki-wayland-0.9beta.md 14
[Debug 04:02:33.119] TableOfContentsProvider: create - file:///home/n30/.dotfiles/wiki-wayland-0.9beta.md
[Trace 04:02:33.170] Server: connection.languages.diagnostics.on: untitled:Untitled-1
[Debug 04:02:33.274] LinkProvider: compute - file:///home/n30/.dotfiles/wiki-wayland-0.9beta.md
[Trace 04:02:33.274] DocumentSymbolProvider: provideDocumentSymbols — file:///home/n30/.dotfiles/wiki-wayland-0.9beta.md 14
[Trace 04:02:36.868] VsCodeClientWorkspace: TextDocument.onDidChanceContent: file:///home/n30/.dotfiles/wiki-wayland-0.9beta.md
[Trace 04:02:36.868] Server: connection.languages.diagnostics.on: file:///home/n30/.dotfiles/wiki-wayland-0.9beta.md
[Debug 04:02:37.047] MdFoldingProvider: provideFoldingRanges — file:///home/n30/.dotfiles/wiki-wayland-0.9beta.md 15
[Debug 04:02:37.047] TableOfContentsProvider: create - file:///home/n30/.dotfiles/wiki-wayland-0.9beta.md
[Trace 04:02:37.098] Server: connection.languages.diagnostics.on: untitled:Untitled-1
[Debug 04:02:37.256] LinkProvider: compute - file:///home/n30/.dotfiles/wiki-wayland-0.9beta.md
[Trace 04:02:37.256] DocumentSymbolProvider: provideDocumentSymbols — file:///home/n30/.dotfiles/wiki-wayland-0.9beta.md 15
[Trace 04:03:48.462] VsCodeClientWorkspace: TextDocument.onDidChanceContent: file:///home/n30/.dotfiles/wiki-wayland-0.9beta.md
[Trace 04:03:48.462] Server: connection.languages.diagnostics.on: file:///home/n30/.dotfiles/wiki-wayland-0.9beta.md
[Debug 04:03:48.628] MdFoldingProvider: provideFoldingRanges — file:///home/n30/.dotfiles/wiki-wayland-0.9beta.md 16
[Debug 04:03:48.628] TableOfContentsProvider: create - file:///home/n30/.dotfiles/wiki-wayland-0.9beta.md
[Trace 04:03:48.844] Server: connection.languages.diagnostics.on: untitled:Untitled-1
[Trace 04:03:48.844] DocumentSymbolProvider: provideDocumentSymbols — file:///home/n30/.dotfiles/wiki-wayland-0.9beta.md 16
[Debug 04:03:48.844] LinkProvider: compute - file:///home/n30/.dotfiles/wiki-wayland-0.9beta.md
[Trace 04:03:48.914] VsCodeClientWorkspace: TextDocument.onDidChanceContent: file:///home/n30/.dotfiles/wiki-wayland-0.9beta.md
[Trace 04:03:48.914] Server: connection.languages.diagnostics.on: file:///home/n30/.dotfiles/wiki-wayland-0.9beta.md
[Debug 04:03:49.092] MdFoldingProvider: provideFoldingRanges — file:///home/n30/.dotfiles/wiki-wayland-0.9beta.md 17
[Debug 04:03:49.092] TableOfContentsProvider: create - file:///home/n30/.dotfiles/wiki-wayland-0.9beta.md
[Trace 04:03:49.238] Server: connection.languages.diagnostics.on: untitled:Untitled-1
[Debug 04:03:49.258] LinkProvider: compute - file:///home/n30/.dotfiles/wiki-wayland-0.9beta.md
[Trace 04:03:49.258] DocumentSymbolProvider: provideDocumentSymbols — file:///home/n30/.dotfiles/wiki-wayland-0.9beta.md 17
[Trace 04:03:49.623] VsCodeClientWorkspace: TextDocument.onDidChanceContent: file:///home/n30/.dotfiles/wiki-wayland-0.9beta.md
[Trace 04:03:49.623] Server: connection.languages.diagnostics.on: file:///home/n30/.dotfiles/wiki-wayland-0.9beta.md
[Debug 04:03:49.802] MdFoldingProvider: provideFoldingRanges — file:///home/n30/.dotfiles/wiki-wayland-0.9beta.md 18
[Debug 04:03:49.802] TableOfContentsProvider: create - file:///home/n30/.dotfiles/wiki-wayland-0.9beta.md
[Trace 04:03:49.858] Server: connection.languages.diagnostics.on: untitled:Untitled-1
[Trace 04:03:49.955] DocumentSymbolProvider: provideDocumentSymbols — file:///home/n30/.dotfiles/wiki-wayland-0.9beta.md 18
[Debug 04:03:49.955] LinkProvider: compute - file:///home/n30/.dotfiles/wiki-wayland-0.9beta.md
[Trace 04:03:52.975] VsCodeClientWorkspace: TextDocument.onDidChanceContent: file:///home/n30/.dotfiles/wiki-wayland-0.9beta.md
[Trace 04:03:52.975] Server: connection.languages.diagnostics.on: file:///home/n30/.dotfiles/wiki-wayland-0.9beta.md
[Trace 04:03:53.136] VsCodeClientWorkspace: TextDocument.onDidChanceContent: file:///home/n30/.dotfiles/wiki-wayland-0.9beta.md
[Trace 04:03:53.136] Server: connection.languages.diagnostics.on: file:///home/n30/.dotfiles/wiki-wayland-0.9beta.md
[Trace 04:03:53.176] Server: connection.languages.diagnostics.on: untitled:Untitled-1
[Trace 04:03:53.303] VsCodeClientWorkspace: TextDocument.onDidChanceContent: file:///home/n30/.dotfiles/wiki-wayland-0.9beta.md
[Trace 04:03:53.303] Server: connection.languages.diagnostics.on: file:///home/n30/.dotfiles/wiki-wayland-0.9beta.md
[Debug 04:03:53.493] MdFoldingProvider: provideFoldingRanges — file:///home/n30/.dotfiles/wiki-wayland-0.9beta.md 21
[Debug 04:03:53.493] TableOfContentsProvider: create - file:///home/n30/.dotfiles/wiki-wayland-0.9beta.md
[Trace 04:03:53.547] Server: connection.languages.diagnostics.on: untitled:Untitled-1
[Trace 04:03:53.657] DocumentSymbolProvider: provideDocumentSymbols — file:///home/n30/.dotfiles/wiki-wayland-0.9beta.md 21
[Debug 04:03:53.657] LinkProvider: compute - file:///home/n30/.dotfiles/wiki-wayland-0.9beta.md
[Trace 04:03:54.179] VsCodeClientWorkspace: TextDocument.onDidChanceContent: file:///home/n30/.dotfiles/wiki-wayland-0.9beta.md
[Trace 04:03:54.179] Server: connection.languages.diagnostics.on: file:///home/n30/.dotfiles/wiki-wayland-0.9beta.md
[Debug 04:03:54.360] MdFoldingProvider: provideFoldingRanges — file:///home/n30/.dotfiles/wiki-wayland-0.9beta.md 22
[Debug 04:03:54.360] TableOfContentsProvider: create - file:///home/n30/.dotfiles/wiki-wayland-0.9beta.md
[Trace 04:03:54.412] Server: connection.languages.diagnostics.on: untitled:Untitled-1
[Debug 04:03:54.511] LinkProvider: compute - file:///home/n30/.dotfiles/wiki-wayland-0.9beta.md
[Trace 04:03:54.539] DocumentSymbolProvider: provideDocumentSymbols — file:///home/n30/.dotfiles/wiki-wayland-0.9beta.md 22
[Trace 04:03:55.885] VsCodeClientWorkspace: TextDocument.onDidChanceContent: file:///home/n30/.dotfiles/wiki-wayland-0.9beta.md
[Trace 04:03:55.885] Server: connection.languages.diagnostics.on: file:///home/n30/.dotfiles/wiki-wayland-0.9beta.md
[Trace 04:03:56.072] VsCodeClientWorkspace: TextDocument.onDidChanceContent: file:///home/n30/.dotfiles/wiki-wayland-0.9beta.md
[Trace 04:03:56.072] Server: connection.languages.diagnostics.on: file:///home/n30/.dotfiles/wiki-wayland-0.9beta.md
[Trace 04:03:56.086] Server: connection.languages.diagnostics.on: untitled:Untitled-1
[Debug 04:03:56.265] MdFoldingProvider: provideFoldingRanges — file:///home/n30/.dotfiles/wiki-wayland-0.9beta.md 24
[Debug 04:03:56.265] TableOfContentsProvider: create - file:///home/n30/.dotfiles/wiki-wayland-0.9beta.md
[Trace 04:03:56.424] DocumentSymbolProvider: provideDocumentSymbols — file:///home/n30/.dotfiles/wiki-wayland-0.9beta.md 24
[Debug 04:03:56.424] LinkProvider: compute - file:///home/n30/.dotfiles/wiki-wayland-0.9beta.md
[Trace 04:03:58.369] VsCodeClientWorkspace: TextDocument.onDidChanceContent: file:///home/n30/.dotfiles/wiki-wayland-0.9beta.md
[Trace 04:03:58.369] Server: connection.languages.diagnostics.on: file:///home/n30/.dotfiles/wiki-wayland-0.9beta.md
[Debug 04:03:58.563] MdFoldingProvider: provideFoldingRanges — file:///home/n30/.dotfiles/wiki-wayland-0.9beta.md 25
[Debug 04:03:58.563] TableOfContentsProvider: create - file:///home/n30/.dotfiles/wiki-wayland-0.9beta.md
[Trace 04:03:58.619] Server: connection.languages.diagnostics.on: untitled:Untitled-1
[Trace 04:03:58.640] VsCodeClientWorkspace: TextDocument.onDidChanceContent: file:///home/n30/.dotfiles/wiki-wayland-0.9beta.md
[Trace 04:03:58.640] Server: connection.languages.diagnostics.on: file:///home/n30/.dotfiles/wiki-wayland-0.9beta.md
[Debug 04:03:58.807] MdFoldingProvider: provideFoldingRanges — file:///home/n30/.dotfiles/wiki-wayland-0.9beta.md 26
[Debug 04:03:58.807] TableOfContentsProvider: create - file:///home/n30/.dotfiles/wiki-wayland-0.9beta.md
[Trace 04:03:58.956] Server: connection.languages.diagnostics.on: untitled:Untitled-1
[Trace 04:03:58.982] VsCodeClientWorkspace: TextDocument.onDidChanceContent: file:///home/n30/.dotfiles/wiki-wayland-0.9beta.md
[Trace 04:03:58.982] Server: connection.languages.diagnostics.on: file:///home/n30/.dotfiles/wiki-wayland-0.9beta.md
[Debug 04:03:59.095] MdFoldingProvider: provideFoldingRanges — file:///home/n30/.dotfiles/wiki-wayland-0.9beta.md 27
[Debug 04:03:59.095] TableOfContentsProvider: create - file:///home/n30/.dotfiles/wiki-wayland-0.9beta.md
[Trace 04:03:59.256] Server: connection.languages.diagnostics.on: untitled:Untitled-1
[Trace 04:03:59.256] DocumentSymbolProvider: provideDocumentSymbols — file:///home/n30/.dotfiles/wiki-wayland-0.9beta.md 27
[Debug 04:03:59.256] LinkProvider: compute - file:///home/n30/.dotfiles/wiki-wayland-0.9beta.md
[Trace 04:03:59.554] VsCodeClientWorkspace: TextDocument.onDidChanceContent: file:///home/n30/.dotfiles/wiki-wayland-0.9beta.md
[Trace 04:03:59.554] Server: connection.languages.diagnostics.on: file:///home/n30/.dotfiles/wiki-wayland-0.9beta.md
[Debug 04:03:59.740] MdFoldingProvider: provideFoldingRanges — file:///home/n30/.dotfiles/wiki-wayland-0.9beta.md 28
[Debug 04:03:59.740] TableOfContentsProvider: create - file:///home/n30/.dotfiles/wiki-wayland-0.9beta.md
[Trace 04:03:59.790] Server: connection.languages.diagnostics.on: untitled:Untitled-1
[Debug 04:03:59.889] LinkProvider: compute - file:///home/n30/.dotfiles/wiki-wayland-0.9beta.md
[Trace 04:03:59.912] DocumentSymbolProvider: provideDocumentSymbols — file:///home/n30/.dotfiles/wiki-wayland-0.9beta.md 28
[Trace 04:04:01.091] VsCodeClientWorkspace: TextDocument.onDidChanceContent: file:///home/n30/.dotfiles/wiki-wayland-0.9beta.md
[Trace 04:04:01.091] Server: connection.languages.diagnostics.on: file:///home/n30/.dotfiles/wiki-wayland-0.9beta.md
[Trace 04:04:01.246] VsCodeClientWorkspace: TextDocument.onDidChanceContent: file:///home/n30/.dotfiles/wiki-wayland-0.9beta.md
[Trace 04:04:01.246] Server: connection.languages.diagnostics.on: file:///home/n30/.dotfiles/wiki-wayland-0.9beta.md
[Trace 04:04:01.291] Server: connection.languages.diagnostics.on: untitled:Untitled-1
[Debug 04:04:01.443] MdFoldingProvider: provideFoldingRanges — file:///home/n30/.dotfiles/wiki-wayland-0.9beta.md 30
[Debug 04:04:01.443] TableOfContentsProvider: create - file:///home/n30/.dotfiles/wiki-wayland-0.9beta.md
[Trace 04:04:01.650] DocumentSymbolProvider: provideDocumentSymbols — file:///home/n30/.dotfiles/wiki-wayland-0.9beta.md 30
[Debug 04:04:01.650] LinkProvider: compute - file:///home/n30/.dotfiles/wiki-wayland-0.9beta.md
[Trace 04:04:01.650] VsCodeClientWorkspace: TextDocument.onDidChanceContent: file:///home/n30/.dotfiles/wiki-wayland-0.9beta.md
[Trace 04:04:01.650] Server: connection.languages.diagnostics.on: file:///home/n30/.dotfiles/wiki-wayland-0.9beta.md
[Debug 04:04:01.689] TableOfContentsProvider: create - file:///home/n30/.dotfiles/wiki-wayland-0.9beta.md
[Debug 04:04:01.807] MdFoldingProvider: provideFoldingRanges — file:///home/n30/.dotfiles/wiki-wayland-0.9beta.md 31
[Trace 04:04:01.954] Server: connection.languages.diagnostics.on: untitled:Untitled-1
[Trace 04:04:01.954] DocumentSymbolProvider: provideDocumentSymbols — file:///home/n30/.dotfiles/wiki-wayland-0.9beta.md 31
[Debug 04:04:01.954] LinkProvider: compute - file:///home/n30/.dotfiles/wiki-wayland-0.9beta.md
[Trace 04:04:02.274] VsCodeClientWorkspace: TextDocument.onDidChanceContent: file:///home/n30/.dotfiles/wiki-wayland-0.9beta.md
[Trace 04:04:02.274] Server: connection.languages.diagnostics.on: file:///home/n30/.dotfiles/wiki-wayland-0.9beta.md
[Debug 04:04:02.460] MdFoldingProvider: provideFoldingRanges — file:///home/n30/.dotfiles/wiki-wayland-0.9beta.md 32
[Debug 04:04:02.460] TableOfContentsProvider: create - file:///home/n30/.dotfiles/wiki-wayland-0.9beta.md
[Trace 04:04:02.515] Server: connection.languages.diagnostics.on: untitled:Untitled-1
[Debug 04:04:02.618] LinkProvider: compute - file:///home/n30/.dotfiles/wiki-wayland-0.9beta.md
[Trace 04:04:02.618] DocumentSymbolProvider: provideDocumentSymbols — file:///home/n30/.dotfiles/wiki-wayland-0.9beta.md 32
[Trace 04:04:26.929] VsCodeClientWorkspace: TextDocument.onDidChanceContent: file:///home/n30/.dotfiles/wiki-wayland-0.9beta.md
[Trace 04:04:26.929] Server: connection.languages.diagnostics.on: file:///home/n30/.dotfiles/wiki-wayland-0.9beta.md
[Debug 04:04:27.090] MdFoldingProvider: provideFoldingRanges — file:///home/n30/.dotfiles/wiki-wayland-0.9beta.md 33
[Debug 04:04:27.090] TableOfContentsProvider: create - file:///home/n30/.dotfiles/wiki-wayland-0.9beta.md
[Trace 04:04:27.293] Server: connection.languages.diagnostics.on: untitled:Untitled-1
[Debug 04:04:27.313] LinkProvider: compute - file:///home/n30/.dotfiles/wiki-wayland-0.9beta.md
[Trace 04:04:27.314] DocumentSymbolProvider: provideDocumentSymbols — file:///home/n30/.dotfiles/wiki-wayland-0.9beta.md 33
[Trace 04:04:28.302] VsCodeClientWorkspace: TextDocument.onDidChanceContent: file:///home/n30/.dotfiles/wiki-wayland-0.9beta.md
[Trace 04:04:28.302] Server: connection.languages.diagnostics.on: file:///home/n30/.dotfiles/wiki-wayland-0.9beta.md
[Debug 04:04:28.496] MdFoldingProvider: provideFoldingRanges — file:///home/n30/.dotfiles/wiki-wayland-0.9beta.md 34
[Debug 04:04:28.496] TableOfContentsProvider: create - file:///home/n30/.dotfiles/wiki-wayland-0.9beta.md
[Trace 04:04:28.554] Server: connection.languages.diagnostics.on: untitled:Untitled-1
[Trace 04:04:28.669] DocumentSymbolProvider: provideDocumentSymbols — file:///home/n30/.dotfiles/wiki-wayland-0.9beta.md 34
[Debug 04:04:28.670] LinkProvider: compute - file:///home/n30/.dotfiles/wiki-wayland-0.9beta.md
[Trace 04:04:28.749] VsCodeClientWorkspace: TextDocument.onDidChanceContent: file:///home/n30/.dotfiles/wiki-wayland-0.9beta.md
[Trace 04:04:28.749] Server: connection.languages.diagnostics.on: file:///home/n30/.dotfiles/wiki-wayland-0.9beta.md
[Debug 04:04:28.944] MdFoldingProvider: provideFoldingRanges — file:///home/n30/.dotfiles/wiki-wayland-0.9beta.md 35
[Debug 04:04:28.944] TableOfContentsProvider: create - file:///home/n30/.dotfiles/wiki-wayland-0.9beta.md
[Trace 04:04:29.001] Server: connection.languages.diagnostics.on: untitled:Untitled-1
[Trace 04:04:29.134] DocumentSymbolProvider: provideDocumentSymbols — file:///home/n30/.dotfiles/wiki-wayland-0.9beta.md 35
[Debug 04:04:29.134] LinkProvider: compute - file:///home/n30/.dotfiles/wiki-wayland-0.9beta.md
[Trace 04:04:34.530] VsCodeClientWorkspace: TextDocument.onDidChanceContent: file:///home/n30/.dotfiles/wiki-wayland-0.9beta.md
[Trace 04:04:34.530] Server: connection.languages.diagnostics.on: file:///home/n30/.dotfiles/wiki-wayland-0.9beta.md
[Debug 04:04:34.711] MdFoldingProvider: provideFoldingRanges — file:///home/n30/.dotfiles/wiki-wayland-0.9beta.md 36
[Debug 04:04:34.711] TableOfContentsProvider: create - file:///home/n30/.dotfiles/wiki-wayland-0.9beta.md
[Trace 04:04:34.766] Server: connection.languages.diagnostics.on: untitled:Untitled-1
[Trace 04:04:34.879] VsCodeClientWorkspace: TextDocument.onDidChanceContent: file:///home/n30/.dotfiles/wiki-wayland-0.9beta.md
[Trace 04:04:34.879] Server: connection.languages.diagnostics.on: file:///home/n30/.dotfiles/wiki-wayland-0.9beta.md
[Trace 04:04:35.025] VsCodeClientWorkspace: TextDocument.onDidChanceContent: file:///home/n30/.dotfiles/wiki-wayland-0.9beta.md
[Trace 04:04:35.025] Server: connection.languages.diagnostics.on: file:///home/n30/.dotfiles/wiki-wayland-0.9beta.md
[Trace 04:04:35.079] Server: connection.languages.diagnostics.on: untitled:Untitled-1
[Trace 04:04:35.192] VsCodeClientWorkspace: TextDocument.onDidChanceContent: file:///home/n30/.dotfiles/wiki-wayland-0.9beta.md
[Trace 04:04:35.192] Server: connection.languages.diagnostics.on: file:///home/n30/.dotfiles/wiki-wayland-0.9beta.md
[Trace 04:04:35.392] Server: connection.languages.diagnostics.on: untitled:Untitled-1
[Debug 04:04:35.393] MdFoldingProvider: provideFoldingRanges — file:///home/n30/.dotfiles/wiki-wayland-0.9beta.md 39
[Debug 04:04:35.393] TableOfContentsProvider: create - file:///home/n30/.dotfiles/wiki-wayland-0.9beta.md
[Trace 04:04:35.557] DocumentSymbolProvider: provideDocumentSymbols — file:///home/n30/.dotfiles/wiki-wayland-0.9beta.md 39
[Debug 04:04:35.557] LinkProvider: compute - file:///home/n30/.dotfiles/wiki-wayland-0.9beta.md
[Trace 04:04:38.637] VsCodeClientWorkspace: TextDocument.onDidChanceContent: file:///home/n30/.dotfiles/wiki-wayland-0.9beta.md
[Trace 04:04:38.637] Server: connection.languages.diagnostics.on: file:///home/n30/.dotfiles/wiki-wayland-0.9beta.md
[Debug 04:04:38.819] MdFoldingProvider: provideFoldingRanges — file:///home/n30/.dotfiles/wiki-wayland-0.9beta.md 40
[Debug 04:04:38.819] TableOfContentsProvider: create - file:///home/n30/.dotfiles/wiki-wayland-0.9beta.md
[Trace 04:04:38.870] Server: connection.languages.diagnostics.on: untitled:Untitled-1
[Trace 04:04:38.975] VsCodeClientWorkspace: TextDocument.onDidChanceContent: file:///home/n30/.dotfiles/wiki-wayland-0.9beta.md
[Trace 04:04:38.975] Server: connection.languages.diagnostics.on: file:///home/n30/.dotfiles/wiki-wayland-0.9beta.md
[Trace 04:04:39.080] VsCodeClientWorkspace: TextDocument.onDidChanceContent: file:///home/n30/.dotfiles/wiki-wayland-0.9beta.md
[Trace 04:04:39.080] Server: connection.languages.diagnostics.on: file:///home/n30/.dotfiles/wiki-wayland-0.9beta.md
[Trace 04:04:39.176] Server: connection.languages.diagnostics.on: untitled:Untitled-1
[Debug 04:04:39.272] MdFoldingProvider: provideFoldingRanges — file:///home/n30/.dotfiles/wiki-wayland-0.9beta.md 42
[Debug 04:04:39.272] TableOfContentsProvider: create - file:///home/n30/.dotfiles/wiki-wayland-0.9beta.md
[Trace 04:04:39.435] VsCodeClientWorkspace: TextDocument.onDidChanceContent: file:///home/n30/.dotfiles/wiki-wayland-0.9beta.md
[Trace 04:04:39.435] Server: connection.languages.diagnostics.on: file:///home/n30/.dotfiles/wiki-wayland-0.9beta.md
[Debug 04:04:39.530] MdFoldingProvider: provideFoldingRanges — file:///home/n30/.dotfiles/wiki-wayland-0.9beta.md 43
[Debug 04:04:39.530] TableOfContentsProvider: create - file:///home/n30/.dotfiles/wiki-wayland-0.9beta.md
[Trace 04:04:39.691] Server: connection.languages.diagnostics.on: untitled:Untitled-1
[Trace 04:04:39.691] DocumentSymbolProvider: provideDocumentSymbols — file:///home/n30/.dotfiles/wiki-wayland-0.9beta.md 43
[Debug 04:04:39.691] LinkProvider: compute - file:///home/n30/.dotfiles/wiki-wayland-0.9beta.md
[Trace 04:04:41.282] VsCodeClientWorkspace: TextDocument.onDidChanceContent: file:///home/n30/.dotfiles/wiki-wayland-0.9beta.md
[Trace 04:04:41.282] Server: connection.languages.diagnostics.on: file:///home/n30/.dotfiles/wiki-wayland-0.9beta.md
[Debug 04:04:41.478] MdFoldingProvider: provideFoldingRanges — file:///home/n30/.dotfiles/wiki-wayland-0.9beta.md 44
[Debug 04:04:41.478] TableOfContentsProvider: create - file:///home/n30/.dotfiles/wiki-wayland-0.9beta.md
[Trace 04:04:41.529] Server: connection.languages.diagnostics.on: untitled:Untitled-1
[Trace 04:04:41.639] VsCodeClientWorkspace: TextDocument.onDidChanceContent: file:///home/n30/.dotfiles/wiki-wayland-0.9beta.md
[Trace 04:04:41.639] Server: connection.languages.diagnostics.on: file:///home/n30/.dotfiles/wiki-wayland-0.9beta.md
[Debug 04:04:41.736] MdFoldingProvider: provideFoldingRanges — file:///home/n30/.dotfiles/wiki-wayland-0.9beta.md 45
[Debug 04:04:41.736] TableOfContentsProvider: create - file:///home/n30/.dotfiles/wiki-wayland-0.9beta.md
[Trace 04:04:41.916] Server: connection.languages.diagnostics.on: untitled:Untitled-1
[Trace 04:04:41.916] DocumentSymbolProvider: provideDocumentSymbols — file:///home/n30/.dotfiles/wiki-wayland-0.9beta.md 45
[Debug 04:04:41.916] LinkProvider: compute - file:///home/n30/.dotfiles/wiki-wayland-0.9beta.md
[Trace 04:04:42.154] VsCodeClientWorkspace: TextDocument.onDidChanceContent: file:///home/n30/.dotfiles/wiki-wayland-0.9beta.md
[Trace 04:04:42.154] Server: connection.languages.diagnostics.on: file:///home/n30/.dotfiles/wiki-wayland-0.9beta.md
[Debug 04:04:42.350] MdFoldingProvider: provideFoldingRanges — file:///home/n30/.dotfiles/wiki-wayland-0.9beta.md 46
[Debug 04:04:42.350] TableOfContentsProvider: create - file:///home/n30/.dotfiles/wiki-wayland-0.9beta.md
[Trace 04:04:42.400] Server: connection.languages.diagnostics.on: untitled:Untitled-1
[Trace 04:04:42.436] VsCodeClientWorkspace: TextDocument.onDidChanceContent: file:///home/n30/.dotfiles/wiki-wayland-0.9beta.md
[Trace 04:04:42.436] Server: connection.languages.diagnostics.on: file:///home/n30/.dotfiles/wiki-wayland-0.9beta.md
[Debug 04:04:42.592] MdFoldingProvider: provideFoldingRanges — file:///home/n30/.dotfiles/wiki-wayland-0.9beta.md 47
[Debug 04:04:42.593] TableOfContentsProvider: create - file:///home/n30/.dotfiles/wiki-wayland-0.9beta.md
[Trace 04:04:42.741] Server: connection.languages.diagnostics.on: untitled:Untitled-1
[Debug 04:04:42.741] LinkProvider: compute - file:///home/n30/.dotfiles/wiki-wayland-0.9beta.md
[Trace 04:04:42.764] DocumentSymbolProvider: provideDocumentSymbols — file:///home/n30/.dotfiles/wiki-wayland-0.9beta.md 47
[Trace 04:05:18.504] VsCodeClientWorkspace: TextDocument.onDidChanceContent: file:///home/n30/.dotfiles/wiki-wayland-0.9beta.md
[Trace 04:05:18.504] Server: connection.languages.diagnostics.on: file:///home/n30/.dotfiles/wiki-wayland-0.9beta.md
[Debug 04:05:18.679] MdFoldingProvider: provideFoldingRanges — file:///home/n30/.dotfiles/wiki-wayland-0.9beta.md 48
[Debug 04:05:18.679] TableOfContentsProvider: create - file:///home/n30/.dotfiles/wiki-wayland-0.9beta.md
[Trace 04:05:18.892] Server: connection.languages.diagnostics.on: untitled:Untitled-1
[Trace 04:05:18.893] DocumentSymbolProvider: provideDocumentSymbols — file:///home/n30/.dotfiles/wiki-wayland-0.9beta.md 48
[Debug 04:05:18.893] LinkProvider: compute - file:///home/n30/.dotfiles/wiki-wayland-0.9beta.md
[Trace 04:05:21.009] VsCodeClientWorkspace: TextDocument.onDidChanceContent: file:///home/n30/.dotfiles/wiki-wayland-0.9beta.md
[Trace 04:05:21.009] Server: connection.languages.diagnostics.on: file:///home/n30/.dotfiles/wiki-wayland-0.9beta.md
[Debug 04:05:21.193] MdFoldingProvider: provideFoldingRanges — file:///home/n30/.dotfiles/wiki-wayland-0.9beta.md 49
[Debug 04:05:21.193] TableOfContentsProvider: create - file:///home/n30/.dotfiles/wiki-wayland-0.9beta.md
[Trace 04:05:21.300] Server: connection.languages.diagnostics.on: untitled:Untitled-1
[Trace 04:05:21.316] VsCodeClientWorkspace: TextDocument.onDidChanceContent: file:///home/n30/.dotfiles/wiki-wayland-0.9beta.md
[Trace 04:05:21.325] Server: connection.languages.diagnostics.on: file:///home/n30/.dotfiles/wiki-wayland-0.9beta.md
[Trace 04:05:21.399] VsCodeClientWorkspace: TextDocument.onDidChanceContent: file:///home/n30/.dotfiles/wiki-wayland-0.9beta.md
[Trace 04:05:21.399] Server: connection.languages.diagnostics.on: file:///home/n30/.dotfiles/wiki-wayland-0.9beta.md
[Trace 04:05:21.510] VsCodeClientWorkspace: TextDocument.onDidChanceContent: file:///home/n30/.dotfiles/wiki-wayland-0.9beta.md
[Trace 04:05:21.511] Server: connection.languages.diagnostics.on: file:///home/n30/.dotfiles/wiki-wayland-0.9beta.md
[Trace 04:05:21.526] Server: connection.languages.diagnostics.on: untitled:Untitled-1
[Debug 04:05:21.695] MdFoldingProvider: provideFoldingRanges — file:///home/n30/.dotfiles/wiki-wayland-0.9beta.md 52
[Debug 04:05:21.695] TableOfContentsProvider: create - file:///home/n30/.dotfiles/wiki-wayland-0.9beta.md
[Debug 04:05:21.845] LinkProvider: compute - file:///home/n30/.dotfiles/wiki-wayland-0.9beta.md
[Trace 04:05:21.845] DocumentSymbolProvider: provideDocumentSymbols — file:///home/n30/.dotfiles/wiki-wayland-0.9beta.md 52
[Trace 04:05:22.498] VsCodeClientWorkspace: TextDocument.onDidChanceContent: file:///home/n30/.dotfiles/wiki-wayland-0.9beta.md
[Trace 04:05:22.498] Server: connection.languages.diagnostics.on: file:///home/n30/.dotfiles/wiki-wayland-0.9beta.md
[Debug 04:05:22.683] MdFoldingProvider: provideFoldingRanges — file:///home/n30/.dotfiles/wiki-wayland-0.9beta.md 53
[Debug 04:05:22.683] TableOfContentsProvider: create - file:///home/n30/.dotfiles/wiki-wayland-0.9beta.md
[Trace 04:05:22.736] Server: connection.languages.diagnostics.on: untitled:Untitled-1
[Debug 04:05:22.838] LinkProvider: compute - file:///home/n30/.dotfiles/wiki-wayland-0.9beta.md
[Trace 04:05:22.838] DocumentSymbolProvider: provideDocumentSymbols — file:///home/n30/.dotfiles/wiki-wayland-0.9beta.md 53
[Trace 04:05:26.704] VsCodeClientWorkspace: TextDocument.onDidChanceContent: file:///home/n30/.dotfiles/wiki-wayland-0.9beta.md
[Trace 04:05:26.704] Server: connection.languages.diagnostics.on: file:///home/n30/.dotfiles/wiki-wayland-0.9beta.md
[Debug 04:05:26.884] MdFoldingProvider: provideFoldingRanges — file:///home/n30/.dotfiles/wiki-wayland-0.9beta.md 54
[Debug 04:05:26.884] TableOfContentsProvider: create - file:///home/n30/.dotfiles/wiki-wayland-0.9beta.md
[Trace 04:05:26.934] Server: connection.languages.diagnostics.on: untitled:Untitled-1
[Trace 04:05:27.035] DocumentSymbolProvider: provideDocumentSymbols — file:///home/n30/.dotfiles/wiki-wayland-0.9beta.md 54
[Debug 04:05:27.035] LinkProvider: compute - file:///home/n30/.dotfiles/wiki-wayland-0.9beta.md
[Trace 04:05:28.004] VsCodeClientWorkspace: TextDocument.onDidChanceContent: file:///home/n30/.dotfiles/wiki-wayland-0.9beta.md
[Trace 04:05:28.004] Server: connection.languages.diagnostics.on: file:///home/n30/.dotfiles/wiki-wayland-0.9beta.md
[Debug 04:05:28.195] MdFoldingProvider: provideFoldingRanges — file:///home/n30/.dotfiles/wiki-wayland-0.9beta.md 55
[Debug 04:05:28.195] TableOfContentsProvider: create - file:///home/n30/.dotfiles/wiki-wayland-0.9beta.md
[Trace 04:05:28.246] Server: connection.languages.diagnostics.on: untitled:Untitled-1
[Trace 04:05:28.354] DocumentSymbolProvider: provideDocumentSymbols — file:///home/n30/.dotfiles/wiki-wayland-0.9beta.md 55
[Debug 04:05:28.354] LinkProvider: compute - file:///home/n30/.dotfiles/wiki-wayland-0.9beta.md
[Trace 04:06:00.515] VsCodeClientWorkspace: TextDocument.onDidChanceContent: file:///home/n30/.dotfiles/wiki-wayland-0.9beta.md
[Trace 04:06:00.515] Server: connection.languages.diagnostics.on: file:///home/n30/.dotfiles/wiki-wayland-0.9beta.md
[Trace 04:06:00.636] VsCodeClientWorkspace: TextDocument.onDidChanceContent: file:///home/n30/.dotfiles/wiki-wayland-0.9beta.md
[Trace 04:06:00.636] Server: connection.languages.diagnostics.on: file:///home/n30/.dotfiles/wiki-wayland-0.9beta.md
[Trace 04:06:00.715] Server: connection.languages.diagnostics.on: untitled:Untitled-1
[Debug 04:06:00.812] MdFoldingProvider: provideFoldingRanges — file:///home/n30/.dotfiles/wiki-wayland-0.9beta.md 57
[Debug 04:06:00.812] TableOfContentsProvider: create - file:///home/n30/.dotfiles/wiki-wayland-0.9beta.md
[Trace 04:06:01.018] DocumentSymbolProvider: provideDocumentSymbols — file:///home/n30/.dotfiles/wiki-wayland-0.9beta.md 57
[Debug 04:06:01.018] LinkProvider: compute - file:///home/n30/.dotfiles/wiki-wayland-0.9beta.md
[Trace 04:06:14.409] VsCodeClientWorkspace: TextDocument.onDidChanceContent: file:///home/n30/.dotfiles/wiki-wayland-0.9beta.md
[Trace 04:06:14.409] Server: connection.languages.diagnostics.on: file:///home/n30/.dotfiles/wiki-wayland-0.9beta.md
[Trace 04:06:14.477] VsCodeClientWorkspace: TextDocument.onDidChanceContent: file:///home/n30/.dotfiles/wiki-wayland-0.9beta.md
[Trace 04:06:14.478] Server: connection.languages.diagnostics.on: file:///home/n30/.dotfiles/wiki-wayland-0.9beta.md
[Trace 04:06:14.575] VsCodeClientWorkspace: TextDocument.onDidChanceContent: file:///home/n30/.dotfiles/wiki-wayland-0.9beta.md
[Trace 04:06:14.575] Server: connection.languages.diagnostics.on: file:///home/n30/.dotfiles/wiki-wayland-0.9beta.md
[Trace 04:06:14.609] Server: connection.languages.diagnostics.on: untitled:Untitled-1
[Debug 04:06:14.753] MdFoldingProvider: provideFoldingRanges — file:///home/n30/.dotfiles/wiki-wayland-0.9beta.md 60
[Debug 04:06:14.753] TableOfContentsProvider: create - file:///home/n30/.dotfiles/wiki-wayland-0.9beta.md
[Trace 04:06:14.940] DocumentSymbolProvider: provideDocumentSymbols — file:///home/n30/.dotfiles/wiki-wayland-0.9beta.md 60
[Debug 04:06:14.940] LinkProvider: compute - file:///home/n30/.dotfiles/wiki-wayland-0.9beta.md
[Trace 04:06:51.796] VsCodeClientWorkspace: TextDocument.onDidChanceContent: file:///home/n30/.dotfiles/wiki-wayland-0.9beta.md
[Trace 04:06:51.796] Server: connection.languages.diagnostics.on: file:///home/n30/.dotfiles/wiki-wayland-0.9beta.md
[Debug 04:06:51.938] MdFoldingProvider: provideFoldingRanges — file:///home/n30/.dotfiles/wiki-wayland-0.9beta.md 61
[Debug 04:06:51.938] TableOfContentsProvider: create - file:///home/n30/.dotfiles/wiki-wayland-0.9beta.md
[Trace 04:06:52.151] Server: connection.languages.diagnostics.on: untitled:Untitled-1
[Debug 04:06:52.152] LinkProvider: compute - file:///home/n30/.dotfiles/wiki-wayland-0.9beta.md
[Trace 04:06:52.152] DocumentSymbolProvider: provideDocumentSymbols — file:///home/n30/.dotfiles/wiki-wayland-0.9beta.md 61
[Trace 04:06:52.945] VsCodeClientWorkspace: TextDocument.onDidChanceContent: file:///home/n30/.dotfiles/wiki-wayland-0.9beta.md
[Trace 04:06:52.945] Server: connection.languages.diagnostics.on: file:///home/n30/.dotfiles/wiki-wayland-0.9beta.md
[Trace 04:06:53.110] VsCodeClientWorkspace: TextDocument.onDidChanceContent: file:///home/n30/.dotfiles/wiki-wayland-0.9beta.md
[Trace 04:06:53.110] Server: connection.languages.diagnostics.on: file:///home/n30/.dotfiles/wiki-wayland-0.9beta.md
[Trace 04:06:53.145] Server: connection.languages.diagnostics.on: untitled:Untitled-1
[Trace 04:06:53.289] VsCodeClientWorkspace: TextDocument.onDidChanceContent: file:///home/n30/.dotfiles/wiki-wayland-0.9beta.md
[Trace 04:06:53.289] Server: connection.languages.diagnostics.on: file:///home/n30/.dotfiles/wiki-wayland-0.9beta.md
[Debug 04:06:53.471] MdFoldingProvider: provideFoldingRanges — file:///home/n30/.dotfiles/wiki-wayland-0.9beta.md 64
[Debug 04:06:53.471] TableOfContentsProvider: create - file:///home/n30/.dotfiles/wiki-wayland-0.9beta.md
[Trace 04:06:53.617] Server: connection.languages.diagnostics.on: untitled:Untitled-1
[Debug 04:06:53.640] LinkProvider: compute - file:///home/n30/.dotfiles/wiki-wayland-0.9beta.md
[Trace 04:06:53.640] DocumentSymbolProvider: provideDocumentSymbols — file:///home/n30/.dotfiles/wiki-wayland-0.9beta.md 64
[Trace 04:06:53.673] VsCodeClientWorkspace: TextDocument.onDidChanceContent: file:///home/n30/.dotfiles/wiki-wayland-0.9beta.md
[Trace 04:06:53.673] Server: connection.languages.diagnostics.on: file:///home/n30/.dotfiles/wiki-wayland-0.9beta.md
[Debug 04:06:53.856] MdFoldingProvider: provideFoldingRanges — file:///home/n30/.dotfiles/wiki-wayland-0.9beta.md 65
[Debug 04:06:53.856] TableOfContentsProvider: create - file:///home/n30/.dotfiles/wiki-wayland-0.9beta.md
[Trace 04:06:54.055] Server: connection.languages.diagnostics.on: untitled:Untitled-1
[Debug 04:06:54.055] LinkProvider: compute - file:///home/n30/.dotfiles/wiki-wayland-0.9beta.md
[Trace 04:06:54.074] DocumentSymbolProvider: provideDocumentSymbols — file:///home/n30/.dotfiles/wiki-wayland-0.9beta.md 65
[Trace 04:07:36.592] VsCodeClientWorkspace: TextDocument.onDidChanceContent: file:///home/n30/.dotfiles/wiki-wayland-0.9beta.md
[Trace 04:07:36.592] Server: connection.languages.diagnostics.on: file:///home/n30/.dotfiles/wiki-wayland-0.9beta.md
[Debug 04:07:36.770] MdFoldingProvider: provideFoldingRanges — file:///home/n30/.dotfiles/wiki-wayland-0.9beta.md 66
[Debug 04:07:36.770] TableOfContentsProvider: create - file:///home/n30/.dotfiles/wiki-wayland-0.9beta.md
[Trace 04:07:36.907] Server: connection.languages.diagnostics.on: untitled:Untitled-1
[Trace 04:07:36.907] VsCodeClientWorkspace: TextDocument.onDidChanceContent: file:///home/n30/.dotfiles/wiki-wayland-0.9beta.md
[Trace 04:07:36.909] Server: connection.languages.diagnostics.on: file:///home/n30/.dotfiles/wiki-wayland-0.9beta.md
[Debug 04:07:36.989] MdFoldingProvider: provideFoldingRanges — file:///home/n30/.dotfiles/wiki-wayland-0.9beta.md 67
[Debug 04:07:36.989] TableOfContentsProvider: create - file:///home/n30/.dotfiles/wiki-wayland-0.9beta.md
[Debug 04:07:37.204] LinkProvider: compute - file:///home/n30/.dotfiles/wiki-wayland-0.9beta.md
[Trace 04:07:37.204] Server: connection.languages.diagnostics.on: untitled:Untitled-1
[Trace 04:07:37.204] DocumentSymbolProvider: provideDocumentSymbols — file:///home/n30/.dotfiles/wiki-wayland-0.9beta.md 67
[Trace 04:07:37.344] VsCodeClientWorkspace: TextDocument.onDidChanceContent: file:///home/n30/.dotfiles/wiki-wayland-0.9beta.md
[Trace 04:07:37.345] Server: connection.languages.diagnostics.on: file:///home/n30/.dotfiles/wiki-wayland-0.9beta.md
[Debug 04:07:37.543] MdFoldingProvider: provideFoldingRanges — file:///home/n30/.dotfiles/wiki-wayland-0.9beta.md 68
[Debug 04:07:37.543] TableOfContentsProvider: create - file:///home/n30/.dotfiles/wiki-wayland-0.9beta.md
[Trace 04:07:37.682] Server: connection.languages.diagnostics.on: untitled:Untitled-1
[Debug 04:07:37.683] LinkProvider: compute - file:///home/n30/.dotfiles/wiki-wayland-0.9beta.md
[Trace 04:07:37.718] DocumentSymbolProvider: provideDocumentSymbols — file:///home/n30/.dotfiles/wiki-wayland-0.9beta.md 68
[Trace 04:07:37.879] VsCodeClientWorkspace: TextDocument.onDidChanceContent: file:///home/n30/.dotfiles/wiki-wayland-0.9beta.md
[Trace 04:07:37.879] Server: connection.languages.diagnostics.on: file:///home/n30/.dotfiles/wiki-wayland-0.9beta.md
[Debug 04:07:38.072] MdFoldingProvider: provideFoldingRanges — file:///home/n30/.dotfiles/wiki-wayland-0.9beta.md 69
[Debug 04:07:38.072] TableOfContentsProvider: create - file:///home/n30/.dotfiles/wiki-wayland-0.9beta.md
[Trace 04:07:38.213] Server: connection.languages.diagnostics.on: untitled:Untitled-1
[Debug 04:07:38.231] LinkProvider: compute - file:///home/n30/.dotfiles/wiki-wayland-0.9beta.md
[Trace 04:07:38.231] DocumentSymbolProvider: provideDocumentSymbols — file:///home/n30/.dotfiles/wiki-wayland-0.9beta.md 69
[Trace 04:07:41.792] VsCodeClientWorkspace: TextDocument.onDidChanceContent: file:///home/n30/.dotfiles/wiki-wayland-0.9beta.md
[Trace 04:07:41.792] Server: connection.languages.diagnostics.on: file:///home/n30/.dotfiles/wiki-wayland-0.9beta.md
[Trace 04:07:41.938] VsCodeClientWorkspace: TextDocument.onDidChanceContent: file:///home/n30/.dotfiles/wiki-wayland-0.9beta.md
[Trace 04:07:41.938] Server: connection.languages.diagnostics.on: file:///home/n30/.dotfiles/wiki-wayland-0.9beta.md
[Trace 04:07:41.993] Server: connection.languages.diagnostics.on: untitled:Untitled-1
[Trace 04:07:42.096] VsCodeClientWorkspace: TextDocument.onDidChanceContent: file:///home/n30/.dotfiles/wiki-wayland-0.9beta.md
[Trace 04:07:42.096] Server: connection.languages.diagnostics.on: file:///home/n30/.dotfiles/wiki-wayland-0.9beta.md
[Debug 04:07:42.284] MdFoldingProvider: provideFoldingRanges — file:///home/n30/.dotfiles/wiki-wayland-0.9beta.md 72
[Debug 04:07:42.284] TableOfContentsProvider: create - file:///home/n30/.dotfiles/wiki-wayland-0.9beta.md
[Trace 04:07:42.332] Server: connection.languages.diagnostics.on: untitled:Untitled-1
[Debug 04:07:42.438] LinkProvider: compute - file:///home/n30/.dotfiles/wiki-wayland-0.9beta.md
[Trace 04:07:42.438] DocumentSymbolProvider: provideDocumentSymbols — file:///home/n30/.dotfiles/wiki-wayland-0.9beta.md 72
[Trace 04:07:42.566] VsCodeClientWorkspace: TextDocument.onDidChanceContent: file:///home/n30/.dotfiles/wiki-wayland-0.9beta.md
[Trace 04:07:42.566] Server: connection.languages.diagnostics.on: file:///home/n30/.dotfiles/wiki-wayland-0.9beta.md
[Debug 04:07:42.745] MdFoldingProvider: provideFoldingRanges — file:///home/n30/.dotfiles/wiki-wayland-0.9beta.md 73
[Debug 04:07:42.745] TableOfContentsProvider: create - file:///home/n30/.dotfiles/wiki-wayland-0.9beta.md
[Trace 04:07:42.796] Server: connection.languages.diagnostics.on: untitled:Untitled-1
[Trace 04:07:42.924] DocumentSymbolProvider: provideDocumentSymbols — file:///home/n30/.dotfiles/wiki-wayland-0.9beta.md 73
[Debug 04:07:42.924] LinkProvider: compute - file:///home/n30/.dotfiles/wiki-wayland-0.9beta.md
[Trace 04:07:43.973] VsCodeClientWorkspace: TextDocument.onDidChanceContent: file:///home/n30/.dotfiles/wiki-wayland-0.9beta.md
[Trace 04:07:43.973] Server: connection.languages.diagnostics.on: file:///home/n30/.dotfiles/wiki-wayland-0.9beta.md
[Trace 04:07:44.152] VsCodeClientWorkspace: TextDocument.onDidChanceContent: file:///home/n30/.dotfiles/wiki-wayland-0.9beta.md
[Trace 04:07:44.152] Server: connection.languages.diagnostics.on: file:///home/n30/.dotfiles/wiki-wayland-0.9beta.md
[Trace 04:07:44.173] Server: connection.languages.diagnostics.on: untitled:Untitled-1
[Trace 04:07:44.230] VsCodeClientWorkspace: TextDocument.onDidChanceContent: file:///home/n30/.dotfiles/wiki-wayland-0.9beta.md
[Trace 04:07:44.231] Server: connection.languages.diagnostics.on: file:///home/n30/.dotfiles/wiki-wayland-0.9beta.md
[Debug 04:07:44.415] MdFoldingProvider: provideFoldingRanges — file:///home/n30/.dotfiles/wiki-wayland-0.9beta.md 76
[Debug 04:07:44.416] TableOfContentsProvider: create - file:///home/n30/.dotfiles/wiki-wayland-0.9beta.md
[Trace 04:07:44.467] Server: connection.languages.diagnostics.on: untitled:Untitled-1
[Debug 04:07:44.573] LinkProvider: compute - file:///home/n30/.dotfiles/wiki-wayland-0.9beta.md
[Trace 04:07:44.573] DocumentSymbolProvider: provideDocumentSymbols — file:///home/n30/.dotfiles/wiki-wayland-0.9beta.md 76
[Trace 04:07:45.298] VsCodeClientWorkspace: TextDocument.onDidChanceContent: file:///home/n30/.dotfiles/wiki-wayland-0.9beta.md
[Trace 04:07:45.298] Server: connection.languages.diagnostics.on: file:///home/n30/.dotfiles/wiki-wayland-0.9beta.md
[Trace 04:07:45.386] VsCodeClientWorkspace: TextDocument.onDidChanceContent: file:///home/n30/.dotfiles/wiki-wayland-0.9beta.md
[Trace 04:07:45.386] Server: connection.languages.diagnostics.on: file:///home/n30/.dotfiles/wiki-wayland-0.9beta.md
[Trace 04:07:45.506] Server: connection.languages.diagnostics.on: untitled:Untitled-1
[Debug 04:07:45.588] MdFoldingProvider: provideFoldingRanges — file:///home/n30/.dotfiles/wiki-wayland-0.9beta.md 78
[Debug 04:07:45.588] TableOfContentsProvider: create - file:///home/n30/.dotfiles/wiki-wayland-0.9beta.md
[Trace 04:07:45.588] VsCodeClientWorkspace: TextDocument.onDidChanceContent: file:///home/n30/.dotfiles/wiki-wayland-0.9beta.md
[Trace 04:07:45.588] Server: connection.languages.diagnostics.on: file:///home/n30/.dotfiles/wiki-wayland-0.9beta.md
[Trace 04:07:45.749] VsCodeClientWorkspace: TextDocument.onDidChanceContent: file:///home/n30/.dotfiles/wiki-wayland-0.9beta.md
[Trace 04:07:45.749] Server: connection.languages.diagnostics.on: file:///home/n30/.dotfiles/wiki-wayland-0.9beta.md
[Trace 04:07:45.829] Server: connection.languages.diagnostics.on: untitled:Untitled-1
[Trace 04:07:45.871] VsCodeClientWorkspace: TextDocument.onDidChanceContent: file:///home/n30/.dotfiles/wiki-wayland-0.9beta.md
[Trace 04:07:45.872] Server: connection.languages.diagnostics.on: file:///home/n30/.dotfiles/wiki-wayland-0.9beta.md
[Debug 04:07:46.055] MdFoldingProvider: provideFoldingRanges — file:///home/n30/.dotfiles/wiki-wayland-0.9beta.md 81
[Debug 04:07:46.055] TableOfContentsProvider: create - file:///home/n30/.dotfiles/wiki-wayland-0.9beta.md
[Trace 04:07:46.110] Server: connection.languages.diagnostics.on: untitled:Untitled-1
[Debug 04:07:46.210] LinkProvider: compute - file:///home/n30/.dotfiles/wiki-wayland-0.9beta.md
[Trace 04:07:46.210] DocumentSymbolProvider: provideDocumentSymbols — file:///home/n30/.dotfiles/wiki-wayland-0.9beta.md 81
[Trace 04:07:46.684] VsCodeClientWorkspace: TextDocument.onDidChanceContent: file:///home/n30/.dotfiles/wiki-wayland-0.9beta.md
[Trace 04:07:46.684] Server: connection.languages.diagnostics.on: file:///home/n30/.dotfiles/wiki-wayland-0.9beta.md
[Debug 04:07:46.870] MdFoldingProvider: provideFoldingRanges — file:///home/n30/.dotfiles/wiki-wayland-0.9beta.md 82
[Debug 04:07:46.870] TableOfContentsProvider: create - file:///home/n30/.dotfiles/wiki-wayland-0.9beta.md
[Trace 04:07:46.921] Server: connection.languages.diagnostics.on: untitled:Untitled-1
[Trace 04:07:47.034] DocumentSymbolProvider: provideDocumentSymbols — file:///home/n30/.dotfiles/wiki-wayland-0.9beta.md 82
[Debug 04:07:47.034] LinkProvider: compute - file:///home/n30/.dotfiles/wiki-wayland-0.9beta.md
[Trace 04:07:47.636] VsCodeClientWorkspace: TextDocument.onDidChanceContent: file:///home/n30/.dotfiles/wiki-wayland-0.9beta.md
[Trace 04:07:47.636] Server: connection.languages.diagnostics.on: file:///home/n30/.dotfiles/wiki-wayland-0.9beta.md
[Debug 04:07:47.822] MdFoldingProvider: provideFoldingRanges — file:///home/n30/.dotfiles/wiki-wayland-0.9beta.md 83
[Debug 04:07:47.822] TableOfContentsProvider: create - file:///home/n30/.dotfiles/wiki-wayland-0.9beta.md
[Trace 04:07:47.912] Server: connection.languages.diagnostics.on: untitled:Untitled-1
[Trace 04:07:47.912] VsCodeClientWorkspace: TextDocument.onDidChanceContent: file:///home/n30/.dotfiles/wiki-wayland-0.9beta.md
[Trace 04:07:47.914] Server: connection.languages.diagnostics.on: file:///home/n30/.dotfiles/wiki-wayland-0.9beta.md
[Trace 04:07:47.977] VsCodeClientWorkspace: TextDocument.onDidChanceContent: file:///home/n30/.dotfiles/wiki-wayland-0.9beta.md
[Trace 04:07:47.977] Server: connection.languages.diagnostics.on: file:///home/n30/.dotfiles/wiki-wayland-0.9beta.md
[Trace 04:07:48.114] Server: connection.languages.diagnostics.on: untitled:Untitled-1
[Trace 04:07:48.154] VsCodeClientWorkspace: TextDocument.onDidChanceContent: file:///home/n30/.dotfiles/wiki-wayland-0.9beta.md
[Trace 04:07:48.154] Server: connection.languages.diagnostics.on: file:///home/n30/.dotfiles/wiki-wayland-0.9beta.md
[Debug 04:07:48.338] MdFoldingProvider: provideFoldingRanges — file:///home/n30/.dotfiles/wiki-wayland-0.9beta.md 86
[Debug 04:07:48.338] TableOfContentsProvider: create - file:///home/n30/.dotfiles/wiki-wayland-0.9beta.md
[Trace 04:07:48.394] Server: connection.languages.diagnostics.on: untitled:Untitled-1
[Debug 04:07:48.510] LinkProvider: compute - file:///home/n30/.dotfiles/wiki-wayland-0.9beta.md
[Trace 04:07:48.510] VsCodeClientWorkspace: TextDocument.onDidChanceContent: file:///home/n30/.dotfiles/wiki-wayland-0.9beta.md
[Trace 04:07:48.510] Server: connection.languages.diagnostics.on: file:///home/n30/.dotfiles/wiki-wayland-0.9beta.md
[Trace 04:07:48.586] VsCodeClientWorkspace: TextDocument.onDidChanceContent: file:///home/n30/.dotfiles/wiki-wayland-0.9beta.md
[Trace 04:07:48.586] Server: connection.languages.diagnostics.on: file:///home/n30/.dotfiles/wiki-wayland-0.9beta.md
[Trace 04:07:48.737] Server: connection.languages.diagnostics.on: untitled:Untitled-1
[Debug 04:07:48.770] MdFoldingProvider: provideFoldingRanges — file:///home/n30/.dotfiles/wiki-wayland-0.9beta.md 88
[Debug 04:07:48.770] TableOfContentsProvider: create - file:///home/n30/.dotfiles/wiki-wayland-0.9beta.md
[Debug 04:07:48.921] LinkProvider: compute - file:///home/n30/.dotfiles/wiki-wayland-0.9beta.md
[Trace 04:07:48.942] DocumentSymbolProvider: provideDocumentSymbols — file:///home/n30/.dotfiles/wiki-wayland-0.9beta.md 88
[Trace 04:07:49.317] VsCodeClientWorkspace: TextDocument.onDidChanceContent: file:///home/n30/.dotfiles/wiki-wayland-0.9beta.md
[Trace 04:07:49.317] Server: connection.languages.diagnostics.on: file:///home/n30/.dotfiles/wiki-wayland-0.9beta.md
[Debug 04:07:49.504] MdFoldingProvider: provideFoldingRanges — file:///home/n30/.dotfiles/wiki-wayland-0.9beta.md 89
[Debug 04:07:49.504] TableOfContentsProvider: create - file:///home/n30/.dotfiles/wiki-wayland-0.9beta.md
[Trace 04:07:49.555] Server: connection.languages.diagnostics.on: untitled:Untitled-1
[Debug 04:07:49.657] LinkProvider: compute - file:///home/n30/.dotfiles/wiki-wayland-0.9beta.md
[Trace 04:07:49.657] DocumentSymbolProvider: provideDocumentSymbols — file:///home/n30/.dotfiles/wiki-wayland-0.9beta.md 89
[Trace 04:07:59.505] Server: connection.languages.diagnostics.on: untitled:Untitled-1
[Trace 04:07:59.706] Server: connection.languages.diagnostics.on: file:///home/n30/.dotfiles/wiki-wayland-0.9beta.md
[Trace 04:08:29.904] Server: connection.languages.diagnostics.on: file:///home/n30/.dotfiles/wiki-wayland-0.9beta.md
[Debug 04:08:30.074] MdFoldingProvider: provideFoldingRanges — file:///home/n30/.dotfiles/wiki-wayland-0.9beta.md 89
[Trace 04:08:34.683] VsCodeClientWorkspace: TextDocument.onDidChanceContent: file:///home/n30/.dotfiles/wiki-wayland-0.9beta.md
[Trace 04:08:34.683] Server: connection.languages.diagnostics.on: file:///home/n30/.dotfiles/wiki-wayland-0.9beta.md
[Debug 04:08:34.693] TableOfContentsProvider: create - file:///home/n30/.dotfiles/wiki-wayland-0.9beta.md
[Debug 04:08:34.849] MdFoldingProvider: provideFoldingRanges — file:///home/n30/.dotfiles/wiki-wayland-0.9beta.md 90
[Trace 04:08:34.889] Server: connection.languages.diagnostics.on: untitled:Untitled-1
[Debug 04:08:35.013] LinkProvider: compute - file:///home/n30/.dotfiles/wiki-wayland-0.9beta.md
[Trace 04:08:35.013] DocumentSymbolProvider: provideDocumentSymbols — file:///home/n30/.dotfiles/wiki-wayland-0.9beta.md 90
[Trace 04:08:36.453] VsCodeClientWorkspace: TextDocument.onDidChanceContent: file:///home/n30/.dotfiles/wiki-wayland-0.9beta.md
[Trace 04:08:36.453] Server: connection.languages.diagnostics.on: file:///home/n30/.dotfiles/wiki-wayland-0.9beta.md
[Debug 04:08:36.633] MdFoldingProvider: provideFoldingRanges — file:///home/n30/.dotfiles/wiki-wayland-0.9beta.md 91
[Debug 04:08:36.633] TableOfContentsProvider: create - file:///home/n30/.dotfiles/wiki-wayland-0.9beta.md
[Trace 04:08:36.846] Server: connection.languages.diagnostics.on: untitled:Untitled-1
[Debug 04:08:36.859] LinkProvider: compute - file:///home/n30/.dotfiles/wiki-wayland-0.9beta.md
[Trace 04:08:36.859] DocumentSymbolProvider: provideDocumentSymbols — file:///home/n30/.dotfiles/wiki-wayland-0.9beta.md 91
[Trace 04:08:37.523] VsCodeClientWorkspace: TextDocument.onDidChanceContent: file:///home/n30/.dotfiles/wiki-wayland-0.9beta.md
[Trace 04:08:37.523] Server: connection.languages.diagnostics.on: file:///home/n30/.dotfiles/wiki-wayland-0.9beta.md
[Debug 04:08:37.697] MdFoldingProvider: provideFoldingRanges — file:///home/n30/.dotfiles/wiki-wayland-0.9beta.md 92
[Debug 04:08:37.698] TableOfContentsProvider: create - file:///home/n30/.dotfiles/wiki-wayland-0.9beta.md
[Trace 04:08:37.843] Server: connection.languages.diagnostics.on: untitled:Untitled-1
[Trace 04:08:37.866] DocumentSymbolProvider: provideDocumentSymbols — file:///home/n30/.dotfiles/wiki-wayland-0.9beta.md 92
[Debug 04:08:37.866] LinkProvider: compute - file:///home/n30/.dotfiles/wiki-wayland-0.9beta.md
[Trace 04:08:39.241] VsCodeClientWorkspace: TextDocument.onDidChanceContent: file:///home/n30/.dotfiles/wiki-wayland-0.9beta.md
[Trace 04:08:39.241] Server: connection.languages.diagnostics.on: file:///home/n30/.dotfiles/wiki-wayland-0.9beta.md
[Debug 04:08:39.413] MdFoldingProvider: provideFoldingRanges — file:///home/n30/.dotfiles/wiki-wayland-0.9beta.md 93
[Debug 04:08:39.413] TableOfContentsProvider: create - file:///home/n30/.dotfiles/wiki-wayland-0.9beta.md
[Trace 04:08:39.582] Server: connection.languages.diagnostics.on: untitled:Untitled-1
[Debug 04:08:39.603] LinkProvider: compute - file:///home/n30/.dotfiles/wiki-wayland-0.9beta.md
[Trace 04:08:39.603] DocumentSymbolProvider: provideDocumentSymbols — file:///home/n30/.dotfiles/wiki-wayland-0.9beta.md 93
[Trace 04:08:39.765] VsCodeClientWorkspace: TextDocument.onDidChanceContent: file:///home/n30/.dotfiles/wiki-wayland-0.9beta.md
[Trace 04:08:39.765] Server: connection.languages.diagnostics.on: file:///home/n30/.dotfiles/wiki-wayland-0.9beta.md
[Debug 04:08:39.950] MdFoldingProvider: provideFoldingRanges — file:///home/n30/.dotfiles/wiki-wayland-0.9beta.md 94
[Debug 04:08:39.950] TableOfContentsProvider: create - file:///home/n30/.dotfiles/wiki-wayland-0.9beta.md
[Trace 04:08:40.009] Server: connection.languages.diagnostics.on: untitled:Untitled-1
[Debug 04:08:40.133] LinkProvider: compute - file:///home/n30/.dotfiles/wiki-wayland-0.9beta.md
[Trace 04:08:40.133] DocumentSymbolProvider: provideDocumentSymbols — file:///home/n30/.dotfiles/wiki-wayland-0.9beta.md 94
[Trace 04:08:55.243] VsCodeClientWorkspace: TextDocument.onDidChanceContent: file:///home/n30/.dotfiles/wiki-wayland-0.9beta.md
[Trace 04:08:55.243] Server: connection.languages.diagnostics.on: file:///home/n30/.dotfiles/wiki-wayland-0.9beta.md
[Debug 04:08:55.413] MdFoldingProvider: provideFoldingRanges — file:///home/n30/.dotfiles/wiki-wayland-0.9beta.md 95
[Debug 04:08:55.413] TableOfContentsProvider: create - file:///home/n30/.dotfiles/wiki-wayland-0.9beta.md
[Trace 04:08:55.595] Server: connection.languages.diagnostics.on: untitled:Untitled-1
[Trace 04:08:55.617] DocumentSymbolProvider: provideDocumentSymbols — file:///home/n30/.dotfiles/wiki-wayland-0.9beta.md 95
[Debug 04:08:55.617] LinkProvider: compute - file:///home/n30/.dotfiles/wiki-wayland-0.9beta.md
[Trace 04:08:55.652] VsCodeClientWorkspace: TextDocument.onDidChanceContent: file:///home/n30/.dotfiles/wiki-wayland-0.9beta.md
[Trace 04:08:55.652] Server: connection.languages.diagnostics.on: file:///home/n30/.dotfiles/wiki-wayland-0.9beta.md
[Debug 04:08:55.811] MdFoldingProvider: provideFoldingRanges — file:///home/n30/.dotfiles/wiki-wayland-0.9beta.md 96
[Debug 04:08:55.811] TableOfContentsProvider: create - file:///home/n30/.dotfiles/wiki-wayland-0.9beta.md
[Trace 04:08:55.969] Server: connection.languages.diagnostics.on: untitled:Untitled-1
[Trace 04:08:55.969] DocumentSymbolProvider: provideDocumentSymbols — file:///home/n30/.dotfiles/wiki-wayland-0.9beta.md 96
[Debug 04:08:55.969] LinkProvider: compute - file:///home/n30/.dotfiles/wiki-wayland-0.9beta.md
[Trace 04:08:58.562] VsCodeClientWorkspace: TextDocument.onDidChanceContent: file:///home/n30/.dotfiles/wiki-wayland-0.9beta.md
[Trace 04:08:58.562] Server: connection.languages.diagnostics.on: file:///home/n30/.dotfiles/wiki-wayland-0.9beta.md
[Debug 04:08:58.732] MdFoldingProvider: provideFoldingRanges — file:///home/n30/.dotfiles/wiki-wayland-0.9beta.md 97
[Debug 04:08:58.732] TableOfContentsProvider: create - file:///home/n30/.dotfiles/wiki-wayland-0.9beta.md
[Trace 04:08:58.880] Server: connection.languages.diagnostics.on: untitled:Untitled-1
[Debug 04:08:58.894] LinkProvider: compute - file:///home/n30/.dotfiles/wiki-wayland-0.9beta.md
[Trace 04:08:58.894] DocumentSymbolProvider: provideDocumentSymbols — file:///home/n30/.dotfiles/wiki-wayland-0.9beta.md 97
[Trace 04:09:00.598] VsCodeClientWorkspace: TextDocument.onDidChanceContent: file:///home/n30/.dotfiles/wiki-wayland-0.9beta.md
[Trace 04:09:00.598] Server: connection.languages.diagnostics.on: file:///home/n30/.dotfiles/wiki-wayland-0.9beta.md
[Debug 04:09:00.787] MdFoldingProvider: provideFoldingRanges — file:///home/n30/.dotfiles/wiki-wayland-0.9beta.md 98
[Debug 04:09:00.787] TableOfContentsProvider: create - file:///home/n30/.dotfiles/wiki-wayland-0.9beta.md
[Trace 04:09:00.957] Server: connection.languages.diagnostics.on: untitled:Untitled-1
[Trace 04:09:00.971] DocumentSymbolProvider: provideDocumentSymbols — file:///home/n30/.dotfiles/wiki-wayland-0.9beta.md 98
[Debug 04:09:00.971] LinkProvider: compute - file:///home/n30/.dotfiles/wiki-wayland-0.9beta.md
[Trace 04:09:01.956] VsCodeClientWorkspace: TextDocument.onDidChanceContent: file:///home/n30/.dotfiles/wiki-wayland-0.9beta.md
[Trace 04:09:01.956] Server: connection.languages.diagnostics.on: file:///home/n30/.dotfiles/wiki-wayland-0.9beta.md
[Debug 04:09:02.149] MdFoldingProvider: provideFoldingRanges — file:///home/n30/.dotfiles/wiki-wayland-0.9beta.md 99
[Debug 04:09:02.149] TableOfContentsProvider: create - file:///home/n30/.dotfiles/wiki-wayland-0.9beta.md
[Trace 04:09:02.305] Server: connection.languages.diagnostics.on: untitled:Untitled-1
[Trace 04:09:02.319] DocumentSymbolProvider: provideDocumentSymbols — file:///home/n30/.dotfiles/wiki-wayland-0.9beta.md 99
[Debug 04:09:02.319] LinkProvider: compute - file:///home/n30/.dotfiles/wiki-wayland-0.9beta.md
[Trace 04:09:03.474] VsCodeClientWorkspace: TextDocument.onDidChanceContent: file:///home/n30/.dotfiles/wiki-wayland-0.9beta.md
[Trace 04:09:03.475] Server: connection.languages.diagnostics.on: file:///home/n30/.dotfiles/wiki-wayland-0.9beta.md
[Debug 04:09:03.659] MdFoldingProvider: provideFoldingRanges — file:///home/n30/.dotfiles/wiki-wayland-0.9beta.md 100
[Debug 04:09:03.660] TableOfContentsProvider: create - file:///home/n30/.dotfiles/wiki-wayland-0.9beta.md
[Trace 04:09:03.711] Server: connection.languages.diagnostics.on: untitled:Untitled-1
[Debug 04:09:03.810] LinkProvider: compute - file:///home/n30/.dotfiles/wiki-wayland-0.9beta.md
[Trace 04:09:03.810] DocumentSymbolProvider: provideDocumentSymbols — file:///home/n30/.dotfiles/wiki-wayland-0.9beta.md 100
[Trace 04:09:05.124] VsCodeClientWorkspace: TextDocument.onDidChanceContent: file:///home/n30/.dotfiles/wiki-wayland-0.9beta.md
[Trace 04:09:05.125] Server: connection.languages.diagnostics.on: file:///home/n30/.dotfiles/wiki-wayland-0.9beta.md
[Debug 04:09:05.301] MdFoldingProvider: provideFoldingRanges — file:///home/n30/.dotfiles/wiki-wayland-0.9beta.md 101
[Debug 04:09:05.301] TableOfContentsProvider: create - file:///home/n30/.dotfiles/wiki-wayland-0.9beta.md
[Trace 04:09:05.458] Server: connection.languages.diagnostics.on: untitled:Untitled-1
[Debug 04:09:05.477] LinkProvider: compute - file:///home/n30/.dotfiles/wiki-wayland-0.9beta.md
[Trace 04:09:05.477] DocumentSymbolProvider: provideDocumentSymbols — file:///home/n30/.dotfiles/wiki-wayland-0.9beta.md 101
[Trace 04:14:02.017] Server: connection.languages.diagnostics.on: untitled:Untitled-1
[Trace 04:14:02.217] Server: connection.languages.diagnostics.on: file:///home/n30/.dotfiles/wiki-wayland-0.9beta.md
[Trace 04:14:25.375] Server: connection.languages.diagnostics.on: file:///home/n30/.dotfiles/wiki-wayland-0.9beta.md
[Debug 04:14:25.547] MdFoldingProvider: provideFoldingRanges — file:///home/n30/.dotfiles/wiki-wayland-0.9beta.md 101
[Trace 04:14:50.652] VsCodeClientWorkspace: TextDocument.onDidChanceContent: file:///home/n30/.dotfiles/wiki-wayland-0.9beta.md
[Trace 04:14:50.653] Server: connection.languages.diagnostics.on: file:///home/n30/.dotfiles/wiki-wayland-0.9beta.md
[Debug 04:14:50.811] MdFoldingProvider: provideFoldingRanges — file:///home/n30/.dotfiles/wiki-wayland-0.9beta.md 102
[Debug 04:14:50.812] TableOfContentsProvider: create - file:///home/n30/.dotfiles/wiki-wayland-0.9beta.md
[Trace 04:14:51.043] Server: connection.languages.diagnostics.on: untitled:Untitled-1
[Trace 04:14:51.044] DocumentSymbolProvider: provideDocumentSymbols — file:///home/n30/.dotfiles/wiki-wayland-0.9beta.md 102
[Debug 04:14:51.044] LinkProvider: compute - file:///home/n30/.dotfiles/wiki-wayland-0.9beta.md
[Trace 04:14:51.111] VsCodeClientWorkspace: TextDocument.onDidChanceContent: file:///home/n30/.dotfiles/wiki-wayland-0.9beta.md
[Trace 04:14:51.118] Server: connection.languages.diagnostics.on: file:///home/n30/.dotfiles/wiki-wayland-0.9beta.md
[Debug 04:14:51.121] TableOfContentsProvider: create - file:///home/n30/.dotfiles/wiki-wayland-0.9beta.md
[Debug 04:14:51.204] MdFoldingProvider: provideFoldingRanges — file:///home/n30/.dotfiles/wiki-wayland-0.9beta.md 103
[Trace 04:14:51.337] Server: connection.languages.diagnostics.on: untitled:Untitled-1
[Trace 04:14:51.355] DocumentSymbolProvider: provideDocumentSymbols — file:///home/n30/.dotfiles/wiki-wayland-0.9beta.md 103
[Debug 04:14:51.355] LinkProvider: compute - file:///home/n30/.dotfiles/wiki-wayland-0.9beta.md
[Trace 04:14:53.204] VsCodeClientWorkspace: TextDocument.onDidChanceContent: file:///home/n30/.dotfiles/wiki-wayland-0.9beta.md
[Trace 04:14:53.204] Server: connection.languages.diagnostics.on: file:///home/n30/.dotfiles/wiki-wayland-0.9beta.md
[Trace 04:14:53.367] VsCodeClientWorkspace: TextDocument.onDidChanceContent: file:///home/n30/.dotfiles/wiki-wayland-0.9beta.md
[Trace 04:14:53.367] Server: connection.languages.diagnostics.on: file:///home/n30/.dotfiles/wiki-wayland-0.9beta.md
[Trace 04:14:53.405] Server: connection.languages.diagnostics.on: untitled:Untitled-1
[Trace 04:14:53.480] VsCodeClientWorkspace: TextDocument.onDidChanceContent: file:///home/n30/.dotfiles/wiki-wayland-0.9beta.md
[Trace 04:14:53.480] Server: connection.languages.diagnostics.on: file:///home/n30/.dotfiles/wiki-wayland-0.9beta.md
[Trace 04:14:53.583] VsCodeClientWorkspace: TextDocument.onDidChanceContent: file:///home/n30/.dotfiles/wiki-wayland-0.9beta.md
[Trace 04:14:53.583] Server: connection.languages.diagnostics.on: file:///home/n30/.dotfiles/wiki-wayland-0.9beta.md
[Trace 04:14:53.682] Server: connection.languages.diagnostics.on: untitled:Untitled-1
[Trace 04:14:53.754] VsCodeClientWorkspace: TextDocument.onDidChanceContent: file:///home/n30/.dotfiles/wiki-wayland-0.9beta.md
[Trace 04:14:53.754] Server: connection.languages.diagnostics.on: file:///home/n30/.dotfiles/wiki-wayland-0.9beta.md
[Debug 04:14:53.938] MdFoldingProvider: provideFoldingRanges — file:///home/n30/.dotfiles/wiki-wayland-0.9beta.md 108
[Debug 04:14:53.938] TableOfContentsProvider: create - file:///home/n30/.dotfiles/wiki-wayland-0.9beta.md
[Trace 04:14:53.992] Server: connection.languages.diagnostics.on: untitled:Untitled-1
[Trace 04:14:54.092] DocumentSymbolProvider: provideDocumentSymbols — file:///home/n30/.dotfiles/wiki-wayland-0.9beta.md 108
[Debug 04:14:54.092] LinkProvider: compute - file:///home/n30/.dotfiles/wiki-wayland-0.9beta.md
[Trace 04:14:54.704] VsCodeClientWorkspace: TextDocument.onDidChanceContent: file:///home/n30/.dotfiles/wiki-wayland-0.9beta.md
[Trace 04:14:54.704] Server: connection.languages.diagnostics.on: file:///home/n30/.dotfiles/wiki-wayland-0.9beta.md
[Trace 04:14:54.788] VsCodeClientWorkspace: TextDocument.onDidChanceContent: file:///home/n30/.dotfiles/wiki-wayland-0.9beta.md
[Trace 04:14:54.788] Server: connection.languages.diagnostics.on: file:///home/n30/.dotfiles/wiki-wayland-0.9beta.md
[Trace 04:14:54.904] Server: connection.languages.diagnostics.on: untitled:Untitled-1
[Trace 04:14:54.929] VsCodeClientWorkspace: TextDocument.onDidChanceContent: file:///home/n30/.dotfiles/wiki-wayland-0.9beta.md
[Trace 04:14:54.929] Server: connection.languages.diagnostics.on: file:///home/n30/.dotfiles/wiki-wayland-0.9beta.md
[Debug 04:14:55.112] MdFoldingProvider: provideFoldingRanges — file:///home/n30/.dotfiles/wiki-wayland-0.9beta.md 111
[Debug 04:14:55.112] TableOfContentsProvider: create - file:///home/n30/.dotfiles/wiki-wayland-0.9beta.md
[Trace 04:14:55.163] Server: connection.languages.diagnostics.on: untitled:Untitled-1
[Debug 04:14:55.293] LinkProvider: compute - file:///home/n30/.dotfiles/wiki-wayland-0.9beta.md
[Trace 04:14:55.293] VsCodeClientWorkspace: TextDocument.onDidChanceContent: file:///home/n30/.dotfiles/wiki-wayland-0.9beta.md
[Trace 04:14:55.293] Server: connection.languages.diagnostics.on: file:///home/n30/.dotfiles/wiki-wayland-0.9beta.md
[Trace 04:14:55.434] VsCodeClientWorkspace: TextDocument.onDidChanceContent: file:///home/n30/.dotfiles/wiki-wayland-0.9beta.md
[Trace 04:14:55.434] Server: connection.languages.diagnostics.on: file:///home/n30/.dotfiles/wiki-wayland-0.9beta.md
[Trace 04:14:55.521] Server: connection.languages.diagnostics.on: untitled:Untitled-1
[Debug 04:14:55.617] MdFoldingProvider: provideFoldingRanges — file:///home/n30/.dotfiles/wiki-wayland-0.9beta.md 113
[Debug 04:14:55.617] TableOfContentsProvider: create - file:///home/n30/.dotfiles/wiki-wayland-0.9beta.md
[Trace 04:14:55.772] DocumentSymbolProvider: provideDocumentSymbols — file:///home/n30/.dotfiles/wiki-wayland-0.9beta.md 113
[Debug 04:14:55.772] LinkProvider: compute - file:///home/n30/.dotfiles/wiki-wayland-0.9beta.md
[Trace 04:14:56.686] VsCodeClientWorkspace: TextDocument.onDidChanceContent: file:///home/n30/.dotfiles/wiki-wayland-0.9beta.md
[Trace 04:14:56.686] Server: connection.languages.diagnostics.on: file:///home/n30/.dotfiles/wiki-wayland-0.9beta.md
[Debug 04:14:56.867] MdFoldingProvider: provideFoldingRanges — file:///home/n30/.dotfiles/wiki-wayland-0.9beta.md 114
[Debug 04:14:56.867] TableOfContentsProvider: create - file:///home/n30/.dotfiles/wiki-wayland-0.9beta.md
[Trace 04:14:56.918] Server: connection.languages.diagnostics.on: untitled:Untitled-1
[Debug 04:14:57.018] LinkProvider: compute - file:///home/n30/.dotfiles/wiki-wayland-0.9beta.md
[Trace 04:14:57.018] DocumentSymbolProvider: provideDocumentSymbols — file:///home/n30/.dotfiles/wiki-wayland-0.9beta.md 114
[Trace 04:14:57.046] VsCodeClientWorkspace: TextDocument.onDidChanceContent: file:///home/n30/.dotfiles/wiki-wayland-0.9beta.md
[Trace 04:14:57.047] Server: connection.languages.diagnostics.on: file:///home/n30/.dotfiles/wiki-wayland-0.9beta.md
[Trace 04:14:57.245] VsCodeClientWorkspace: TextDocument.onDidChanceContent: file:///home/n30/.dotfiles/wiki-wayland-0.9beta.md
[Trace 04:14:57.245] Server: connection.languages.diagnostics.on: file:///home/n30/.dotfiles/wiki-wayland-0.9beta.md
[Trace 04:14:57.249] Server: connection.languages.diagnostics.on: untitled:Untitled-1
[Debug 04:14:57.430] MdFoldingProvider: provideFoldingRanges — file:///home/n30/.dotfiles/wiki-wayland-0.9beta.md 116
[Debug 04:14:57.430] TableOfContentsProvider: create - file:///home/n30/.dotfiles/wiki-wayland-0.9beta.md
[Debug 04:14:57.598] LinkProvider: compute - file:///home/n30/.dotfiles/wiki-wayland-0.9beta.md
[Trace 04:14:57.598] VsCodeClientWorkspace: TextDocument.onDidChanceContent: file:///home/n30/.dotfiles/wiki-wayland-0.9beta.md
[Trace 04:14:57.598] Server: connection.languages.diagnostics.on: file:///home/n30/.dotfiles/wiki-wayland-0.9beta.md
[Debug 04:14:57.719] MdFoldingProvider: provideFoldingRanges — file:///home/n30/.dotfiles/wiki-wayland-0.9beta.md 117
[Debug 04:14:57.719] TableOfContentsProvider: create - file:///home/n30/.dotfiles/wiki-wayland-0.9beta.md
[Debug 04:14:57.879] LinkProvider: compute - file:///home/n30/.dotfiles/wiki-wayland-0.9beta.md
[Trace 04:14:57.879] Server: connection.languages.diagnostics.on: untitled:Untitled-1
[Trace 04:14:57.879] DocumentSymbolProvider: provideDocumentSymbols — file:///home/n30/.dotfiles/wiki-wayland-0.9beta.md 117
[Trace 04:14:58.328] VsCodeClientWorkspace: TextDocument.onDidChanceContent: file:///home/n30/.dotfiles/wiki-wayland-0.9beta.md
[Trace 04:14:58.328] Server: connection.languages.diagnostics.on: file:///home/n30/.dotfiles/wiki-wayland-0.9beta.md
[Debug 04:14:58.512] MdFoldingProvider: provideFoldingRanges — file:///home/n30/.dotfiles/wiki-wayland-0.9beta.md 118
[Debug 04:14:58.512] TableOfContentsProvider: create - file:///home/n30/.dotfiles/wiki-wayland-0.9beta.md
[Trace 04:14:58.564] Server: connection.languages.diagnostics.on: untitled:Untitled-1
[Debug 04:14:58.675] LinkProvider: compute - file:///home/n30/.dotfiles/wiki-wayland-0.9beta.md
[Trace 04:14:58.675] VsCodeClientWorkspace: TextDocument.onDidChanceContent: file:///home/n30/.dotfiles/wiki-wayland-0.9beta.md
[Trace 04:14:58.675] Server: connection.languages.diagnostics.on: file:///home/n30/.dotfiles/wiki-wayland-0.9beta.md
[Trace 04:14:58.839] VsCodeClientWorkspace: TextDocument.onDidChanceContent: file:///home/n30/.dotfiles/wiki-wayland-0.9beta.md
[Trace 04:14:58.839] Server: connection.languages.diagnostics.on: file:///home/n30/.dotfiles/wiki-wayland-0.9beta.md
[Trace 04:14:58.900] Server: connection.languages.diagnostics.on: untitled:Untitled-1
[Trace 04:14:59.009] VsCodeClientWorkspace: TextDocument.onDidChanceContent: file:///home/n30/.dotfiles/wiki-wayland-0.9beta.md
[Trace 04:14:59.009] Server: connection.languages.diagnostics.on: file:///home/n30/.dotfiles/wiki-wayland-0.9beta.md
[Trace 04:14:59.108] VsCodeClientWorkspace: TextDocument.onDidChanceContent: file:///home/n30/.dotfiles/wiki-wayland-0.9beta.md
[Trace 04:14:59.108] Server: connection.languages.diagnostics.on: file:///home/n30/.dotfiles/wiki-wayland-0.9beta.md
[Trace 04:14:59.211] Server: connection.languages.diagnostics.on: untitled:Untitled-1
[Debug 04:14:59.293] MdFoldingProvider: provideFoldingRanges — file:///home/n30/.dotfiles/wiki-wayland-0.9beta.md 122
[Debug 04:14:59.293] TableOfContentsProvider: create - file:///home/n30/.dotfiles/wiki-wayland-0.9beta.md
[Trace 04:14:59.389] VsCodeClientWorkspace: TextDocument.onDidChanceContent: file:///home/n30/.dotfiles/wiki-wayland-0.9beta.md
[Trace 04:14:59.395] Server: connection.languages.diagnostics.on: file:///home/n30/.dotfiles/wiki-wayland-0.9beta.md
[Trace 04:14:59.523] VsCodeClientWorkspace: TextDocument.onDidChanceContent: file:///home/n30/.dotfiles/wiki-wayland-0.9beta.md
[Trace 04:14:59.523] Server: connection.languages.diagnostics.on: file:///home/n30/.dotfiles/wiki-wayland-0.9beta.md
[Trace 04:14:59.596] Server: connection.languages.diagnostics.on: untitled:Untitled-1
[Trace 04:14:59.707] VsCodeClientWorkspace: TextDocument.onDidChanceContent: file:///home/n30/.dotfiles/wiki-wayland-0.9beta.md
[Trace 04:14:59.707] Server: connection.languages.diagnostics.on: file:///home/n30/.dotfiles/wiki-wayland-0.9beta.md
[Debug 04:14:59.893] MdFoldingProvider: provideFoldingRanges — file:///home/n30/.dotfiles/wiki-wayland-0.9beta.md 125
[Debug 04:14:59.893] TableOfContentsProvider: create - file:///home/n30/.dotfiles/wiki-wayland-0.9beta.md
[Trace 04:14:59.944] Server: connection.languages.diagnostics.on: untitled:Untitled-1
[Debug 04:15:00.044] LinkProvider: compute - file:///home/n30/.dotfiles/wiki-wayland-0.9beta.md
[Trace 04:15:00.044] DocumentSymbolProvider: provideDocumentSymbols — file:///home/n30/.dotfiles/wiki-wayland-0.9beta.md 125
[Trace 04:15:00.962] VsCodeClientWorkspace: TextDocument.onDidChanceContent: file:///home/n30/.dotfiles/wiki-wayland-0.9beta.md
[Trace 04:15:00.963] Server: connection.languages.diagnostics.on: file:///home/n30/.dotfiles/wiki-wayland-0.9beta.md
[Debug 04:15:01.145] MdFoldingProvider: provideFoldingRanges — file:///home/n30/.dotfiles/wiki-wayland-0.9beta.md 126
[Debug 04:15:01.145] TableOfContentsProvider: create - file:///home/n30/.dotfiles/wiki-wayland-0.9beta.md
[Trace 04:15:01.195] Server: connection.languages.diagnostics.on: untitled:Untitled-1
[Debug 04:15:01.344] LinkProvider: compute - file:///home/n30/.dotfiles/wiki-wayland-0.9beta.md
[Trace 04:15:01.344] DocumentSymbolProvider: provideDocumentSymbols — file:///home/n30/.dotfiles/wiki-wayland-0.9beta.md 126
[Trace 04:15:01.391] VsCodeClientWorkspace: TextDocument.onDidChanceContent: file:///home/n30/.dotfiles/wiki-wayland-0.9beta.md
[Trace 04:15:01.392] Server: connection.languages.diagnostics.on: file:///home/n30/.dotfiles/wiki-wayland-0.9beta.md
[Debug 04:15:01.578] MdFoldingProvider: provideFoldingRanges — file:///home/n30/.dotfiles/wiki-wayland-0.9beta.md 127
[Debug 04:15:01.578] TableOfContentsProvider: create - file:///home/n30/.dotfiles/wiki-wayland-0.9beta.md
[Trace 04:15:01.668] Server: connection.languages.diagnostics.on: untitled:Untitled-1
[Trace 04:15:01.680] VsCodeClientWorkspace: TextDocument.onDidChanceContent: file:///home/n30/.dotfiles/wiki-wayland-0.9beta.md
[Trace 04:15:01.680] Server: connection.languages.diagnostics.on: file:///home/n30/.dotfiles/wiki-wayland-0.9beta.md
[Trace 04:15:01.814] VsCodeClientWorkspace: TextDocument.onDidChanceContent: file:///home/n30/.dotfiles/wiki-wayland-0.9beta.md
[Trace 04:15:01.814] Server: connection.languages.diagnostics.on: file:///home/n30/.dotfiles/wiki-wayland-0.9beta.md
[Trace 04:15:01.880] Server: connection.languages.diagnostics.on: untitled:Untitled-1
[Debug 04:15:02.000] MdFoldingProvider: provideFoldingRanges — file:///home/n30/.dotfiles/wiki-wayland-0.9beta.md 129
[Debug 04:15:02.000] TableOfContentsProvider: create - file:///home/n30/.dotfiles/wiki-wayland-0.9beta.md
[Debug 04:15:02.183] LinkProvider: compute - file:///home/n30/.dotfiles/wiki-wayland-0.9beta.md
[Trace 04:15:02.183] DocumentSymbolProvider: provideDocumentSymbols — file:///home/n30/.dotfiles/wiki-wayland-0.9beta.md 129
[Trace 04:15:02.217] VsCodeClientWorkspace: TextDocument.onDidChanceContent: file:///home/n30/.dotfiles/wiki-wayland-0.9beta.md
[Trace 04:15:02.217] Server: connection.languages.diagnostics.on: file:///home/n30/.dotfiles/wiki-wayland-0.9beta.md
[Debug 04:15:02.403] MdFoldingProvider: provideFoldingRanges — file:///home/n30/.dotfiles/wiki-wayland-0.9beta.md 130
[Debug 04:15:02.403] TableOfContentsProvider: create - file:///home/n30/.dotfiles/wiki-wayland-0.9beta.md
[Trace 04:15:02.454] Server: connection.languages.diagnostics.on: untitled:Untitled-1
[Debug 04:15:02.552] LinkProvider: compute - file:///home/n30/.dotfiles/wiki-wayland-0.9beta.md
[Trace 04:15:02.575] DocumentSymbolProvider: provideDocumentSymbols — file:///home/n30/.dotfiles/wiki-wayland-0.9beta.md 130
