2023-07-17 03:53:15.600 [info] Validating found git in: git
2023-07-17 03:53:15.600 [info] Using git 2.41.0 from git
2023-07-17 03:53:15.600 [info] > git rev-parse --show-toplevel [4ms]
2023-07-17 03:53:15.600 [info] > git rev-parse --git-dir --git-common-dir [1ms]
2023-07-17 03:53:15.600 [info] Log level: Info
2023-07-17 03:53:15.600 [info] Open repository: /home/n30/.dotfiles
2023-07-17 03:53:15.600 [info] > git remote --verbose [7ms]
2023-07-17 03:53:15.600 [info] > git for-each-ref --sort -committerdate --format %(refname) %(objectname) %(*objectname) [10ms]
2023-07-17 03:53:15.600 [info] > git config --get commit.template [2ms]
2023-07-17 03:53:15.600 [info] > git rev-parse --show-toplevel [4ms]
2023-07-17 03:53:15.600 [info] > git status -z -uall [13ms]
2023-07-17 03:53:15.600 [info] > git rev-parse --show-toplevel [5ms]
2023-07-17 03:53:15.600 [info] > git for-each-ref --format=%(refname)%00%(upstream:short)%00%(objectname)%00%(upstream:track)%00%(upstream:remotename)%00%(upstream:remoteref) refs/heads/master refs/remotes/master [69ms]
2023-07-17 03:53:15.600 [info] > git status -z -uall [34ms]
2023-07-17 03:53:15.600 [info] > git remote --verbose [35ms]
2023-07-17 03:53:15.600 [info] > git for-each-ref --sort -committerdate --format %(refname) %(objectname) %(*objectname) [38ms]
2023-07-17 03:53:15.600 [info] > git rev-parse --show-toplevel [109ms]
2023-07-17 03:53:15.600 [info] > git rev-parse --show-toplevel [5ms]
2023-07-17 03:53:15.600 [info] > git config --get commit.template [40ms]
2023-07-17 03:53:15.600 [info] > git rev-parse --show-toplevel [1ms]
2023-07-17 03:53:15.600 [info] > git for-each-ref --format=%(refname)%00%(upstream:short)%00%(objectname)%00%(upstream:track)%00%(upstream:remotename)%00%(upstream:remoteref) refs/heads/master refs/remotes/master [1ms]
2023-07-17 03:53:15.600 [info] > git rev-parse --show-toplevel [3ms]
2023-07-17 03:53:15.600 [info] > git rev-parse --show-toplevel [1ms]
2023-07-17 03:53:15.600 [info] > git rev-parse --show-toplevel [0ms]
2023-07-17 03:53:15.600 [info] > git rev-parse --show-toplevel [0ms]
2023-07-17 03:53:15.600 [info] > git rev-parse --show-toplevel [0ms]
2023-07-17 03:53:15.600 [info] > git rev-parse --show-toplevel [1ms]
2023-07-17 03:53:15.600 [info] > git rev-parse --show-toplevel [0ms]
2023-07-17 03:53:15.600 [info] > git rev-parse --show-toplevel [1ms]
2023-07-17 03:53:15.600 [info] > git rev-parse --show-toplevel [0ms]
2023-07-17 03:53:15.600 [info] > git rev-parse --show-toplevel [0ms]
2023-07-17 03:53:15.600 [info] > git rev-parse --show-toplevel [0ms]
2023-07-17 03:53:15.607 [info] > git rev-parse --show-toplevel [9ms]
2023-07-17 03:53:15.612 [info] > git rev-parse --show-toplevel [3ms]
2023-07-17 03:53:15.914 [info] > git show --textconv :wiki-wayland-0.9beta.md [2ms]
2023-07-17 03:53:15.915 [info] > git ls-files --stage -- /home/n30/.dotfiles/wiki-wayland-0.9beta.md [1ms]
2023-07-17 03:53:15.917 [info] > git cat-file -s eeeb69545c4ec69a0690e43180cae38780481181 [0ms]
2023-07-17 03:53:16.036 [info] > git check-ignore -v -z --stdin [1ms]
2023-07-17 03:53:20.269 [info] > git status -z -uall [3ms]
2023-07-17 03:53:20.269 [info] > git remote --verbose [5ms]
2023-07-17 03:53:20.269 [info] > git for-each-ref --sort -committerdate --format %(refname) %(objectname) %(*objectname) [8ms]
2023-07-17 03:53:20.269 [info] > git config --get commit.template [1ms]
2023-07-17 03:53:20.272 [info] > git for-each-ref --format=%(refname)%00%(upstream:short)%00%(objectname)%00%(upstream:track)%00%(upstream:remotename)%00%(upstream:remoteref) refs/heads/master refs/remotes/master [1ms]
2023-07-16 21:53:59.882 [info] > git status -z -uall [3ms]
2023-07-16 21:53:59.883 [info] > git remote --verbose [7ms]
2023-07-16 21:53:59.883 [info] > git for-each-ref --sort -committerdate --format %(refname) %(objectname) %(*objectname) [9ms]
2023-07-16 21:53:59.883 [info] > git config --get commit.template [1ms]
2023-07-16 21:53:59.887 [info] > git for-each-ref --format=%(refname)%00%(upstream:short)%00%(objectname)%00%(upstream:track)%00%(upstream:remotename)%00%(upstream:remoteref) refs/heads/master refs/remotes/master [1ms]
2023-07-16 21:57:38.702 [info] > git remote --verbose [5ms]
2023-07-16 21:57:38.703 [info] > git for-each-ref --sort -committerdate --format %(refname) %(objectname) %(*objectname) [8ms]
2023-07-16 21:57:38.703 [info] > git config --get commit.template [1ms]
2023-07-16 21:57:38.706 [info] > git for-each-ref --format=%(refname)%00%(upstream:short)%00%(objectname)%00%(upstream:track)%00%(upstream:remotename)%00%(upstream:remoteref) refs/heads/master refs/remotes/master [0ms]
2023-07-16 21:57:38.713 [info] > git status -z -uall [14ms]
2023-07-16 21:57:47.505 [info] > git status -z -uall [2ms]
2023-07-16 21:57:47.505 [info] > git remote --verbose [6ms]
2023-07-16 21:57:47.505 [info] > git for-each-ref --sort -committerdate --format %(refname) %(objectname) %(*objectname) [8ms]
2023-07-16 21:57:47.505 [info] > git config --get commit.template [1ms]
2023-07-16 21:57:47.508 [info] > git for-each-ref --format=%(refname)%00%(upstream:short)%00%(objectname)%00%(upstream:track)%00%(upstream:remotename)%00%(upstream:remoteref) refs/heads/master refs/remotes/master [1ms]
2023-07-16 22:01:52.481 [info] > git status -z -uall [5ms]
2023-07-16 22:01:52.482 [info] > git remote --verbose [10ms]
2023-07-16 22:01:52.482 [info] > git for-each-ref --sort -committerdate --format %(refname) %(objectname) %(*objectname) [17ms]
2023-07-16 22:01:52.482 [info] > git config --get commit.template [1ms]
2023-07-16 22:01:52.487 [info] > git for-each-ref --format=%(refname)%00%(upstream:short)%00%(objectname)%00%(upstream:track)%00%(upstream:remotename)%00%(upstream:remoteref) refs/heads/master refs/remotes/master [1ms]
2023-07-16 22:02:15.804 [info] > git status -z -uall [3ms]
2023-07-16 22:02:15.804 [info] > git remote --verbose [7ms]
2023-07-16 22:02:15.804 [info] > git for-each-ref --sort -committerdate --format %(refname) %(objectname) %(*objectname) [10ms]
2023-07-16 22:02:15.804 [info] > git config --get commit.template [1ms]
2023-07-16 22:02:15.808 [info] > git for-each-ref --format=%(refname)%00%(upstream:short)%00%(objectname)%00%(upstream:track)%00%(upstream:remotename)%00%(upstream:remoteref) refs/heads/master refs/remotes/master [1ms]
2023-07-16 22:02:20.826 [info] > git status -z -uall [4ms]
2023-07-16 22:02:20.826 [info] > git remote --verbose [8ms]
2023-07-16 22:02:20.826 [info] > git for-each-ref --sort -committerdate --format %(refname) %(objectname) %(*objectname) [11ms]
2023-07-16 22:02:20.826 [info] > git config --get commit.template [1ms]
2023-07-16 22:02:20.831 [info] > git for-each-ref --format=%(refname)%00%(upstream:short)%00%(objectname)%00%(upstream:track)%00%(upstream:remotename)%00%(upstream:remoteref) refs/heads/master refs/remotes/master [1ms]
2023-07-16 22:02:30.024 [info] > git status -z -uall [4ms]
2023-07-16 22:02:30.024 [info] > git remote --verbose [7ms]
2023-07-16 22:02:30.024 [info] > git for-each-ref --sort -committerdate --format %(refname) %(objectname) %(*objectname) [10ms]
2023-07-16 22:02:30.024 [info] > git config --get commit.template [0ms]
2023-07-16 22:02:30.029 [info] > git for-each-ref --format=%(refname)%00%(upstream:short)%00%(objectname)%00%(upstream:track)%00%(upstream:remotename)%00%(upstream:remoteref) refs/heads/master refs/remotes/master [0ms]
2023-07-16 22:02:35.045 [info] > git status -z -uall [3ms]
2023-07-16 22:02:35.045 [info] > git remote --verbose [7ms]
2023-07-16 22:02:35.045 [info] > git for-each-ref --sort -committerdate --format %(refname) %(objectname) %(*objectname) [11ms]
2023-07-16 22:02:35.045 [info] > git config --get commit.template [1ms]
2023-07-16 22:02:35.049 [info] > git for-each-ref --format=%(refname)%00%(upstream:short)%00%(objectname)%00%(upstream:track)%00%(upstream:remotename)%00%(upstream:remoteref) refs/heads/master refs/remotes/master [1ms]
2023-07-16 22:02:40.065 [info] > git status -z -uall [3ms]
2023-07-16 22:02:40.066 [info] > git remote --verbose [7ms]
2023-07-16 22:02:40.066 [info] > git for-each-ref --sort -committerdate --format %(refname) %(objectname) %(*objectname) [11ms]
2023-07-16 22:02:40.066 [info] > git config --get commit.template [1ms]
2023-07-16 22:02:40.070 [info] > git for-each-ref --format=%(refname)%00%(upstream:short)%00%(objectname)%00%(upstream:track)%00%(upstream:remotename)%00%(upstream:remoteref) refs/heads/master refs/remotes/master [1ms]
2023-07-16 22:03:51.751 [info] > git status -z -uall [5ms]
2023-07-16 22:03:51.752 [info] > git remote --verbose [9ms]
2023-07-16 22:03:51.752 [info] > git for-each-ref --sort -committerdate --format %(refname) %(objectname) %(*objectname) [15ms]
2023-07-16 22:03:51.752 [info] > git config --get commit.template [1ms]
2023-07-16 22:03:51.757 [info] > git for-each-ref --format=%(refname)%00%(upstream:short)%00%(objectname)%00%(upstream:track)%00%(upstream:remotename)%00%(upstream:remoteref) refs/heads/master refs/remotes/master [0ms]
2023-07-16 22:03:56.779 [info] > git status -z -uall [6ms]
2023-07-16 22:03:56.779 [info] > git remote --verbose [10ms]
2023-07-16 22:03:56.779 [info] > git for-each-ref --sort -committerdate --format %(refname) %(objectname) %(*objectname) [14ms]
2023-07-16 22:03:56.779 [info] > git config --get commit.template [1ms]
2023-07-16 22:03:56.785 [info] > git for-each-ref --format=%(refname)%00%(upstream:short)%00%(objectname)%00%(upstream:track)%00%(upstream:remotename)%00%(upstream:remoteref) refs/heads/master refs/remotes/master [0ms]
2023-07-16 22:04:01.807 [info] > git status -z -uall [5ms]
2023-07-16 22:04:01.807 [info] > git remote --verbose [10ms]
2023-07-16 22:04:01.808 [info] > git for-each-ref --sort -committerdate --format %(refname) %(objectname) %(*objectname) [16ms]
2023-07-16 22:04:01.808 [info] > git config --get commit.template [1ms]
2023-07-16 22:04:01.840 [info] > git for-each-ref --format=%(refname)%00%(upstream:short)%00%(objectname)%00%(upstream:track)%00%(upstream:remotename)%00%(upstream:remoteref) refs/heads/master refs/remotes/master [17ms]
2023-07-16 22:04:23.674 [info] > git status -z -uall [4ms]
2023-07-16 22:04:23.674 [info] > git remote --verbose [6ms]
2023-07-16 22:04:23.674 [info] > git for-each-ref --sort -committerdate --format %(refname) %(objectname) %(*objectname) [9ms]
2023-07-16 22:04:23.674 [info] > git config --get commit.template [1ms]
2023-07-16 22:04:23.678 [info] > git for-each-ref --format=%(refname)%00%(upstream:short)%00%(objectname)%00%(upstream:track)%00%(upstream:remotename)%00%(upstream:remoteref) refs/heads/master refs/remotes/master [1ms]
2023-07-16 22:04:29.106 [info] > git status -z -uall [5ms]
2023-07-16 22:04:29.106 [info] > git remote --verbose [10ms]
2023-07-16 22:04:29.106 [info] > git for-each-ref --sort -committerdate --format %(refname) %(objectname) %(*objectname) [14ms]
2023-07-16 22:04:29.107 [info] > git config --get commit.template [1ms]
2023-07-16 22:04:29.113 [info] > git for-each-ref --format=%(refname)%00%(upstream:short)%00%(objectname)%00%(upstream:track)%00%(upstream:remotename)%00%(upstream:remoteref) refs/heads/master refs/remotes/master [0ms]
2023-07-16 22:04:34.134 [info] > git status -z -uall [5ms]
2023-07-16 22:04:34.134 [info] > git remote --verbose [10ms]
2023-07-16 22:04:34.134 [info] > git for-each-ref --sort -committerdate --format %(refname) %(objectname) %(*objectname) [14ms]
2023-07-16 22:04:34.134 [info] > git config --get commit.template [0ms]
2023-07-16 22:04:34.140 [info] > git for-each-ref --format=%(refname)%00%(upstream:short)%00%(objectname)%00%(upstream:track)%00%(upstream:remotename)%00%(upstream:remoteref) refs/heads/master refs/remotes/master [1ms]
2023-07-16 22:04:39.156 [info] > git status -z -uall [4ms]
2023-07-16 22:04:39.156 [info] > git remote --verbose [8ms]
2023-07-16 22:04:39.156 [info] > git for-each-ref --sort -committerdate --format %(refname) %(objectname) %(*objectname) [11ms]
2023-07-16 22:04:39.156 [info] > git config --get commit.template [1ms]
2023-07-16 22:04:39.160 [info] > git for-each-ref --format=%(refname)%00%(upstream:short)%00%(objectname)%00%(upstream:track)%00%(upstream:remotename)%00%(upstream:remoteref) refs/heads/master refs/remotes/master [1ms]
2023-07-16 22:04:44.177 [info] > git status -z -uall [4ms]
2023-07-16 22:04:44.177 [info] > git remote --verbose [8ms]
2023-07-16 22:04:44.177 [info] > git for-each-ref --sort -committerdate --format %(refname) %(objectname) %(*objectname) [11ms]
2023-07-16 22:04:44.178 [info] > git config --get commit.template [1ms]
2023-07-16 22:04:44.182 [info] > git for-each-ref --format=%(refname)%00%(upstream:short)%00%(objectname)%00%(upstream:track)%00%(upstream:remotename)%00%(upstream:remoteref) refs/heads/master refs/remotes/master [0ms]
2023-07-16 22:04:49.207 [info] > git status -z -uall [7ms]
2023-07-16 22:04:49.207 [info] > git remote --verbose [12ms]
2023-07-16 22:04:49.207 [info] > git for-each-ref --sort -committerdate --format %(refname) %(objectname) %(*objectname) [17ms]
2023-07-16 22:04:49.207 [info] > git config --get commit.template [1ms]
2023-07-16 22:04:49.213 [info] > git for-each-ref --format=%(refname)%00%(upstream:short)%00%(objectname)%00%(upstream:track)%00%(upstream:remotename)%00%(upstream:remoteref) refs/heads/master refs/remotes/master [1ms]
2023-07-16 22:05:20.638 [info] > git status -z -uall [4ms]
2023-07-16 22:05:20.639 [info] > git remote --verbose [7ms]
2023-07-16 22:05:20.639 [info] > git for-each-ref --sort -committerdate --format %(refname) %(objectname) %(*objectname) [12ms]
2023-07-16 22:05:20.639 [info] > git config --get commit.template [1ms]
2023-07-16 22:05:20.643 [info] > git for-each-ref --format=%(refname)%00%(upstream:short)%00%(objectname)%00%(upstream:track)%00%(upstream:remotename)%00%(upstream:remoteref) refs/heads/master refs/remotes/master [0ms]
2023-07-16 22:05:25.672 [info] > git status -z -uall [7ms]
2023-07-16 22:05:25.672 [info] > git remote --verbose [13ms]
2023-07-16 22:05:25.672 [info] > git for-each-ref --sort -committerdate --format %(refname) %(objectname) %(*objectname) [19ms]
2023-07-16 22:05:25.673 [info] > git config --get commit.template [1ms]
2023-07-16 22:05:25.680 [info] > git for-each-ref --format=%(refname)%00%(upstream:short)%00%(objectname)%00%(upstream:track)%00%(upstream:remotename)%00%(upstream:remoteref) refs/heads/master refs/remotes/master [0ms]
2023-07-16 22:05:30.699 [info] > git status -z -uall [4ms]
2023-07-16 22:05:30.699 [info] > git remote --verbose [8ms]
2023-07-16 22:05:30.699 [info] > git for-each-ref --sort -committerdate --format %(refname) %(objectname) %(*objectname) [12ms]
2023-07-16 22:05:30.699 [info] > git config --get commit.template [0ms]
2023-07-16 22:05:30.704 [info] > git for-each-ref --format=%(refname)%00%(upstream:short)%00%(objectname)%00%(upstream:track)%00%(upstream:remotename)%00%(upstream:remoteref) refs/heads/master refs/remotes/master [1ms]
2023-07-16 22:05:47.653 [info] > git status -z -uall [3ms]
2023-07-16 22:05:47.653 [info] > git remote --verbose [7ms]
2023-07-16 22:05:47.653 [info] > git for-each-ref --sort -committerdate --format %(refname) %(objectname) %(*objectname) [9ms]
2023-07-16 22:05:47.653 [info] > git config --get commit.template [1ms]
2023-07-16 22:05:47.657 [info] > git for-each-ref --format=%(refname)%00%(upstream:short)%00%(objectname)%00%(upstream:track)%00%(upstream:remotename)%00%(upstream:remoteref) refs/heads/master refs/remotes/master [0ms]
2023-07-16 22:06:02.754 [info] > git status -z -uall [4ms]
2023-07-16 22:06:02.754 [info] > git remote --verbose [7ms]
2023-07-16 22:06:02.754 [info] > git for-each-ref --sort -committerdate --format %(refname) %(objectname) %(*objectname) [10ms]
2023-07-16 22:06:02.754 [info] > git config --get commit.template [1ms]
2023-07-16 22:06:02.758 [info] > git for-each-ref --format=%(refname)%00%(upstream:short)%00%(objectname)%00%(upstream:track)%00%(upstream:remotename)%00%(upstream:remoteref) refs/heads/master refs/remotes/master [1ms]
2023-07-16 22:06:16.695 [info] > git status -z -uall [5ms]
2023-07-16 22:06:16.695 [info] > git remote --verbose [9ms]
2023-07-16 22:06:16.695 [info] > git for-each-ref --sort -committerdate --format %(refname) %(objectname) %(*objectname) [12ms]
2023-07-16 22:06:16.696 [info] > git config --get commit.template [2ms]
2023-07-16 22:06:16.701 [info] > git for-each-ref --format=%(refname)%00%(upstream:short)%00%(objectname)%00%(upstream:track)%00%(upstream:remotename)%00%(upstream:remoteref) refs/heads/master refs/remotes/master [0ms]
2023-07-16 22:06:53.907 [info] > git status -z -uall [6ms]
2023-07-16 22:06:53.907 [info] > git remote --verbose [10ms]
2023-07-16 22:06:53.907 [info] > git for-each-ref --sort -committerdate --format %(refname) %(objectname) %(*objectname) [14ms]
2023-07-16 22:06:53.996 [info] > git config --get commit.template [89ms]
2023-07-16 22:06:54.021 [info] > git for-each-ref --format=%(refname)%00%(upstream:short)%00%(objectname)%00%(upstream:track)%00%(upstream:remotename)%00%(upstream:remoteref) refs/heads/master refs/remotes/master [4ms]
2023-07-16 22:06:59.038 [info] > git status -z -uall [3ms]
2023-07-16 22:06:59.039 [info] > git remote --verbose [8ms]
2023-07-16 22:06:59.039 [info] > git for-each-ref --sort -committerdate --format %(refname) %(objectname) %(*objectname) [11ms]
2023-07-16 22:06:59.039 [info] > git config --get commit.template [1ms]
2023-07-16 22:06:59.043 [info] > git for-each-ref --format=%(refname)%00%(upstream:short)%00%(objectname)%00%(upstream:track)%00%(upstream:remotename)%00%(upstream:remoteref) refs/heads/master refs/remotes/master [1ms]
2023-07-16 22:07:40.014 [info] > git status -z -uall [6ms]
2023-07-16 22:07:40.014 [info] > git remote --verbose [12ms]
2023-07-16 22:07:40.014 [info] > git for-each-ref --sort -committerdate --format %(refname) %(objectname) %(*objectname) [18ms]
2023-07-16 22:07:40.014 [info] > git config --get commit.template [1ms]
2023-07-16 22:07:40.021 [info] > git for-each-ref --format=%(refname)%00%(upstream:short)%00%(objectname)%00%(upstream:track)%00%(upstream:remotename)%00%(upstream:remoteref) refs/heads/master refs/remotes/master [0ms]
2023-07-16 22:07:45.040 [info] > git status -z -uall [4ms]
2023-07-16 22:07:45.040 [info] > git remote --verbose [8ms]
2023-07-16 22:07:45.040 [info] > git for-each-ref --sort -committerdate --format %(refname) %(objectname) %(*objectname) [12ms]
2023-07-16 22:07:45.041 [info] > git config --get commit.template [1ms]
2023-07-16 22:07:45.045 [info] > git for-each-ref --format=%(refname)%00%(upstream:short)%00%(objectname)%00%(upstream:track)%00%(upstream:remotename)%00%(upstream:remoteref) refs/heads/master refs/remotes/master [0ms]
2023-07-16 22:07:50.066 [info] > git status -z -uall [5ms]
2023-07-16 22:07:50.066 [info] > git remote --verbose [9ms]
2023-07-16 22:07:50.066 [info] > git for-each-ref --sort -committerdate --format %(refname) %(objectname) %(*objectname) [13ms]
2023-07-16 22:07:50.066 [info] > git config --get commit.template [1ms]
2023-07-16 22:07:50.071 [info] > git for-each-ref --format=%(refname)%00%(upstream:short)%00%(objectname)%00%(upstream:track)%00%(upstream:remotename)%00%(upstream:remoteref) refs/heads/master refs/remotes/master [0ms]
2023-07-16 22:07:55.093 [info] > git status -z -uall [5ms]
2023-07-16 22:07:55.093 [info] > git remote --verbose [9ms]
2023-07-16 22:07:55.093 [info] > git for-each-ref --sort -committerdate --format %(refname) %(objectname) %(*objectname) [14ms]
2023-07-16 22:07:55.093 [info] > git config --get commit.template [0ms]
2023-07-16 22:07:55.099 [info] > git for-each-ref --format=%(refname)%00%(upstream:short)%00%(objectname)%00%(upstream:track)%00%(upstream:remotename)%00%(upstream:remoteref) refs/heads/master refs/remotes/master [1ms]
2023-07-16 22:07:59.536 [info] > git show --textconv :bin/test/iommu-groups.sh [4ms]
2023-07-16 22:07:59.536 [info] > git ls-files --stage -- /home/n30/.dotfiles/bin/test/iommu-groups.sh [1ms]
2023-07-16 22:07:59.845 [info] > git check-ignore -v -z --stdin [0ms]
2023-07-16 22:08:25.127 [info] > git status -z -uall [4ms]
2023-07-16 22:08:25.127 [info] > git remote --verbose [7ms]
2023-07-16 22:08:25.127 [info] > git for-each-ref --sort -committerdate --format %(refname) %(objectname) %(*objectname) [9ms]
2023-07-16 22:08:25.127 [info] > git config --get commit.template [1ms]
2023-07-16 22:08:25.131 [info] > git for-each-ref --format=%(refname)%00%(upstream:short)%00%(objectname)%00%(upstream:track)%00%(upstream:remotename)%00%(upstream:remoteref) refs/heads/master refs/remotes/master [0ms]
2023-07-16 22:08:27.469 [info] > git rev-parse --show-toplevel [4ms]
2023-07-16 22:08:30.116 [info] > git show --textconv :wiki-wayland-0.9beta.md [6ms]
2023-07-16 22:08:30.116 [info] > git ls-files --stage -- /home/n30/.dotfiles/wiki-wayland-0.9beta.md [1ms]
2023-07-16 22:08:30.121 [info] > git cat-file -s eeeb69545c4ec69a0690e43180cae38780481181 [1ms]
2023-07-16 22:08:36.820 [info] > git status -z -uall [6ms]
2023-07-16 22:08:36.820 [info] > git remote --verbose [9ms]
2023-07-16 22:08:36.820 [info] > git for-each-ref --sort -committerdate --format %(refname) %(objectname) %(*objectname) [12ms]
2023-07-16 22:08:36.821 [info] > git config --get commit.template [3ms]
2023-07-16 22:08:36.826 [info] > git for-each-ref --format=%(refname)%00%(upstream:short)%00%(objectname)%00%(upstream:track)%00%(upstream:remotename)%00%(upstream:remoteref) refs/heads/master refs/remotes/master [0ms]
2023-07-16 22:08:41.841 [info] > git status -z -uall [4ms]
2023-07-16 22:08:41.841 [info] > git remote --verbose [7ms]
2023-07-16 22:08:41.841 [info] > git for-each-ref --sort -committerdate --format %(refname) %(objectname) %(*objectname) [10ms]
2023-07-16 22:08:41.842 [info] > git config --get commit.template [1ms]
2023-07-16 22:08:41.846 [info] > git for-each-ref --format=%(refname)%00%(upstream:short)%00%(objectname)%00%(upstream:track)%00%(upstream:remotename)%00%(upstream:remoteref) refs/heads/master refs/remotes/master [1ms]
2023-07-16 22:08:51.318 [info] > git remote --verbose [6ms]
2023-07-16 22:08:51.318 [info] > git for-each-ref --sort -committerdate --format %(refname) %(objectname) %(*objectname) [9ms]
2023-07-16 22:08:51.318 [info] > git status -z -uall [3ms]
2023-07-16 22:08:51.318 [info] > git config --get commit.template [0ms]
2023-07-16 22:08:51.322 [info] > git for-each-ref --format=%(refname)%00%(upstream:short)%00%(objectname)%00%(upstream:track)%00%(upstream:remotename)%00%(upstream:remoteref) refs/heads/master refs/remotes/master [1ms]
2023-07-16 22:08:57.756 [info] > git status -z -uall [4ms]
2023-07-16 22:08:57.757 [info] > git remote --verbose [9ms]
2023-07-16 22:08:57.757 [info] > git for-each-ref --sort -committerdate --format %(refname) %(objectname) %(*objectname) [13ms]
2023-07-16 22:08:57.757 [info] > git config --get commit.template [1ms]
2023-07-16 22:08:57.762 [info] > git for-each-ref --format=%(refname)%00%(upstream:short)%00%(objectname)%00%(upstream:track)%00%(upstream:remotename)%00%(upstream:remoteref) refs/heads/master refs/remotes/master [0ms]
2023-07-16 22:09:02.778 [info] > git status -z -uall [3ms]
2023-07-16 22:09:02.778 [info] > git remote --verbose [6ms]
2023-07-16 22:09:02.779 [info] > git for-each-ref --sort -committerdate --format %(refname) %(objectname) %(*objectname) [11ms]
2023-07-16 22:09:02.779 [info] > git config --get commit.template [1ms]
2023-07-16 22:09:02.783 [info] > git for-each-ref --format=%(refname)%00%(upstream:short)%00%(objectname)%00%(upstream:track)%00%(upstream:remotename)%00%(upstream:remoteref) refs/heads/master refs/remotes/master [1ms]
2023-07-16 22:09:07.800 [info] > git status -z -uall [3ms]
2023-07-16 22:09:07.800 [info] > git remote --verbose [8ms]
2023-07-16 22:09:07.800 [info] > git for-each-ref --sort -committerdate --format %(refname) %(objectname) %(*objectname) [11ms]
2023-07-16 22:09:07.800 [info] > git config --get commit.template [1ms]
2023-07-16 22:09:07.805 [info] > git for-each-ref --format=%(refname)%00%(upstream:short)%00%(objectname)%00%(upstream:track)%00%(upstream:remotename)%00%(upstream:remoteref) refs/heads/master refs/remotes/master [1ms]
2023-07-16 22:11:49.753 [info] > git status -z -uall [4ms]
2023-07-16 22:11:49.753 [info] > git remote --verbose [7ms]
2023-07-16 22:11:49.753 [info] > git for-each-ref --sort -committerdate --format %(refname) %(objectname) %(*objectname) [10ms]
2023-07-16 22:11:49.754 [info] > git config --get commit.template [1ms]
2023-07-16 22:11:49.758 [info] > git for-each-ref --format=%(refname)%00%(upstream:short)%00%(objectname)%00%(upstream:track)%00%(upstream:remotename)%00%(upstream:remoteref) refs/heads/master refs/remotes/master [1ms]
2023-07-16 22:14:02.017 [info] > git show --textconv :bin/test/iommu-groups.sh [3ms]
2023-07-16 22:14:02.018 [info] > git ls-files --stage -- /home/n30/.dotfiles/bin/test/iommu-groups.sh [1ms]
2023-07-16 22:14:25.583 [info] > git show --textconv :wiki-wayland-0.9beta.md [5ms]
2023-07-16 22:14:25.583 [info] > git ls-files --stage -- /home/n30/.dotfiles/wiki-wayland-0.9beta.md [1ms]
2023-07-16 22:14:25.588 [info] > git cat-file -s eeeb69545c4ec69a0690e43180cae38780481181 [1ms]
2023-07-16 22:14:53.151 [info] > git status -z -uall [5ms]
2023-07-16 22:14:53.151 [info] > git remote --verbose [9ms]
2023-07-16 22:14:53.151 [info] > git for-each-ref --sort -committerdate --format %(refname) %(objectname) %(*objectname) [12ms]
2023-07-16 22:14:53.152 [info] > git config --get commit.template [1ms]
2023-07-16 22:14:53.156 [info] > git for-each-ref --format=%(refname)%00%(upstream:short)%00%(objectname)%00%(upstream:track)%00%(upstream:remotename)%00%(upstream:remoteref) refs/heads/master refs/remotes/master [1ms]
2023-07-16 22:14:58.173 [info] > git status -z -uall [4ms]
2023-07-16 22:14:58.173 [info] > git remote --verbose [7ms]
2023-07-16 22:14:58.173 [info] > git for-each-ref --sort -committerdate --format %(refname) %(objectname) %(*objectname) [11ms]
2023-07-16 22:14:58.174 [info] > git config --get commit.template [1ms]
2023-07-16 22:14:58.178 [info] > git for-each-ref --format=%(refname)%00%(upstream:short)%00%(objectname)%00%(upstream:track)%00%(upstream:remotename)%00%(upstream:remoteref) refs/heads/master refs/remotes/master [1ms]
2023-07-16 22:15:03.196 [info] > git status -z -uall [5ms]
2023-07-16 22:15:03.196 [info] > git remote --verbose [8ms]
2023-07-16 22:15:03.196 [info] > git for-each-ref --sort -committerdate --format %(refname) %(objectname) %(*objectname) [12ms]
2023-07-16 22:15:03.196 [info] > git config --get commit.template [1ms]
2023-07-16 22:15:03.200 [info] > git for-each-ref --format=%(refname)%00%(upstream:short)%00%(objectname)%00%(upstream:track)%00%(upstream:remotename)%00%(upstream:remoteref) refs/heads/master refs/remotes/master [0ms]
2023-07-16 22:15:08.221 [info] > git status -z -uall [5ms]
2023-07-16 22:15:08.221 [info] > git remote --verbose [10ms]
2023-07-16 22:15:08.221 [info] > git for-each-ref --sort -committerdate --format %(refname) %(objectname) %(*objectname) [14ms]
2023-07-16 22:15:08.221 [info] > git config --get commit.template [0ms]
2023-07-16 22:15:08.227 [info] > git for-each-ref --format=%(refname)%00%(upstream:short)%00%(objectname)%00%(upstream:track)%00%(upstream:remotename)%00%(upstream:remoteref) refs/heads/master refs/remotes/master [1ms]
