2023-07-16 21:46:42.867 [info] Validating found git in: git
2023-07-16 21:46:42.867 [info] Using git 2.41.0 from git
2023-07-16 21:46:42.867 [info] > git rev-parse --show-toplevel [79ms]
2023-07-16 21:46:42.867 [info] > git rev-parse --git-dir --git-common-dir [10ms]
2023-07-16 21:46:42.867 [info] Log level: Info
2023-07-16 21:46:42.867 [info] Open repository: /home/n30/.dotfiles
2023-07-16 21:46:42.867 [info] > git remote --verbose [10ms]
2023-07-16 21:46:42.867 [info] > git for-each-ref --sort -committerdate --format %(refname) %(objectname) %(*objectname) [13ms]
2023-07-16 21:46:42.867 [info] > git config --get commit.template [2ms]
2023-07-16 21:46:42.867 [info] > git rev-parse --show-toplevel [6ms]
2023-07-16 21:46:42.867 [info] > git status -z -uall [18ms]
2023-07-16 21:46:42.867 [info] > git rev-parse --show-toplevel [6ms]
2023-07-16 21:46:42.867 [info] > git for-each-ref --format=%(refname)%00%(upstream:short)%00%(objectname)%00%(upstream:track)%00%(upstream:remotename)%00%(upstream:remoteref) refs/heads/master refs/remotes/master [4ms]
2023-07-16 21:46:42.867 [info] > git status -z -uall [3ms]
2023-07-16 21:46:42.867 [info] > git remote --verbose [6ms]
2023-07-16 21:46:42.867 [info] > git for-each-ref --sort -committerdate --format %(refname) %(objectname) %(*objectname) [8ms]
2023-07-16 21:46:42.867 [info] > git rev-parse --show-toplevel [15ms]
2023-07-16 21:46:42.867 [info] > git config --get commit.template [4ms]
2023-07-16 21:46:42.880 [info] > git rev-parse --show-toplevel [14ms]
2023-07-16 21:46:42.890 [info] > git rev-parse --show-toplevel [7ms]
2023-07-16 21:46:42.903 [info] > git rev-parse --show-toplevel [10ms]
2023-07-16 21:46:42.906 [info] > git for-each-ref --format=%(refname)%00%(upstream:short)%00%(objectname)%00%(upstream:track)%00%(upstream:remotename)%00%(upstream:remoteref) refs/heads/master refs/remotes/master [20ms]
2023-07-16 21:46:42.911 [info] > git rev-parse --show-toplevel [5ms]
2023-07-16 21:46:42.939 [info] > git rev-parse --show-toplevel [25ms]
2023-07-16 21:46:42.947 [info] > git rev-parse --show-toplevel [5ms]
2023-07-16 21:46:42.950 [info] > git rev-parse --show-toplevel [0ms]
2023-07-16 21:46:42.953 [info] > git rev-parse --show-toplevel [1ms]
2023-07-16 21:46:42.956 [info] > git rev-parse --show-toplevel [1ms]
2023-07-16 21:46:42.959 [info] > git rev-parse --show-toplevel [1ms]
2023-07-16 21:46:43.000 [info] > git rev-parse --show-toplevel [39ms]
2023-07-16 21:46:43.003 [info] > git rev-parse --show-toplevel [0ms]
2023-07-16 21:46:43.031 [info] > git rev-parse --show-toplevel [25ms]
2023-07-16 21:46:43.034 [info] > git rev-parse --show-toplevel [0ms]
2023-07-16 21:46:43.041 [info] > git rev-parse --show-toplevel [5ms]
2023-07-16 21:46:43.044 [info] > git rev-parse --show-toplevel [1ms]
2023-07-16 21:46:43.049 [info] > git rev-parse --show-toplevel [3ms]
2023-07-16 21:46:43.159 [info] > git show --textconv :wiki-wayland-0.9beta.md [3ms]
2023-07-16 21:46:43.159 [info] > git ls-files --stage -- /home/n30/.dotfiles/wiki-wayland-0.9beta.md [1ms]
2023-07-16 21:46:43.162 [info] > git cat-file -s fb22febe0606b38b3d16e077835f2a77ecb61da0 [1ms]
2023-07-16 21:46:43.373 [info] > git check-ignore -v -z --stdin [1ms]
2023-07-16 21:46:49.155 [info] > git status -z -uall [3ms]
2023-07-16 21:46:49.155 [info] > git remote --verbose [5ms]
2023-07-16 21:46:49.155 [info] > git for-each-ref --sort -committerdate --format %(refname) %(objectname) %(*objectname) [7ms]
2023-07-16 21:46:49.156 [info] > git config --get commit.template [1ms]
2023-07-16 21:46:49.159 [info] > git for-each-ref --format=%(refname)%00%(upstream:short)%00%(objectname)%00%(upstream:track)%00%(upstream:remotename)%00%(upstream:remoteref) refs/heads/master refs/remotes/master [1ms]
2023-07-16 16:01:37.142 [info] > git status -z -uall [3ms]
2023-07-16 16:01:37.142 [info] > git remote --verbose [5ms]
2023-07-16 16:01:37.142 [info] > git for-each-ref --sort -committerdate --format %(refname) %(objectname) %(*objectname) [8ms]
2023-07-16 16:01:37.143 [info] > git config --get commit.template [1ms]
2023-07-16 16:01:37.146 [info] > git for-each-ref --format=%(refname)%00%(upstream:short)%00%(objectname)%00%(upstream:track)%00%(upstream:remotename)%00%(upstream:remoteref) refs/heads/master refs/remotes/master [0ms]
2023-07-16 16:04:20.554 [info] > git status -z -uall [3ms]
2023-07-16 16:04:20.554 [info] > git remote --verbose [6ms]
2023-07-16 16:04:20.554 [info] > git for-each-ref --sort -committerdate --format %(refname) %(objectname) %(*objectname) [9ms]
2023-07-16 16:04:20.555 [info] > git config --get commit.template [1ms]
2023-07-16 16:04:20.558 [info] > git for-each-ref --format=%(refname)%00%(upstream:short)%00%(objectname)%00%(upstream:track)%00%(upstream:remotename)%00%(upstream:remoteref) refs/heads/master refs/remotes/master [0ms]
2023-07-16 17:02:05.924 [info] > git status -z -uall [3ms]
2023-07-16 17:02:05.925 [info] > git remote --verbose [5ms]
2023-07-16 17:02:05.925 [info] > git for-each-ref --sort -committerdate --format %(refname) %(objectname) %(*objectname) [9ms]
2023-07-16 17:02:05.925 [info] > git config --get commit.template [1ms]
2023-07-16 17:02:05.929 [info] > git for-each-ref --format=%(refname)%00%(upstream:short)%00%(objectname)%00%(upstream:track)%00%(upstream:remotename)%00%(upstream:remoteref) refs/heads/master refs/remotes/master [0ms]
2023-07-16 17:16:23.782 [info] > git remote --verbose [3ms]
2023-07-16 17:16:23.782 [info] > git for-each-ref --sort -committerdate --format %(refname) %(objectname) %(*objectname) [5ms]
2023-07-16 17:16:23.788 [info] > git config --get commit.template [3ms]
2023-07-16 17:16:23.788 [info] > git for-each-ref --format=%(refname)%00%(upstream:short)%00%(objectname)%00%(upstream:track)%00%(upstream:remotename)%00%(upstream:remoteref) refs/heads/master refs/remotes/master [0ms]
2023-07-16 17:16:23.797 [info] > git status -z -uall [15ms]
