2023-07-17 05:36:51.613 [info] Validating found git in: git
2023-07-17 05:36:51.613 [info] Using git 2.41.0 from git
2023-07-17 05:36:51.613 [info] > git rev-parse --show-toplevel [3ms]
2023-07-17 05:36:51.613 [info] > git rev-parse --git-dir --git-common-dir [92ms]
2023-07-17 05:36:51.613 [info] Log level: Info
2023-07-17 05:36:51.613 [info] Open repository: /home/n30/.dotfiles
2023-07-17 05:36:51.613 [info] > git status -z -uall [7ms]
2023-07-17 05:36:51.613 [info] > git rev-parse --show-toplevel [4ms]
2023-07-17 05:36:51.613 [info] > git remote --verbose [13ms]
2023-07-17 05:36:51.613 [info] > git for-each-ref --sort -committerdate --format %(refname) %(objectname) %(*objectname) [16ms]
2023-07-17 05:36:51.613 [info] > git rev-parse --show-toplevel [1ms]
2023-07-17 05:36:51.613 [info] > git config --get commit.template [6ms]
2023-07-17 05:36:51.613 [info] > git rev-parse --show-toplevel [1ms]
2023-07-17 05:36:51.619 [info] > git rev-parse --show-toplevel [9ms]
2023-07-17 05:36:51.622 [info] > git for-each-ref --format=%(refname)%00%(upstream:short)%00%(objectname)%00%(upstream:track)%00%(upstream:remotename)%00%(upstream:remoteref) refs/heads/master refs/remotes/master [10ms]
2023-07-17 05:36:51.640 [info] > git status -z -uall [10ms]
2023-07-17 05:36:51.650 [info] > git remote --verbose [22ms]
2023-07-17 05:36:51.650 [info] > git for-each-ref --sort -committerdate --format %(refname) %(objectname) %(*objectname) [24ms]
2023-07-17 05:36:51.650 [info] > git rev-parse --show-toplevel [29ms]
2023-07-17 05:36:51.664 [info] > git config --get commit.template [26ms]
2023-07-17 05:36:51.700 [info] > git rev-parse --show-toplevel [47ms]
2023-07-17 05:36:51.708 [info] > git rev-parse --show-toplevel [5ms]
2023-07-17 05:36:51.740 [info] > git for-each-ref --format=%(refname)%00%(upstream:short)%00%(objectname)%00%(upstream:track)%00%(upstream:remotename)%00%(upstream:remoteref) refs/heads/master refs/remotes/master [32ms]
2023-07-17 05:36:51.745 [info] > git rev-parse --show-toplevel [34ms]
2023-07-17 05:36:51.754 [info] > git rev-parse --show-toplevel [6ms]
2023-07-17 05:36:51.758 [info] > git rev-parse --show-toplevel [1ms]
2023-07-17 05:36:51.764 [info] > git rev-parse --show-toplevel [4ms]
2023-07-17 05:36:51.767 [info] > git rev-parse --show-toplevel [0ms]
2023-07-17 05:36:51.777 [info] > git rev-parse --show-toplevel [7ms]
2023-07-17 05:36:51.780 [info] > git rev-parse --show-toplevel [1ms]
2023-07-17 05:36:51.783 [info] > git rev-parse --show-toplevel [0ms]
2023-07-17 05:36:51.786 [info] > git rev-parse --show-toplevel [1ms]
2023-07-17 05:36:52.051 [info] > git show --textconv :wiki-wayland-0.9beta.md [2ms]
2023-07-17 05:36:52.052 [info] > git ls-files --stage -- /home/n30/.dotfiles/wiki-wayland-0.9beta.md [1ms]
2023-07-17 05:36:52.055 [info] > git cat-file -s eeeb69545c4ec69a0690e43180cae38780481181 [1ms]
2023-07-17 05:36:52.134 [info] > git check-ignore -v -z --stdin [1ms]
2023-07-17 05:36:56.198 [info] > git status -z -uall [3ms]
2023-07-17 05:36:56.198 [info] > git remote --verbose [5ms]
2023-07-17 05:36:56.198 [info] > git for-each-ref --sort -committerdate --format %(refname) %(objectname) %(*objectname) [8ms]
2023-07-17 05:36:56.198 [info] > git config --get commit.template [1ms]
2023-07-17 05:36:56.201 [info] > git for-each-ref --format=%(refname)%00%(upstream:short)%00%(objectname)%00%(upstream:track)%00%(upstream:remotename)%00%(upstream:remoteref) refs/heads/master refs/remotes/master [1ms]
2023-07-16 23:39:47.685 [info] > git status -z -uall [3ms]
2023-07-16 23:39:47.685 [info] > git remote --verbose [6ms]
2023-07-16 23:39:47.686 [info] > git for-each-ref --sort -committerdate --format %(refname) %(objectname) %(*objectname) [9ms]
2023-07-16 23:39:47.686 [info] > git config --get commit.template [2ms]
2023-07-16 23:39:47.689 [info] > git for-each-ref --format=%(refname)%00%(upstream:short)%00%(objectname)%00%(upstream:track)%00%(upstream:remotename)%00%(upstream:remoteref) refs/heads/master refs/remotes/master [0ms]
2023-07-16 23:41:39.259 [info] > git status -z -uall [3ms]
2023-07-16 23:41:39.260 [info] > git remote --verbose [5ms]
2023-07-16 23:41:39.260 [info] > git for-each-ref --sort -committerdate --format %(refname) %(objectname) %(*objectname) [9ms]
2023-07-16 23:41:39.260 [info] > git config --get commit.template [1ms]
2023-07-16 23:41:39.264 [info] > git for-each-ref --format=%(refname)%00%(upstream:short)%00%(objectname)%00%(upstream:track)%00%(upstream:remotename)%00%(upstream:remoteref) refs/heads/master refs/remotes/master [1ms]
2023-07-16 23:44:43.371 [info] > git remote --verbose [4ms]
2023-07-16 23:44:43.372 [info] > git for-each-ref --sort -committerdate --format %(refname) %(objectname) %(*objectname) [7ms]
2023-07-16 23:44:43.372 [info] > git status -z -uall [3ms]
2023-07-16 23:44:43.372 [info] > git config --get commit.template [1ms]
2023-07-16 23:44:43.375 [info] > git for-each-ref --format=%(refname)%00%(upstream:short)%00%(objectname)%00%(upstream:track)%00%(upstream:remotename)%00%(upstream:remoteref) refs/heads/master refs/remotes/master [0ms]
2023-07-16 23:45:18.434 [info] > git remote --verbose [4ms]
2023-07-16 23:45:18.434 [info] > git for-each-ref --sort -committerdate --format %(refname) %(objectname) %(*objectname) [7ms]
2023-07-16 23:45:18.434 [info] > git status -z -uall [3ms]
2023-07-16 23:45:18.434 [info] > git config --get commit.template [1ms]
2023-07-16 23:45:18.437 [info] > git for-each-ref --format=%(refname)%00%(upstream:short)%00%(objectname)%00%(upstream:track)%00%(upstream:remotename)%00%(upstream:remoteref) refs/heads/master refs/remotes/master [1ms]
2023-07-16 23:50:03.974 [info] > git status -z -uall [3ms]
2023-07-16 23:50:03.974 [info] > git remote --verbose [5ms]
2023-07-16 23:50:03.974 [info] > git for-each-ref --sort -committerdate --format %(refname) %(objectname) %(*objectname) [8ms]
2023-07-16 23:50:03.975 [info] > git config --get commit.template [0ms]
2023-07-16 23:50:03.978 [info] > git for-each-ref --format=%(refname)%00%(upstream:short)%00%(objectname)%00%(upstream:track)%00%(upstream:remotename)%00%(upstream:remoteref) refs/heads/master refs/remotes/master [1ms]
2023-07-16 23:51:14.851 [info] > git check-ignore -v -z --stdin [1ms]
2023-07-16 23:51:17.359 [info] > git show --textconv :bin/videowallpaper-change [3ms]
2023-07-16 23:51:17.359 [info] > git ls-files --stage -- /home/n30/.dotfiles/bin/videowallpaper-change [1ms]
2023-07-16 23:51:17.362 [info] > git cat-file -s 4a72ba25014b1095d39945b7fbe08ef04a3e7415 [1ms]
2023-07-16 23:51:39.251 [info] > git status -z -uall [4ms]
2023-07-16 23:51:39.251 [info] > git remote --verbose [6ms]
2023-07-16 23:51:39.251 [info] > git for-each-ref --sort -committerdate --format %(refname) %(objectname) %(*objectname) [8ms]
2023-07-16 23:51:39.251 [info] > git config --get commit.template [1ms]
2023-07-16 23:51:39.254 [info] > git for-each-ref --format=%(refname)%00%(upstream:short)%00%(objectname)%00%(upstream:track)%00%(upstream:remotename)%00%(upstream:remoteref) refs/heads/master refs/remotes/master [0ms]
2023-07-16 23:53:29.909 [info] > git status -z -uall [2ms]
2023-07-16 23:53:29.909 [info] > git remote --verbose [5ms]
2023-07-16 23:53:29.909 [info] > git for-each-ref --sort -committerdate --format %(refname) %(objectname) %(*objectname) [8ms]
2023-07-16 23:53:29.910 [info] > git config --get commit.template [1ms]
2023-07-16 23:53:29.913 [info] > git for-each-ref --format=%(refname)%00%(upstream:short)%00%(objectname)%00%(upstream:track)%00%(upstream:remotename)%00%(upstream:remoteref) refs/heads/master refs/remotes/master [0ms]
2023-07-16 23:53:34.924 [info] > git remote --verbose [4ms]
2023-07-16 23:53:34.924 [info] > git for-each-ref --sort -committerdate --format %(refname) %(objectname) %(*objectname) [7ms]
2023-07-16 23:53:34.924 [info] > git status -z -uall [2ms]
2023-07-16 23:53:34.924 [info] > git config --get commit.template [0ms]
2023-07-16 23:53:34.927 [info] > git for-each-ref --format=%(refname)%00%(upstream:short)%00%(objectname)%00%(upstream:track)%00%(upstream:remotename)%00%(upstream:remoteref) refs/heads/master refs/remotes/master [0ms]
2023-07-16 23:53:43.126 [info] > git remote --verbose [5ms]
2023-07-16 23:53:43.126 [info] > git for-each-ref --sort -committerdate --format %(refname) %(objectname) %(*objectname) [7ms]
2023-07-16 23:53:43.126 [info] > git status -z -uall [3ms]
2023-07-16 23:53:43.126 [info] > git config --get commit.template [1ms]
2023-07-16 23:53:43.129 [info] > git for-each-ref --format=%(refname)%00%(upstream:short)%00%(objectname)%00%(upstream:track)%00%(upstream:remotename)%00%(upstream:remoteref) refs/heads/master refs/remotes/master [0ms]
2023-07-16 23:53:48.140 [info] > git status -z -uall [3ms]
2023-07-16 23:53:48.140 [info] > git remote --verbose [5ms]
2023-07-16 23:53:48.140 [info] > git for-each-ref --sort -committerdate --format %(refname) %(objectname) %(*objectname) [7ms]
2023-07-16 23:53:48.140 [info] > git config --get commit.template [1ms]
2023-07-16 23:53:48.143 [info] > git for-each-ref --format=%(refname)%00%(upstream:short)%00%(objectname)%00%(upstream:track)%00%(upstream:remotename)%00%(upstream:remoteref) refs/heads/master refs/remotes/master [1ms]
2023-07-16 23:53:55.556 [info] > git status -z -uall [3ms]
2023-07-16 23:53:55.556 [info] > git remote --verbose [5ms]
2023-07-16 23:53:55.556 [info] > git for-each-ref --sort -committerdate --format %(refname) %(objectname) %(*objectname) [7ms]
2023-07-16 23:53:55.557 [info] > git config --get commit.template [0ms]
2023-07-16 23:53:55.559 [info] > git for-each-ref --format=%(refname)%00%(upstream:short)%00%(objectname)%00%(upstream:track)%00%(upstream:remotename)%00%(upstream:remoteref) refs/heads/master refs/remotes/master [0ms]
2023-07-16 23:54:00.570 [info] > git remote --verbose [4ms]
2023-07-16 23:54:00.570 [info] > git for-each-ref --sort -committerdate --format %(refname) %(objectname) %(*objectname) [7ms]
2023-07-16 23:54:00.570 [info] > git status -z -uall [2ms]
2023-07-16 23:54:00.570 [info] > git config --get commit.template [0ms]
2023-07-16 23:54:00.573 [info] > git for-each-ref --format=%(refname)%00%(upstream:short)%00%(objectname)%00%(upstream:track)%00%(upstream:remotename)%00%(upstream:remoteref) refs/heads/master refs/remotes/master [0ms]
2023-07-16 23:54:05.583 [info] > git remote --verbose [4ms]
2023-07-16 23:54:05.583 [info] > git for-each-ref --sort -committerdate --format %(refname) %(objectname) %(*objectname) [6ms]
2023-07-16 23:54:05.583 [info] > git status -z -uall [2ms]
2023-07-16 23:54:05.583 [info] > git config --get commit.template [0ms]
2023-07-16 23:54:05.586 [info] > git for-each-ref --format=%(refname)%00%(upstream:short)%00%(objectname)%00%(upstream:track)%00%(upstream:remotename)%00%(upstream:remoteref) refs/heads/master refs/remotes/master [0ms]
2023-07-16 23:54:11.381 [info] > git status -z -uall [3ms]
2023-07-16 23:54:11.381 [info] > git remote --verbose [6ms]
2023-07-16 23:54:11.381 [info] > git for-each-ref --sort -committerdate --format %(refname) %(objectname) %(*objectname) [8ms]
2023-07-16 23:54:11.382 [info] > git config --get commit.template [1ms]
2023-07-16 23:54:11.384 [info] > git for-each-ref --format=%(refname)%00%(upstream:short)%00%(objectname)%00%(upstream:track)%00%(upstream:remotename)%00%(upstream:remoteref) refs/heads/master refs/remotes/master [0ms]
2023-07-16 23:54:22.826 [info] > git status -z -uall [2ms]
2023-07-16 23:54:22.826 [info] > git remote --verbose [4ms]
2023-07-16 23:54:22.826 [info] > git for-each-ref --sort -committerdate --format %(refname) %(objectname) %(*objectname) [7ms]
2023-07-16 23:54:22.826 [info] > git config --get commit.template [0ms]
2023-07-16 23:54:22.829 [info] > git for-each-ref --format=%(refname)%00%(upstream:short)%00%(objectname)%00%(upstream:track)%00%(upstream:remotename)%00%(upstream:remoteref) refs/heads/master refs/remotes/master [1ms]
2023-07-16 23:54:27.840 [info] > git status -z -uall [3ms]
2023-07-16 23:54:27.840 [info] > git remote --verbose [5ms]
2023-07-16 23:54:27.840 [info] > git for-each-ref --sort -committerdate --format %(refname) %(objectname) %(*objectname) [7ms]
2023-07-16 23:54:27.840 [info] > git config --get commit.template [0ms]
2023-07-16 23:54:27.843 [info] > git for-each-ref --format=%(refname)%00%(upstream:short)%00%(objectname)%00%(upstream:track)%00%(upstream:remotename)%00%(upstream:remoteref) refs/heads/master refs/remotes/master [0ms]
2023-07-16 23:54:34.312 [info] > git status -z -uall [2ms]
2023-07-16 23:54:34.313 [info] > git remote --verbose [5ms]
2023-07-16 23:54:34.313 [info] > git for-each-ref --sort -committerdate --format %(refname) %(objectname) %(*objectname) [7ms]
2023-07-16 23:54:34.313 [info] > git config --get commit.template [1ms]
2023-07-16 23:54:34.316 [info] > git for-each-ref --format=%(refname)%00%(upstream:short)%00%(objectname)%00%(upstream:track)%00%(upstream:remotename)%00%(upstream:remoteref) refs/heads/master refs/remotes/master [1ms]
2023-07-16 23:54:59.998 [info] > git remote --verbose [5ms]
2023-07-16 23:54:59.998 [info] > git for-each-ref --sort -committerdate --format %(refname) %(objectname) %(*objectname) [7ms]
2023-07-16 23:54:59.998 [info] > git status -z -uall [3ms]
2023-07-16 23:54:59.998 [info] > git config --get commit.template [1ms]
2023-07-16 23:55:00.001 [info] > git for-each-ref --format=%(refname)%00%(upstream:short)%00%(objectname)%00%(upstream:track)%00%(upstream:remotename)%00%(upstream:remoteref) refs/heads/master refs/remotes/master [1ms]
2023-07-16 23:55:05.012 [info] > git remote --verbose [5ms]
2023-07-16 23:55:05.012 [info] > git for-each-ref --sort -committerdate --format %(refname) %(objectname) %(*objectname) [7ms]
2023-07-16 23:55:05.012 [info] > git status -z -uall [3ms]
2023-07-16 23:55:05.012 [info] > git config --get commit.template [0ms]
2023-07-16 23:55:05.015 [info] > git for-each-ref --format=%(refname)%00%(upstream:short)%00%(objectname)%00%(upstream:track)%00%(upstream:remotename)%00%(upstream:remoteref) refs/heads/master refs/remotes/master [0ms]
2023-07-16 23:55:10.027 [info] > git remote --verbose [5ms]
2023-07-16 23:55:10.027 [info] > git for-each-ref --sort -committerdate --format %(refname) %(objectname) %(*objectname) [7ms]
2023-07-16 23:55:10.027 [info] > git status -z -uall [3ms]
2023-07-16 23:55:10.027 [info] > git config --get commit.template [0ms]
2023-07-16 23:55:10.031 [info] > git for-each-ref --format=%(refname)%00%(upstream:short)%00%(objectname)%00%(upstream:track)%00%(upstream:remotename)%00%(upstream:remoteref) refs/heads/master refs/remotes/master [1ms]
2023-07-16 23:55:15.041 [info] > git remote --verbose [4ms]
2023-07-16 23:55:15.041 [info] > git for-each-ref --sort -committerdate --format %(refname) %(objectname) %(*objectname) [6ms]
2023-07-16 23:55:15.042 [info] > git status -z -uall [3ms]
2023-07-16 23:55:15.042 [info] > git config --get commit.template [1ms]
2023-07-16 23:55:15.044 [info] > git for-each-ref --format=%(refname)%00%(upstream:short)%00%(objectname)%00%(upstream:track)%00%(upstream:remotename)%00%(upstream:remoteref) refs/heads/master refs/remotes/master [0ms]
2023-07-16 23:55:20.186 [info] > git remote --verbose [5ms]
2023-07-16 23:55:20.186 [info] > git for-each-ref --sort -committerdate --format %(refname) %(objectname) %(*objectname) [7ms]
2023-07-16 23:55:20.186 [info] > git status -z -uall [3ms]
2023-07-16 23:55:20.186 [info] > git config --get commit.template [0ms]
2023-07-16 23:55:20.189 [info] > git for-each-ref --format=%(refname)%00%(upstream:short)%00%(objectname)%00%(upstream:track)%00%(upstream:remotename)%00%(upstream:remoteref) refs/heads/master refs/remotes/master [0ms]
2023-07-16 23:55:25.199 [info] > git remote --verbose [4ms]
2023-07-16 23:55:25.199 [info] > git for-each-ref --sort -committerdate --format %(refname) %(objectname) %(*objectname) [6ms]
2023-07-16 23:55:25.199 [info] > git config --get commit.template [0ms]
2023-07-16 23:55:25.199 [info] > git status -z -uall [2ms]
2023-07-16 23:55:25.202 [info] > git for-each-ref --format=%(refname)%00%(upstream:short)%00%(objectname)%00%(upstream:track)%00%(upstream:remotename)%00%(upstream:remoteref) refs/heads/master refs/remotes/master [0ms]
2023-07-16 23:55:41.612 [info] > git remote --verbose [4ms]
2023-07-16 23:55:41.612 [info] > git for-each-ref --sort -committerdate --format %(refname) %(objectname) %(*objectname) [6ms]
2023-07-16 23:55:41.613 [info] > git status -z -uall [3ms]
2023-07-16 23:55:41.613 [info] > git config --get commit.template [1ms]
2023-07-16 23:55:41.615 [info] > git for-each-ref --format=%(refname)%00%(upstream:short)%00%(objectname)%00%(upstream:track)%00%(upstream:remotename)%00%(upstream:remoteref) refs/heads/master refs/remotes/master [0ms]
2023-07-16 23:55:46.626 [info] > git remote --verbose [5ms]
2023-07-16 23:55:46.626 [info] > git for-each-ref --sort -committerdate --format %(refname) %(objectname) %(*objectname) [7ms]
2023-07-16 23:55:46.626 [info] > git status -z -uall [3ms]
2023-07-16 23:55:46.626 [info] > git config --get commit.template [0ms]
2023-07-16 23:55:46.629 [info] > git for-each-ref --format=%(refname)%00%(upstream:short)%00%(objectname)%00%(upstream:track)%00%(upstream:remotename)%00%(upstream:remoteref) refs/heads/master refs/remotes/master [1ms]
2023-07-16 23:56:02.205 [info] > git rev-parse --show-toplevel [2ms]
2023-07-16 23:56:24.035 [info] > git remote --verbose [5ms]
2023-07-16 23:56:24.035 [info] > git for-each-ref --sort -committerdate --format %(refname) %(objectname) %(*objectname) [7ms]
2023-07-16 23:56:24.035 [info] > git config --get commit.template [0ms]
2023-07-16 23:56:24.037 [info] > git status -z -uall [5ms]
2023-07-16 23:56:24.038 [info] > git for-each-ref --format=%(refname)%00%(upstream:short)%00%(objectname)%00%(upstream:track)%00%(upstream:remotename)%00%(upstream:remoteref) refs/heads/master refs/remotes/master [1ms]
2023-07-16 23:56:29.051 [info] > git status -z -uall [2ms]
2023-07-16 23:56:29.051 [info] > git remote --verbose [6ms]
2023-07-16 23:56:29.051 [info] > git for-each-ref --sort -committerdate --format %(refname) %(objectname) %(*objectname) [9ms]
2023-07-16 23:56:29.051 [info] > git config --get commit.template [1ms]
2023-07-16 23:56:29.054 [info] > git for-each-ref --format=%(refname)%00%(upstream:short)%00%(objectname)%00%(upstream:track)%00%(upstream:remotename)%00%(upstream:remoteref) refs/heads/master refs/remotes/master [1ms]
2023-07-16 23:56:34.065 [info] > git status -z -uall [2ms]
2023-07-16 23:56:34.065 [info] > git remote --verbose [4ms]
2023-07-16 23:56:34.066 [info] > git for-each-ref --sort -committerdate --format %(refname) %(objectname) %(*objectname) [8ms]
2023-07-16 23:56:34.066 [info] > git config --get commit.template [1ms]
2023-07-16 23:56:34.068 [info] > git for-each-ref --format=%(refname)%00%(upstream:short)%00%(objectname)%00%(upstream:track)%00%(upstream:remotename)%00%(upstream:remoteref) refs/heads/master refs/remotes/master [0ms]
2023-07-16 23:57:46.334 [info] > git show --textconv :bin/test/iommu-groups.sh [4ms]
2023-07-16 23:57:46.334 [info] > git ls-files --stage -- /home/n30/.dotfiles/bin/test/iommu-groups.sh [1ms]
2023-07-16 23:57:48.078 [info] > git rev-parse --show-toplevel [0ms]
2023-07-16 23:57:50.062 [info] > git show --textconv :bin/videowallpaper-change [3ms]
2023-07-16 23:57:50.062 [info] > git ls-files --stage -- /home/n30/.dotfiles/bin/videowallpaper-change [0ms]
2023-07-16 23:57:50.065 [info] > git cat-file -s 4a72ba25014b1095d39945b7fbe08ef04a3e7415 [1ms]
2023-07-16 23:58:12.654 [info] > git status -z -uall [4ms]
2023-07-16 23:58:12.654 [info] > git remote --verbose [7ms]
2023-07-16 23:58:12.654 [info] > git for-each-ref --sort -committerdate --format %(refname) %(objectname) %(*objectname) [10ms]
2023-07-16 23:58:12.654 [info] > git config --get commit.template [1ms]
2023-07-16 23:58:12.658 [info] > git for-each-ref --format=%(refname)%00%(upstream:short)%00%(objectname)%00%(upstream:track)%00%(upstream:remotename)%00%(upstream:remoteref) refs/heads/master refs/remotes/master [1ms]
2023-07-16 23:58:24.825 [info] > git remote --verbose [4ms]
2023-07-16 23:58:24.826 [info] > git for-each-ref --sort -committerdate --format %(refname) %(objectname) %(*objectname) [8ms]
2023-07-16 23:58:24.826 [info] > git status -z -uall [3ms]
2023-07-16 23:58:24.826 [info] > git config --get commit.template [1ms]
2023-07-16 23:58:24.829 [info] > git for-each-ref --format=%(refname)%00%(upstream:short)%00%(objectname)%00%(upstream:track)%00%(upstream:remotename)%00%(upstream:remoteref) refs/heads/master refs/remotes/master [1ms]
2023-07-16 23:59:38.021 [info] > git remote --verbose [5ms]
2023-07-16 23:59:38.021 [info] > git for-each-ref --sort -committerdate --format %(refname) %(objectname) %(*objectname) [7ms]
2023-07-16 23:59:38.021 [info] > git status -z -uall [3ms]
2023-07-16 23:59:38.021 [info] > git config --get commit.template [0ms]
2023-07-16 23:59:38.024 [info] > git for-each-ref --format=%(refname)%00%(upstream:short)%00%(objectname)%00%(upstream:track)%00%(upstream:remotename)%00%(upstream:remoteref) refs/heads/master refs/remotes/master [0ms]
2023-07-16 23:59:57.958 [info] > git status -z -uall [3ms]
2023-07-16 23:59:57.958 [info] > git remote --verbose [5ms]
2023-07-16 23:59:57.958 [info] > git for-each-ref --sort -committerdate --format %(refname) %(objectname) %(*objectname) [8ms]
2023-07-16 23:59:57.958 [info] > git config --get commit.template [0ms]
2023-07-16 23:59:57.961 [info] > git for-each-ref --format=%(refname)%00%(upstream:short)%00%(objectname)%00%(upstream:track)%00%(upstream:remotename)%00%(upstream:remoteref) refs/heads/master refs/remotes/master [0ms]
2023-07-17 00:00:29.062 [info] > git remote --verbose [5ms]
2023-07-17 00:00:29.062 [info] > git for-each-ref --sort -committerdate --format %(refname) %(objectname) %(*objectname) [7ms]
2023-07-17 00:00:29.062 [info] > git status -z -uall [3ms]
2023-07-17 00:00:29.062 [info] > git config --get commit.template [1ms]
2023-07-17 00:00:29.065 [info] > git for-each-ref --format=%(refname)%00%(upstream:short)%00%(objectname)%00%(upstream:track)%00%(upstream:remotename)%00%(upstream:remoteref) refs/heads/master refs/remotes/master [1ms]
2023-07-17 00:01:28.968 [info] > git remote --verbose [5ms]
2023-07-17 00:01:28.968 [info] > git for-each-ref --sort -committerdate --format %(refname) %(objectname) %(*objectname) [7ms]
2023-07-17 00:01:28.968 [info] > git status -z -uall [2ms]
2023-07-17 00:01:28.968 [info] > git config --get commit.template [0ms]
2023-07-17 00:01:28.971 [info] > git for-each-ref --format=%(refname)%00%(upstream:short)%00%(objectname)%00%(upstream:track)%00%(upstream:remotename)%00%(upstream:remoteref) refs/heads/master refs/remotes/master [1ms]
2023-07-17 00:01:29.064 [info] > git ls-files --stage -- /home/n30/.dotfiles/bin/videowallpaper-change [1ms]
2023-07-17 00:01:29.067 [info] > git cat-file -s 211fb1b850443ed231bab18581924363e4100f71 [1ms]
2023-07-17 00:01:29.072 [info] > git show --textconv :bin/videowallpaper-change [0ms]
2023-07-17 00:06:19.133 [info] > git remote --verbose [4ms]
2023-07-17 00:06:19.133 [info] > git for-each-ref --sort -committerdate --format %(refname) %(objectname) %(*objectname) [8ms]
2023-07-17 00:06:19.133 [info] > git status -z -uall [3ms]
2023-07-17 00:06:19.133 [info] > git config --get commit.template [1ms]
2023-07-17 00:06:19.136 [info] > git for-each-ref --format=%(refname)%00%(upstream:short)%00%(objectname)%00%(upstream:track)%00%(upstream:remotename)%00%(upstream:remoteref) refs/heads/master refs/remotes/master [1ms]
2023-07-17 00:11:28.922 [info] > git remote --verbose [4ms]
2023-07-17 00:11:28.922 [info] > git for-each-ref --sort -committerdate --format %(refname) %(objectname) %(*objectname) [7ms]
2023-07-17 00:11:28.922 [info] > git status -z -uall [2ms]
2023-07-17 00:11:28.923 [info] > git config --get commit.template [0ms]
2023-07-17 00:11:28.925 [info] > git for-each-ref --format=%(refname)%00%(upstream:short)%00%(objectname)%00%(upstream:track)%00%(upstream:remotename)%00%(upstream:remoteref) refs/heads/master refs/remotes/master [0ms]
2023-07-17 00:15:41.850 [info] > git status -z -uall [3ms]
2023-07-17 00:15:41.850 [info] > git remote --verbose [5ms]
2023-07-17 00:15:41.850 [info] > git for-each-ref --sort -committerdate --format %(refname) %(objectname) %(*objectname) [8ms]
2023-07-17 00:15:41.850 [info] > git config --get commit.template [0ms]
2023-07-17 00:15:41.853 [info] > git for-each-ref --format=%(refname)%00%(upstream:short)%00%(objectname)%00%(upstream:track)%00%(upstream:remotename)%00%(upstream:remoteref) refs/heads/master refs/remotes/master [0ms]
2023-07-17 00:15:46.865 [info] > git remote --verbose [4ms]
2023-07-17 00:15:46.865 [info] > git for-each-ref --sort -committerdate --format %(refname) %(objectname) %(*objectname) [7ms]
2023-07-17 00:15:46.865 [info] > git status -z -uall [2ms]
2023-07-17 00:15:46.865 [info] > git config --get commit.template [0ms]
2023-07-17 00:15:46.868 [info] > git for-each-ref --format=%(refname)%00%(upstream:short)%00%(objectname)%00%(upstream:track)%00%(upstream:remotename)%00%(upstream:remoteref) refs/heads/master refs/remotes/master [1ms]
2023-07-17 00:19:44.674 [info] > git status -z -uall [3ms]
2023-07-17 00:19:44.675 [info] > git remote --verbose [6ms]
2023-07-17 00:19:44.675 [info] > git for-each-ref --sort -committerdate --format %(refname) %(objectname) %(*objectname) [9ms]
2023-07-17 00:19:44.675 [info] > git config --get commit.template [1ms]
2023-07-17 00:19:44.678 [info] > git for-each-ref --format=%(refname)%00%(upstream:short)%00%(objectname)%00%(upstream:track)%00%(upstream:remotename)%00%(upstream:remoteref) refs/heads/master refs/remotes/master [1ms]
