
2022/08/28 (20:12:19) | ===> btop++ v.1.2.8
2022/08/28 (20:12:19) | ERROR: Invalid hex value: #FEE6F8

2022/09/01 (17:35:38) | ===> btop++ v.1.2.9
2022/09/01 (17:35:38) | ERROR: Invalid RGB decimal value: "15121c"

2022/09/03 (10:40:09) | ===> btop++ v.1.2.9
2022/09/03 (10:40:09) | ERROR: No tty detected!
btop++ needs an interactive shell to run.

2022/09/03 (10:40:26) | ===> btop++ v.1.2.9
2022/09/03 (10:40:26) | ERROR: No tty detected!
btop++ needs an interactive shell to run.

2022/09/27 (02:05:05) | ===> btop++ v.1.2.9
2022/09/27 (02:05:05) | ERROR: Invalid RGB decimal value: "ba1a84"
2022/09/27 (02:05:06) | ERROR: Invalid RGB decimal value: "ba1a84"

2023/01/29 (13:34:02) | ===> btop++ v.1.2.13
2023/01/29 (13:34:02) | ERROR: Invalid hex value:  Main text color
2023/01/29 (13:34:11) | ERROR: Invalid hex value:  Main text color
2023/01/29 (13:36:02) | ERROR: Invalid hex value:  Main text color

2023/02/02 (23:42:40) | ===> btop++ v.1.2.13
2023/02/02 (23:42:40) | ERROR: Invalid hex value:  Main text color

2023/02/03 (08:40:43) | ===> btop++ v.1.2.13
2023/02/03 (08:40:43) | ERROR: Invalid hex value:  Main text color

2023/02/03 (14:35:23) | ===> btop++ v.1.2.13
2023/02/03 (14:35:23) | ERROR: Invalid hex value:  Main text color

2023/02/04 (14:57:49) | ===> btop++ v.1.2.13
2023/02/04 (14:57:49) | ERROR: Invalid hex value:  Main text color

2023/02/04 (16:00:20) | ===> btop++ v.1.2.13
2023/02/04 (16:00:20) | ERROR: Failed to get size of terminal!

2023/02/04 (18:44:51) | ===> btop++ v.1.2.13
2023/02/04 (18:44:51) | ERROR: Failed to get size of terminal!

2023/02/04 (20:06:40) | ===> btop++ v.1.2.13
2023/02/04 (20:06:40) | ERROR: Invalid hex value:  Main text color

2023/02/05 (18:58:41) | ===> btop++ v.1.2.13
2023/02/05 (18:58:41) | ERROR: Invalid hex value:  Main text color

2023/02/05 (19:30:53) | ===> btop++ v.1.2.13
2023/02/05 (19:30:53) | ERROR: Invalid hex value:  Main text color

2023/02/06 (21:08:44) | ===> btop++ v.1.2.13
2023/02/06 (21:08:44) | ERROR: Invalid hex value:  Main text color

2023/02/06 (21:21:43) | ===> btop++ v.1.2.13
2023/02/06 (21:21:43) | ERROR: Invalid hex value:  Main text color

2023/02/07 (19:40:22) | ===> btop++ v.1.2.13
2023/02/07 (19:40:22) | ERROR: Invalid hex value:  Main text color

2023/02/10 (19:25:31) | ===> btop++ v.1.2.13
2023/02/10 (19:25:31) | ERROR: Invalid hex value:  Main text color

2023/02/12 (15:16:26) | ===> btop++ v.1.2.13
2023/02/12 (15:16:26) | ERROR: Invalid hex value:  Main text color

2023/02/14 (15:43:53) | ===> btop++ v.1.2.13
2023/02/14 (15:43:53) | ERROR: Invalid hex value:  Main text color

2023/02/14 (18:40:53) | ===> btop++ v.1.2.13
2023/02/14 (18:40:53) | ERROR: Invalid hex value:  Main text color

2023/02/19 (20:29:53) | ===> btop++ v.1.2.13
2023/02/19 (20:29:53) | ERROR: Invalid hex value:  Main text color

2023/02/19 (21:32:32) | ===> btop++ v.1.2.13
2023/02/19 (21:32:32) | ERROR: Invalid hex value:  Main text color

2023/02/21 (21:30:09) | ===> btop++ v.1.2.13
2023/02/21 (21:30:09) | ERROR: Invalid hex value:  Main text color

2023/02/25 (21:12:20) | ===> btop++ v.1.2.13
2023/02/25 (21:12:20) | ERROR: Invalid hex value:  Main text color

2023/03/09 (17:28:30) | ===> btop++ v.1.2.13
2023/03/09 (17:28:30) | ERROR: Invalid hex value:  Main text color

2023/03/09 (20:46:03) | ===> btop++ v.1.2.13
2023/03/09 (20:46:03) | ERROR: Invalid hex value:  Main text color

2023/03/12 (21:18:21) | ===> btop++ v.1.2.13
2023/03/12 (21:18:21) | ERROR: Invalid hex value:  Main text color

2023/03/14 (21:50:23) | ===> btop++ v.1.2.13
2023/03/14 (21:50:23) | ERROR: Invalid hex value:  Main text color

2023/03/15 (12:29:14) | ===> btop++ v.1.2.13
2023/03/15 (12:29:14) | ERROR: Invalid hex value:  Main text color

2023/03/18 (19:10:14) | ===> btop++ v.1.2.13
2023/03/18 (19:10:14) | ERROR: Invalid hex value:  Main text color

2023/03/22 (19:45:20) | ===> btop++ v.1.2.13
2023/03/22 (19:45:20) | ERROR: Invalid hex value:  Main text color

2023/03/28 (23:23:26) | ===> btop++ v.1.2.13
2023/03/28 (23:23:26) | ERROR: Invalid hex value:  Main text color

2023/04/01 (18:10:00) | ===> btop++ v.1.2.13
2023/04/01 (18:10:00) | ERROR: Invalid hex value:  Main text color

2023/04/02 (13:50:28) | ===> btop++ v.1.2.13
2023/04/02 (13:50:28) | ERROR: Invalid hex value:  Main text color

2023/04/02 (17:20:20) | ===> btop++ v.1.2.13
2023/04/02 (17:20:20) | ERROR: Invalid hex value:  Main text color

2023/04/03 (00:25:08) | ===> btop++ v.1.2.13
2023/04/03 (00:25:08) | ERROR: Invalid hex value:  Main text color

2023/04/03 (09:38:46) | ===> btop++ v.1.2.13
2023/04/03 (09:38:46) | ERROR: Invalid hex value:  Main text color

2023/04/03 (23:57:12) | ===> btop++ v.1.2.13
2023/04/03 (23:57:12) | ERROR: Invalid hex value:  Main text color

2023/04/03 (23:59:07) | ===> btop++ v.1.2.13
2023/04/03 (23:59:07) | ERROR: Invalid hex value:  Main text color

2023/04/03 (23:59:22) | ===> btop++ v.1.2.13
2023/04/03 (23:59:22) | ERROR: Invalid hex value:  Main text color

2023/04/04 (20:33:53) | ===> btop++ v.1.2.13
2023/04/04 (20:33:53) | ERROR: Invalid hex value:  Main text color

2023/04/05 (10:05:30) | ===> btop++ v.1.2.13
2023/04/05 (10:05:30) | ERROR: Invalid hex value:  Main text color

2023/04/05 (17:15:08) | ===> btop++ v.1.2.13
2023/04/05 (17:15:08) | ERROR: Invalid hex value:  Main text color

2023/04/05 (17:46:22) | ===> btop++ v.1.2.13
2023/04/05 (17:46:22) | ERROR: Invalid hex value:  Main text color

2023/04/05 (19:40:53) | ===> btop++ v.1.2.13
2023/04/05 (19:40:53) | ERROR: Invalid hex value:  Main text color

2023/04/05 (21:42:16) | ===> btop++ v.1.2.13
2023/04/05 (21:42:16) | ERROR: Invalid hex value:  Main text color

2023/04/06 (10:16:54) | ===> btop++ v.1.2.13
2023/04/06 (10:16:54) | ERROR: Invalid hex value:  Main text color

2023/04/06 (16:05:44) | ===> btop++ v.1.2.13
2023/04/06 (16:05:44) | ERROR: Invalid hex value:  Main text color

2023/04/07 (10:01:47) | ===> btop++ v.1.2.13
2023/04/07 (10:01:47) | ERROR: Invalid hex value:  Main text color

2023/04/09 (23:10:30) | ===> btop++ v.1.2.13
2023/04/09 (23:10:30) | ERROR: Invalid hex value:  Main text color

2023/04/10 (18:18:00) | ===> btop++ v.1.2.13
2023/04/10 (18:18:00) | ERROR: Invalid hex value:  Main text color

2023/04/10 (20:57:01) | ===> btop++ v.1.2.13
2023/04/10 (20:57:01) | ERROR: Invalid hex value:  Main text color

2023/04/10 (21:33:55) | ===> btop++ v.1.2.13
2023/04/10 (21:33:55) | ERROR: Invalid hex value:  Main text color

2023/04/10 (21:38:02) | ===> btop++ v.1.2.13
2023/04/10 (21:38:02) | ERROR: Invalid hex value:  Main text color

2023/04/11 (00:06:51) | ===> btop++ v.1.2.13
2023/04/11 (00:06:51) | ERROR: Invalid hex value:  Main text color

2023/04/11 (00:07:57) | ===> btop++ v.1.2.13
2023/04/11 (00:07:57) | ERROR: Invalid hex value:  Main text color

2023/04/11 (00:40:48) | ===> btop++ v.1.2.13
2023/04/11 (00:40:48) | ERROR: Invalid hex value:  Main text color

2023/04/11 (11:47:47) | ===> btop++ v.1.2.13
2023/04/11 (11:47:47) | ERROR: Invalid hex value:  Main text color

2023/04/12 (21:12:43) | ===> btop++ v.1.2.13
2023/04/12 (21:12:43) | ERROR: Invalid hex value:  Main text color

2023/04/13 (23:23:04) | ===> btop++ v.1.2.13
2023/04/13 (23:23:04) | ERROR: Invalid hex value:  Main text color

2023/04/14 (10:44:34) | ===> btop++ v.1.2.13
2023/04/14 (10:44:34) | ERROR: Invalid hex value:  Main text color

2023/04/15 (09:39:53) | ===> btop++ v.1.2.13
2023/04/15 (09:39:53) | ERROR: Invalid hex value:  Main text color

2023/04/15 (23:23:20) | ===> btop++ v.1.2.13
2023/04/15 (23:23:20) | ERROR: Invalid hex value:  Main text color

2023/04/16 (13:33:03) | ===> btop++ v.1.2.13
2023/04/16 (13:33:03) | ERROR: Invalid hex value:  Main text color

2023/04/16 (15:49:48) | ===> btop++ v.1.2.13
2023/04/16 (15:49:48) | ERROR: Invalid hex value:  Main text color

2023/04/17 (08:38:17) | ===> btop++ v.1.2.13
2023/04/17 (08:38:17) | ERROR: Invalid hex value:  Main text color

2023/04/18 (11:46:18) | ===> btop++ v.1.2.13
2023/04/18 (11:46:18) | ERROR: Invalid hex value:  Main text color

2023/04/19 (09:28:06) | ===> btop++ v.1.2.13
2023/04/19 (09:28:06) | ERROR: Invalid hex value:  Main text color

2023/04/20 (16:08:16) | ===> btop++ v.1.2.13
2023/04/20 (16:08:16) | ERROR: Invalid hex value:  Main text color

2023/04/21 (09:20:27) | ===> btop++ v.1.2.13
2023/04/21 (09:20:27) | ERROR: Invalid hex value:  Main text color

2023/04/22 (09:42:53) | ===> btop++ v.1.2.13
2023/04/22 (09:42:53) | ERROR: Invalid hex value:  Main text color

2023/04/23 (17:35:48) | ===> btop++ v.1.2.13
2023/04/23 (17:35:48) | ERROR: Invalid hex value:  Main text color

2023/04/24 (10:40:22) | ===> btop++ v.1.2.13
2023/04/24 (10:40:22) | ERROR: Invalid hex value:  Main text color

2023/04/25 (08:16:55) | ===> btop++ v.1.2.13
2023/04/25 (08:16:55) | ERROR: Invalid hex value:  Main text color

2023/04/25 (21:10:27) | ===> btop++ v.1.2.13
2023/04/25 (21:10:27) | ERROR: Invalid hex value:  Main text color

2023/04/25 (21:54:11) | ===> btop++ v.1.2.13
2023/04/25 (21:54:11) | ERROR: Invalid hex value:  Main text color

2023/04/26 (10:07:03) | ===> btop++ v.1.2.13
2023/04/26 (10:07:03) | ERROR: Invalid hex value:  Main text color

2023/04/26 (11:22:00) | ===> btop++ v.1.2.13
2023/04/26 (11:22:00) | ERROR: Invalid hex value:  Main text color

2023/04/26 (11:35:23) | ===> btop++ v.1.2.13
2023/04/26 (11:35:23) | ERROR: Invalid hex value:  Main text color

2023/04/26 (11:45:59) | ===> btop++ v.1.2.13
2023/04/26 (11:45:59) | ERROR: Invalid hex value:  Main text color

2023/04/26 (11:50:08) | ===> btop++ v.1.2.13
2023/04/26 (11:50:08) | ERROR: Invalid hex value:  Main text color

2023/04/26 (12:00:17) | ===> btop++ v.1.2.13
2023/04/26 (12:00:17) | ERROR: Invalid hex value:  Main text color

2023/04/26 (12:01:28) | ===> btop++ v.1.2.13
2023/04/26 (12:01:28) | ERROR: Invalid hex value:  Main text color

2023/04/26 (12:04:47) | ===> btop++ v.1.2.13
2023/04/26 (12:04:47) | ERROR: Invalid hex value:  Main text color

2023/04/26 (12:08:31) | ===> btop++ v.1.2.13
2023/04/26 (12:08:31) | ERROR: Invalid hex value:  Main text color

2023/04/26 (14:41:12) | ===> btop++ v.1.2.13
2023/04/26 (14:41:12) | ERROR: Invalid hex value:  Main text color

2023/04/27 (07:59:08) | ===> btop++ v.1.2.13
2023/04/27 (07:59:08) | ERROR: Invalid hex value:  Main text color

2023/04/27 (17:53:43) | ===> btop++ v.1.2.13
2023/04/27 (17:53:43) | ERROR: Invalid hex value:  Main text color

2023/04/28 (19:25:28) | ===> btop++ v.1.2.13
2023/04/28 (19:25:28) | ERROR: Invalid hex value:  Main text color

2023/04/29 (08:56:38) | ===> btop++ v.1.2.13
2023/04/29 (08:56:38) | ERROR: Invalid hex value:  Main text color

2023/04/29 (21:33:34) | ===> btop++ v.1.2.13
2023/04/29 (21:33:34) | ERROR: Invalid hex value:  Main text color

2023/04/29 (21:35:55) | ===> btop++ v.1.2.13
2023/04/29 (21:35:55) | ERROR: Invalid hex value:  Main text color

2023/04/30 (10:18:59) | ===> btop++ v.1.2.13
2023/04/30 (10:18:59) | ERROR: Invalid hex value:  Main text color

2023/04/30 (12:48:08) | ===> btop++ v.1.2.13
2023/04/30 (12:48:08) | ERROR: Invalid hex value:  Main text color

2023/04/30 (12:49:23) | ===> btop++ v.1.2.13
2023/04/30 (12:49:23) | ERROR: Invalid hex value:  Main text color

2023/04/30 (14:25:16) | ===> btop++ v.1.2.13
2023/04/30 (14:25:16) | ERROR: Invalid hex value:  Main text color

2023/05/01 (09:26:31) | ===> btop++ v.1.2.13
2023/05/01 (09:26:31) | ERROR: Invalid hex value:  Main text color

2023/05/02 (11:19:29) | ===> btop++ v.1.2.13
2023/05/02 (11:19:29) | ERROR: Invalid hex value:  Main text color

2023/05/02 (17:28:05) | ===> btop++ v.1.2.13
2023/05/02 (17:28:05) | ERROR: Invalid hex value:  Main text color

2023/05/02 (21:33:45) | ===> btop++ v.1.2.13
2023/05/02 (21:33:45) | ERROR: Invalid hex value:  Main text color

2023/05/03 (08:54:34) | ===> btop++ v.1.2.13
2023/05/03 (08:54:34) | ERROR: Invalid hex value:  Main text color

2023/05/03 (09:40:47) | ===> btop++ v.1.2.13
2023/05/03 (09:40:47) | ERROR: Invalid hex value:  Main text color

2023/05/03 (10:23:40) | ===> btop++ v.1.2.13
2023/05/03 (10:23:40) | ERROR: Invalid hex value:  Main text color

2023/05/04 (09:34:44) | ===> btop++ v.1.2.13
2023/05/04 (09:34:44) | ERROR: Invalid hex value:  Main text color

2023/05/06 (17:02:14) | ===> btop++ v.1.2.13
2023/05/06 (17:02:14) | ERROR: Invalid hex value:  Main text color

2023/05/06 (17:59:38) | ===> btop++ v.1.2.13
2023/05/06 (17:59:38) | ERROR: Invalid hex value:  Main text color

2023/05/07 (10:30:41) | ===> btop++ v.1.2.13
2023/05/07 (10:30:41) | ERROR: Invalid hex value:  Main text color

2023/05/08 (00:12:13) | ===> btop++ v.1.2.13
2023/05/08 (00:12:13) | ERROR: Invalid hex value:  Main text color

2023/05/08 (00:13:23) | ===> btop++ v.1.2.13
2023/05/08 (00:13:23) | ERROR: Invalid hex value:  Main text color

2023/05/08 (00:14:25) | ===> btop++ v.1.2.13
2023/05/08 (00:14:25) | ERROR: Invalid hex value:  Main text color

2023/05/08 (00:14:36) | ===> btop++ v.1.2.13
2023/05/08 (00:14:36) | ERROR: Invalid hex value:  Main text color

2023/05/08 (00:51:39) | ===> btop++ v.1.2.13
2023/05/08 (00:51:39) | ERROR: Invalid hex value:  Main text color

2023/05/08 (00:51:50) | ===> btop++ v.1.2.13
2023/05/08 (00:51:50) | ERROR: Invalid hex value:  Main text color

2023/05/08 (08:33:27) | ===> btop++ v.1.2.13
2023/05/08 (08:33:27) | ERROR: Invalid hex value:  Main text color

2023/05/08 (14:22:19) | ===> btop++ v.1.2.13
2023/05/08 (14:22:19) | ERROR: Invalid hex value:  Main text color

2023/05/09 (13:29:51) | ===> btop++ v.1.2.13
2023/05/09 (13:29:51) | ERROR: Invalid hex value:  Main text color
2023/05/09 (15:10:30) | ERROR: Invalid hex value:  Main text color
2023/05/09 (15:10:35) | ERROR: Invalid hex value:  Main text color
2023/05/09 (15:11:51) | ERROR: Invalid hex value:  Main text color

2023/07/13 (18:01:22) | ===> btop++ v.1.2.13
2023/07/13 (18:01:23) | ERROR: Stall in Runner thread, restarting!
