2023-07-16 05:12:12.676 [info] Validating found git in: git
2023-07-16 05:12:12.676 [info] Using git 2.41.0 from git
2023-07-16 05:12:12.676 [info] > git rev-parse --show-toplevel [2ms]
2023-07-16 05:12:12.676 [info] > git rev-parse --git-dir --git-common-dir [3ms]
2023-07-16 05:12:12.676 [info] Log level: Info
2023-07-16 05:12:12.676 [info] Open repository: /home/n30/.dotfiles
2023-07-16 05:12:12.676 [info] > git status -z -uall [27ms]
2023-07-16 05:12:12.676 [info] > git rev-parse --show-toplevel [26ms]
2023-07-16 05:12:12.676 [info] > git remote --verbose [33ms]
2023-07-16 05:12:12.676 [info] > git for-each-ref --sort -committerdate --format %(refname) %(objectname) %(*objectname) [36ms]
2023-07-16 05:12:12.676 [info] > git rev-parse --show-toplevel [8ms]
2023-07-16 05:12:12.676 [info] > git config --get commit.template [36ms]
2023-07-16 05:12:12.676 [info] > git rev-parse --show-toplevel [4ms]
2023-07-16 05:12:12.676 [info] > git rev-parse --show-toplevel [3ms]
2023-07-16 05:12:12.676 [info] > git for-each-ref --format=%(refname)%00%(upstream:short)%00%(objectname)%00%(upstream:track)%00%(upstream:remotename)%00%(upstream:remoteref) refs/heads/master refs/remotes/master [4ms]
2023-07-16 05:12:12.676 [info] > git remote --verbose [6ms]
2023-07-16 05:12:12.676 [info] > git for-each-ref --sort -committerdate --format %(refname) %(objectname) %(*objectname) [8ms]
2023-07-16 05:12:12.676 [info] > git rev-parse --show-toplevel [15ms]
2023-07-16 05:12:12.676 [info] > git status -z -uall [7ms]
2023-07-16 05:12:12.676 [info] > git config --get commit.template [4ms]
2023-07-16 05:12:12.676 [info] > git rev-parse --show-toplevel [67ms]
2023-07-16 05:12:12.687 [info] > git rev-parse --show-toplevel [22ms]
2023-07-16 05:12:12.692 [info] > git rev-parse --show-toplevel [3ms]
2023-07-16 05:12:12.695 [info] > git for-each-ref --format=%(refname)%00%(upstream:short)%00%(objectname)%00%(upstream:track)%00%(upstream:remotename)%00%(upstream:remoteref) refs/heads/master refs/remotes/master [26ms]
2023-07-16 05:12:12.698 [info] > git rev-parse --show-toplevel [3ms]
2023-07-16 05:12:12.701 [info] > git rev-parse --show-toplevel [1ms]
2023-07-16 05:12:12.704 [info] > git rev-parse --show-toplevel [1ms]
2023-07-16 05:12:12.708 [info] > git rev-parse --show-toplevel [1ms]
2023-07-16 05:12:12.711 [info] > git rev-parse --show-toplevel [0ms]
2023-07-16 05:12:12.714 [info] > git rev-parse --show-toplevel [0ms]
2023-07-16 05:12:12.717 [info] > git rev-parse --show-toplevel [1ms]
2023-07-16 05:12:12.720 [info] > git rev-parse --show-toplevel [1ms]
2023-07-16 05:12:12.736 [info] > git rev-parse --show-toplevel [13ms]
2023-07-16 05:12:12.746 [info] > git rev-parse --show-toplevel [7ms]
2023-07-16 05:12:13.047 [info] > git show --textconv :wiki-wayland-0.9beta.md [5ms]
2023-07-16 05:12:13.047 [info] > git check-ignore -v -z --stdin [1ms]
2023-07-16 05:12:13.047 [info] > git ls-files --stage -- /home/n30/.dotfiles/wiki-wayland-0.9beta.md [3ms]
2023-07-16 05:12:13.050 [info] > git cat-file -s fb22febe0606b38b3d16e077835f2a77ecb61da0 [1ms]
2023-07-16 05:12:21.768 [info] > git status -z -uall [3ms]
2023-07-16 05:12:21.769 [info] > git remote --verbose [7ms]
2023-07-16 05:12:21.769 [info] > git for-each-ref --sort -committerdate --format %(refname) %(objectname) %(*objectname) [10ms]
2023-07-16 05:12:21.769 [info] > git config --get commit.template [1ms]
2023-07-16 05:12:21.774 [info] > git for-each-ref --format=%(refname)%00%(upstream:short)%00%(objectname)%00%(upstream:track)%00%(upstream:remotename)%00%(upstream:remoteref) refs/heads/master refs/remotes/master [0ms]
2023-07-15 23:13:37.025 [info] > git status -z -uall [3ms]
2023-07-15 23:13:37.025 [info] > git remote --verbose [6ms]
2023-07-15 23:13:37.025 [info] > git for-each-ref --sort -committerdate --format %(refname) %(objectname) %(*objectname) [8ms]
2023-07-15 23:13:37.026 [info] > git config --get commit.template [1ms]
2023-07-15 23:13:37.029 [info] > git for-each-ref --format=%(refname)%00%(upstream:short)%00%(objectname)%00%(upstream:track)%00%(upstream:remotename)%00%(upstream:remoteref) refs/heads/master refs/remotes/master [0ms]
2023-07-15 23:13:55.921 [info] > git status -z -uall [3ms]
2023-07-15 23:13:55.921 [info] > git remote --verbose [7ms]
2023-07-15 23:13:55.922 [info] > git for-each-ref --sort -committerdate --format %(refname) %(objectname) %(*objectname) [9ms]
2023-07-15 23:13:55.922 [info] > git config --get commit.template [1ms]
2023-07-15 23:13:55.926 [info] > git for-each-ref --format=%(refname)%00%(upstream:short)%00%(objectname)%00%(upstream:track)%00%(upstream:remotename)%00%(upstream:remoteref) refs/heads/master refs/remotes/master [1ms]
2023-07-15 23:20:03.667 [info] > git status -z -uall [3ms]
2023-07-15 23:20:03.667 [info] > git remote --verbose [6ms]
2023-07-15 23:20:03.668 [info] > git for-each-ref --sort -committerdate --format %(refname) %(objectname) %(*objectname) [9ms]
2023-07-15 23:20:03.668 [info] > git config --get commit.template [1ms]
2023-07-15 23:20:03.672 [info] > git for-each-ref --format=%(refname)%00%(upstream:short)%00%(objectname)%00%(upstream:track)%00%(upstream:remotename)%00%(upstream:remoteref) refs/heads/master refs/remotes/master [1ms]
2023-07-15 23:46:02.187 [info] > git remote --verbose [9ms]
2023-07-15 23:46:02.187 [info] > git for-each-ref --sort -committerdate --format %(refname) %(objectname) %(*objectname) [12ms]
2023-07-15 23:46:02.188 [info] > git config --get commit.template [2ms]
2023-07-15 23:46:02.192 [info] > git for-each-ref --format=%(refname)%00%(upstream:short)%00%(objectname)%00%(upstream:track)%00%(upstream:remotename)%00%(upstream:remoteref) refs/heads/master refs/remotes/master [1ms]
2023-07-15 23:46:02.210 [info] > git status -z -uall [28ms]
2023-07-15 23:46:45.102 [info] > git remote --verbose [5ms]
2023-07-15 23:46:45.102 [info] > git for-each-ref --sort -committerdate --format %(refname) %(objectname) %(*objectname) [7ms]
2023-07-15 23:46:45.103 [info] > git config --get commit.template [1ms]
2023-07-15 23:46:45.105 [info] > git status -z -uall [6ms]
2023-07-15 23:46:45.105 [info] > git for-each-ref --format=%(refname)%00%(upstream:short)%00%(objectname)%00%(upstream:track)%00%(upstream:remotename)%00%(upstream:remoteref) refs/heads/master refs/remotes/master [0ms]
2023-07-16 00:02:02.289 [info] > git remote --verbose [5ms]
2023-07-16 00:02:02.289 [info] > git for-each-ref --sort -committerdate --format %(refname) %(objectname) %(*objectname) [10ms]
2023-07-16 00:02:02.290 [info] > git config --get commit.template [3ms]
2023-07-16 00:02:02.294 [info] > git for-each-ref --format=%(refname)%00%(upstream:short)%00%(objectname)%00%(upstream:track)%00%(upstream:remotename)%00%(upstream:remoteref) refs/heads/master refs/remotes/master [0ms]
2023-07-16 00:02:02.311 [info] > git status -z -uall [27ms]
2023-07-16 00:43:38.266 [info] > git remote --verbose [7ms]
2023-07-16 00:43:38.267 [info] > git for-each-ref --sort -committerdate --format %(refname) %(objectname) %(*objectname) [11ms]
2023-07-16 00:43:38.267 [info] > git config --get commit.template [1ms]
2023-07-16 00:43:38.271 [info] > git for-each-ref --format=%(refname)%00%(upstream:short)%00%(objectname)%00%(upstream:track)%00%(upstream:remotename)%00%(upstream:remoteref) refs/heads/master refs/remotes/master [1ms]
2023-07-16 00:43:38.283 [info] > git status -z -uall [21ms]
