2023-07-16 14:51:42.659 [info] Validating found git in: git
2023-07-16 14:51:42.659 [info] Using git 2.41.0 from git
2023-07-16 14:51:42.659 [info] > git rev-parse --show-toplevel [2ms]
2023-07-16 14:51:42.659 [info] > git rev-parse --git-dir --git-common-dir [20ms]
2023-07-16 14:51:42.659 [info] Log level: Info
2023-07-16 14:51:42.659 [info] Open repository: /home/n30/.dotfiles
2023-07-16 14:51:42.659 [info] > git status -z -uall [18ms]
2023-07-16 14:51:42.659 [info] > git rev-parse --show-toplevel [14ms]
2023-07-16 14:51:42.659 [info] > git remote --verbose [26ms]
2023-07-16 14:51:42.659 [info] > git for-each-ref --sort -committerdate --format %(refname) %(objectname) %(*objectname) [30ms]
2023-07-16 14:51:42.659 [info] > git rev-parse --show-toplevel [2ms]
2023-07-16 14:51:42.660 [info] > git config --get commit.template [19ms]
2023-07-16 14:51:42.660 [info] > git rev-parse --show-toplevel [3ms]
2023-07-16 14:51:42.660 [info] > git for-each-ref --format=%(refname)%00%(upstream:short)%00%(objectname)%00%(upstream:track)%00%(upstream:remotename)%00%(upstream:remoteref) refs/heads/master refs/remotes/master [1ms]
2023-07-16 14:51:42.660 [info] > git rev-parse --show-toplevel [20ms]
2023-07-16 14:51:42.660 [info] > git status -z -uall [23ms]
2023-07-16 14:51:42.660 [info] > git remote --verbose [124ms]
2023-07-16 14:51:42.660 [info] > git for-each-ref --sort -committerdate --format %(refname) %(objectname) %(*objectname) [127ms]
2023-07-16 14:51:42.660 [info] > git config --get commit.template [124ms]
2023-07-16 14:51:42.660 [info] > git rev-parse --show-toplevel [129ms]
2023-07-16 14:51:42.660 [info] > git rev-parse --show-toplevel [1ms]
2023-07-16 14:51:42.660 [info] > git rev-parse --show-toplevel [7ms]
2023-07-16 14:51:42.660 [info] > git for-each-ref --format=%(refname)%00%(upstream:short)%00%(objectname)%00%(upstream:track)%00%(upstream:remotename)%00%(upstream:remoteref) refs/heads/master refs/remotes/master [17ms]
2023-07-16 14:51:42.662 [info] > git rev-parse --show-toplevel [12ms]
2023-07-16 14:51:42.668 [info] > git rev-parse --show-toplevel [1ms]
2023-07-16 14:51:42.701 [info] > git rev-parse --show-toplevel [28ms]
2023-07-16 14:51:42.769 [info] > git rev-parse --show-toplevel [64ms]
2023-07-16 14:51:42.808 [info] > git rev-parse --show-toplevel [34ms]
2023-07-16 14:51:42.818 [info] > git rev-parse --show-toplevel [7ms]
2023-07-16 14:51:42.833 [info] > git rev-parse --show-toplevel [9ms]
2023-07-16 14:51:42.843 [info] > git rev-parse --show-toplevel [6ms]
2023-07-16 14:51:42.848 [info] > git rev-parse --show-toplevel [1ms]
2023-07-16 14:51:42.868 [info] > git rev-parse --show-toplevel [1ms]
2023-07-16 14:51:42.874 [info] > git rev-parse --show-toplevel [0ms]
2023-07-16 14:51:42.881 [info] > git rev-parse --show-toplevel [1ms]
2023-07-16 14:51:42.888 [info] > git rev-parse --show-toplevel [1ms]
2023-07-16 14:51:42.961 [info] > git check-ignore -v -z --stdin [0ms]
2023-07-16 14:51:42.989 [info] > git show --textconv :wiki-wayland-0.9beta.md [3ms]
2023-07-16 14:51:42.989 [info] > git ls-files --stage -- /home/n30/.dotfiles/wiki-wayland-0.9beta.md [1ms]
2023-07-16 14:51:42.994 [info] > git cat-file -s fb22febe0606b38b3d16e077835f2a77ecb61da0 [2ms]
2023-07-16 14:51:47.265 [info] > git status -z -uall [3ms]
2023-07-16 14:51:47.265 [info] > git remote --verbose [6ms]
2023-07-16 14:51:47.266 [info] > git for-each-ref --sort -committerdate --format %(refname) %(objectname) %(*objectname) [9ms]
2023-07-16 14:51:47.266 [info] > git config --get commit.template [1ms]
2023-07-16 14:51:47.269 [info] > git for-each-ref --format=%(refname)%00%(upstream:short)%00%(objectname)%00%(upstream:track)%00%(upstream:remotename)%00%(upstream:remoteref) refs/heads/master refs/remotes/master [0ms]
